16:03:36 **** Incremental Build of configuration Debug2 for project Aurora ****
make all 
Building file: /home/dhkang/work/Aurora/aurora/src/sys/linux/az_sys_udev.c
Invoking: GCC C Compiler
gcc -Dlinux -D"BASE_FILENAME=\"az_sys_udev.c\"" -I"/home/dhkang/work/Aurora/aurora/inc" -I"/home/dhkang/work/Aurora/aurora/inc/sys" -I"/home/dhkang/work/Aurora/aurora/inc/sys/linux" -O0 -g3 -Wall -c -fmessage-length=0 -MMD -MP -MF"Sources/sys/linux/az_sys_udev.d" -MT"Sources/sys/linux/az_sys_udev.o" -o "Sources/sys/linux/az_sys_udev.o" "/home/dhkang/work/Aurora/aurora/src/sys/linux/az_sys_udev.c"
In file included from /home/dhkang/work/Aurora/aurora/inc/sys/linux/az_linux_def.h:69:0,
                 from /home/dhkang/work/Aurora/aurora/inc/az_sys_def.h:27,
                 from /home/dhkang/work/Aurora/aurora/inc/az_def.h:193,
                 from /home/dhkang/work/Aurora/aurora/src/sys/linux/az_sys_udev.c:23:
/home/dhkang/work/Aurora/aurora/inc/sys/linux/az_linux_fs.h: In function ‘az_sys_fs_copy’:
/home/dhkang/work/Aurora/aurora/inc/sys/linux/az_linux_fs.h:217:14: warning: implicit declaration of function ‘sendfile’ [-Wimplicit-function-declaration]
       wlen = sendfile(dst, src, &offset, 4096);
              ^
In file included from /home/dhkang/work/Aurora/aurora/inc/sys/linux/az_linux_mutex.h:26:0,
                 from /home/dhkang/work/Aurora/aurora/inc/sys/linux/az_linux_def.h:78,
                 from /home/dhkang/work/Aurora/aurora/inc/az_sys_def.h:27,
                 from /home/dhkang/work/Aurora/aurora/inc/az_def.h:193,
                 from /home/dhkang/work/Aurora/aurora/src/sys/linux/az_sys_udev.c:23:
/home/dhkang/work/Aurora/aurora/inc/sys/linux/az_linux_mutex.h: In function ‘az_sys_mutex_create’:
/home/dhkang/work/Aurora/aurora/inc/az_malloc.h:174:42: warning: passing argument 2 of ‘_az_malloc’ discards ‘const’ qualifier from pointer target type [-Wdiscarded-qualifiers]
 #define az_malloc(size) _az_malloc(size, __FUNCTION__, __LINE__)
                                          ^
/home/dhkang/work/Aurora/aurora/inc/sys/linux/az_linux_mutex.h:66:28: note: in expansion of macro ‘az_malloc’
     m = (pthread_mutex_t *)az_malloc(sizeof(pthread_mutex_t));
                            ^
/home/dhkang/work/Aurora/aurora/inc/az_malloc.h:175:43: note: expected ‘char *’ but argument is of type ‘const char *’
 static inline void az_attr_no_instrument *_az_malloc(size_t  size, char *funcname, int linenum)
                                           ^
/home/dhkang/work/Aurora/aurora/inc/sys/linux/az_linux_sem.h: In function ‘az_sys_sem_create’:
/home/dhkang/work/Aurora/aurora/inc/az_malloc.h:174:42: warning: passing argument 2 of ‘_az_malloc’ discards ‘const’ qualifier from pointer target type [-Wdiscarded-qualifiers]
 #define az_malloc(size) _az_malloc(size, __FUNCTION__, __LINE__)
                                          ^
/home/dhkang/work/Aurora/aurora/inc/sys/linux/az_linux_sem.h:67:18: note: in expansion of macro ‘az_malloc’
     m = (sem_t *)az_malloc(sizeof(sem_t));
                  ^
/home/dhkang/work/Aurora/aurora/inc/az_malloc.h:175:43: note: expected ‘char *’ but argument is of type ‘const char *’
 static inline void az_attr_no_instrument *_az_malloc(size_t  size, char *funcname, int linenum)
                                           ^
In file included from /home/dhkang/work/Aurora/aurora/inc/sys/linux/az_linux_def.h:127:0,
                 from /home/dhkang/work/Aurora/aurora/inc/az_sys_def.h:27,
                 from /home/dhkang/work/Aurora/aurora/inc/az_def.h:193,
                 from /home/dhkang/work/Aurora/aurora/src/sys/linux/az_sys_udev.c:23:
/home/dhkang/work/Aurora/aurora/inc/sys/linux/az_linux_event.h: In function ‘az_sys_iomux_add_ep’:
/home/dhkang/work/Aurora/aurora/inc/sys/linux/az_linux_event.h:377:10: warning: ‘return’ with a value, in function returning void
   return r;
          ^
/home/dhkang/work/Aurora/aurora/inc/sys/linux/az_linux_event.h: In function ‘az_sys_iomux_del_ep’:
/home/dhkang/work/Aurora/aurora/inc/sys/linux/az_linux_event.h:392:10: warning: ‘return’ with a value, in function returning void
   return r;
          ^
In file included from /home/dhkang/work/Aurora/aurora/inc/sys/linux/az_linux_mutex.h:26:0,
                 from /home/dhkang/work/Aurora/aurora/inc/sys/linux/az_linux_def.h:78,
                 from /home/dhkang/work/Aurora/aurora/inc/az_sys_def.h:27,
                 from /home/dhkang/work/Aurora/aurora/inc/az_def.h:193,
                 from /home/dhkang/work/Aurora/aurora/src/sys/linux/az_sys_udev.c:23:
/home/dhkang/work/Aurora/aurora/inc/sys/linux/az_linux_dllib.h: In function ‘az_sys_dllib_findBfdSymbol’:
/home/dhkang/work/Aurora/aurora/inc/az_malloc.h:174:42: warning: passing argument 2 of ‘_az_malloc’ discards ‘const’ qualifier from pointer target type [-Wdiscarded-qualifiers]
 #define az_malloc(size) _az_malloc(size, __FUNCTION__, __LINE__)
                                          ^
/home/dhkang/work/Aurora/aurora/inc/sys/linux/az_linux_dllib.h:120:28: note: in expansion of macro ‘az_malloc’
       az_symtab = symtab = az_malloc(nsize);
                            ^
/home/dhkang/work/Aurora/aurora/inc/az_malloc.h:175:43: note: expected ‘char *’ but argument is of type ‘const char *’
 static inline void az_attr_no_instrument *_az_malloc(size_t  size, char *funcname, int linenum)
                                           ^
In file included from /home/dhkang/work/Aurora/aurora/inc/sys/linux/az_linux_def.h:255:0,
                 from /home/dhkang/work/Aurora/aurora/inc/az_sys_def.h:27,
                 from /home/dhkang/work/Aurora/aurora/inc/az_def.h:193,
                 from /home/dhkang/work/Aurora/aurora/src/sys/linux/az_sys_udev.c:23:
/home/dhkang/work/Aurora/aurora/inc/sys/linux/az_linux_dllib.h: In function ‘az_sys_dllib_findBfdAddr2Name’:
/home/dhkang/work/Aurora/aurora/inc/sys/linux/az_linux_dllib.h:162:14: warning: assignment discards ‘const’ qualifier from pointer target type [-Wdiscarded-qualifiers]
         name = symtab[i]->name;
              ^
/home/dhkang/work/Aurora/aurora/src/sys/linux/az_sys_udev.c: In function ‘find_usb_mass_storage’:
/home/dhkang/work/Aurora/aurora/src/sys/linux/az_sys_udev.c:117:23: warning: initialization discards ‘const’ qualifier from pointer target type [-Wdiscarded-qualifiers]
     char *_idVendor = udev_device_get_sysattr_value(usb, "idVendor"); 
                       ^
/home/dhkang/work/Aurora/aurora/src/sys/linux/az_sys_udev.c:118:24: warning: initialization discards ‘const’ qualifier from pointer target type [-Wdiscarded-qualifiers]
     char *_idProduct = udev_device_get_sysattr_value(usb, "idProduct"); 
                        ^
/home/dhkang/work/Aurora/aurora/src/sys/linux/az_sys_udev.c: In function ‘az_sys_udevThread’:
/home/dhkang/work/Aurora/aurora/src/sys/linux/az_sys_udev.c:234:27: warning: assignment discards ‘const’ qualifier from pointer target type [-Wdiscarded-qualifiers]
               devnode_str = udev_device_get_devnode(partition);
                           ^
/home/dhkang/work/Aurora/aurora/src/sys/linux/az_sys_udev.c:249:23: warning: assignment discards ‘const’ qualifier from pointer target type [-Wdiscarded-qualifiers]
         subsystem_str = udev_device_get_subsystem(dev);
                       ^
/home/dhkang/work/Aurora/aurora/src/sys/linux/az_sys_udev.c:250:21: warning: assignment discards ‘const’ qualifier from pointer target type [-Wdiscarded-qualifiers]
         devtype_str = udev_device_get_devtype(dev);
                     ^
/home/dhkang/work/Aurora/aurora/src/sys/linux/az_sys_udev.c:251:20: warning: assignment discards ‘const’ qualifier from pointer target type [-Wdiscarded-qualifiers]
         action_str = udev_device_get_action(dev);
                    ^
/home/dhkang/work/Aurora/aurora/src/sys/linux/az_sys_udev.c:252:20: warning: assignment discards ‘const’ qualifier from pointer target type [-Wdiscarded-qualifiers]
         driver_str = udev_device_get_driver(dev);
                    ^
/home/dhkang/work/Aurora/aurora/src/sys/linux/az_sys_udev.c:253:21: warning: assignment discards ‘const’ qualifier from pointer target type [-Wdiscarded-qualifiers]
         devnode_str = udev_device_get_devnode(dev);
                     ^
/home/dhkang/work/Aurora/aurora/src/sys/linux/az_sys_udev.c:265:26: warning: assignment discards ‘const’ qualifier from pointer target type [-Wdiscarded-qualifiers]
                 idVendor = udev_device_get_sysattr_value(usb, "idVendor");
                          ^
/home/dhkang/work/Aurora/aurora/src/sys/linux/az_sys_udev.c:266:27: warning: assignment discards ‘const’ qualifier from pointer target type [-Wdiscarded-qualifiers]
                 idProduct =  udev_device_get_sysattr_value(usb, "idProduct");
                           ^
/home/dhkang/work/Aurora/aurora/src/sys/linux/az_sys_udev.c:370:1: warning: no return statement in function returning non-void [-Wreturn-type]
 }
 ^
In file included from /home/dhkang/work/Aurora/aurora/inc/sys/linux/az_linux_def.h:255:0,
                 from /home/dhkang/work/Aurora/aurora/inc/az_sys_def.h:27,
                 from /home/dhkang/work/Aurora/aurora/inc/az_def.h:193,
                 from /home/dhkang/work/Aurora/aurora/src/sys/linux/az_sys_udev.c:23:
/home/dhkang/work/Aurora/aurora/src/sys/linux/az_sys_udev.c: At top level:
/home/dhkang/work/Aurora/aurora/inc/sys/linux/az_linux_dllib.h:140:54: warning: ‘az_sys_dllib_findBfdAddr2Name’ defined but not used [-Wunused-function]
 static char __attribute__((no_instrument_function)) *az_sys_dllib_findBfdAddr2Name(az_ref_t addr) 
                                                      ^
In file included from /home/dhkang/work/Aurora/aurora/inc/sys/linux/az_linux_def.h:45:0,
                 from /home/dhkang/work/Aurora/aurora/inc/az_sys_def.h:27,
                 from /home/dhkang/work/Aurora/aurora/inc/az_def.h:193,
                 from /home/dhkang/work/Aurora/aurora/src/sys/linux/az_sys_udev.c:23:
/home/dhkang/work/Aurora/aurora/src/sys/linux/az_sys_udev.c: In function ‘az_sys_dllib_findBfdSymbol’:
/home/dhkang/work/Aurora/aurora/inc/sys/az_sys_printf.h:91:3: warning: ‘symtab’ may be used uninitialized in this function [-Wmaybe-uninitialized]
   printf(AZ_SYS_TIMESTAMP_FMT "[%s:%d] " fmt,tp->tm_hour, tp->tm_min, tp->tm_sec, (int)(_ts.tv_nsec/1000), __FUNCTION__, __LINE__, __VA_ARGS__); \
   ^
In file included from /home/dhkang/work/Aurora/aurora/inc/sys/linux/az_linux_def.h:255:0,
                 from /home/dhkang/work/Aurora/aurora/inc/az_sys_def.h:27,
                 from /home/dhkang/work/Aurora/aurora/inc/az_def.h:193,
                 from /home/dhkang/work/Aurora/aurora/src/sys/linux/az_sys_udev.c:23:
/home/dhkang/work/Aurora/aurora/inc/sys/linux/az_linux_dllib.h:95:13: note: ‘symtab’ was declared here
   asymbol **symtab;
             ^
In file included from /home/dhkang/work/Aurora/aurora/inc/sys/linux/az_linux_def.h:45:0,
                 from /home/dhkang/work/Aurora/aurora/inc/az_sys_def.h:27,
                 from /home/dhkang/work/Aurora/aurora/inc/az_def.h:193,
                 from /home/dhkang/work/Aurora/aurora/src/sys/linux/az_sys_udev.c:23:
/home/dhkang/work/Aurora/aurora/inc/sys/az_sys_printf.h:91:3: warning: ‘nsyms’ may be used uninitialized in this function [-Wmaybe-uninitialized]
   printf(AZ_SYS_TIMESTAMP_FMT "[%s:%d] " fmt,tp->tm_hour, tp->tm_min, tp->tm_sec, (int)(_ts.tv_nsec/1000), __FUNCTION__, __LINE__, __VA_ARGS__); \
   ^
In file included from /home/dhkang/work/Aurora/aurora/inc/sys/linux/az_linux_def.h:255:0,
                 from /home/dhkang/work/Aurora/aurora/inc/az_sys_def.h:27,
                 from /home/dhkang/work/Aurora/aurora/inc/az_def.h:193,
                 from /home/dhkang/work/Aurora/aurora/src/sys/linux/az_sys_udev.c:23:
/home/dhkang/work/Aurora/aurora/inc/sys/linux/az_linux_dllib.h:96:20: note: ‘nsyms’ was declared here
   az_size_t nsize, nsyms, i;
                    ^
Finished building: /home/dhkang/work/Aurora/aurora/src/sys/linux/az_sys_udev.c
 
Building target: libAurora.a
Invoking: GCC Archiver
ar -r  "libAurora.a"  ./Sources/util/az_addr2line.o ./Sources/util/az_options.o ./Sources/util/az_toStr.o  ./Sources/test/az_perf.o ./Sources/test/az_tc.o ./Sources/test/az_test.o ./Sources/test/az_test_event.o ./Sources/test/az_test_fsm.o ./Sources/test/az_test_iou.o ./Sources/test/az_test_main.o ./Sources/test/az_test_report.o ./Sources/test/az_test_watchpoint.o ./Sources/test/az_test_xu.o  ./Sources/sys/linux/az_sys.o ./Sources/sys/linux/az_sys_fs.o ./Sources/sys/linux/az_sys_init.o ./Sources/sys/linux/az_sys_preload.o ./Sources/sys/linux/az_sys_sig.o ./Sources/sys/linux/az_sys_timer.o ./Sources/sys/linux/az_sys_udev.o ./Sources/sys/linux/az_sys_xu.o  ./Sources/sys/az_dllib.o ./Sources/sys/az_fs.o ./Sources/sys/az_inet.o ./Sources/sys/az_mutex.o ./Sources/sys/az_sem.o ./Sources/sys/az_socket.o ./Sources/sys/az_timer.o  ./Sources/net/az_inetUtils.o ./Sources/net/az_tcpserver.o  ./Sources/log/az_log_dup.o  ./Sources/iou/az_iou_api.o ./Sources/iou/az_iou_msgq.o ./Sources/iou/az_iou_util.o  ./Sources/frw/az_frw.o ./Sources/frw/az_frw_cfg.o ./Sources/frw/az_frw_cmd.o ./Sources/frw/az_frw_fsm.o ./Sources/frw/az_main.o  ./Sources/diag/az_debug.o ./Sources/diag/az_diag_typeSize.o ./Sources/diag/az_mcheck.o ./Sources/diag/az_memdisp.o ./Sources/diag/az_probe.o ./Sources/diag/az_rstdio.o ./Sources/diag/az_trace.o  ./Sources/core/az_api.o ./Sources/core/az_array_toStr.o ./Sources/core/az_buffer_toStr.o ./Sources/core/az_core.o ./Sources/core/az_core_preload.o ./Sources/core/az_event.o ./Sources/core/az_event_bus.o ./Sources/core/az_fifo_toStr.o ./Sources/core/az_ion.o ./Sources/core/az_ion_toStr.o ./Sources/core/az_link_toStr.o ./Sources/core/az_log.o ./Sources/core/az_log_port.o ./Sources/core/az_log_util.o ./Sources/core/az_malloc.o ./Sources/core/az_malloc_preload.o ./Sources/core/az_msgq.o ./Sources/core/az_ring.o ./Sources/core/az_sighandle.o ./Sources/core/az_thread.o ./Sources/core/az_thread_cfg.o ./Sources/core/az_trz.o ./Sources/core/az_var.o ./Sources/core/az_ver.o ./Sources/core/az_xml.o  ./Sources/cli/az_cli.o ./Sources/cli/az_cli_cmd.o ./Sources/cli/az_cli_glue.o ./Sources/cli/az_cli_memdisp.o ./Sources/cli/az_cli_svr.o   
Finished building target: libAurora.a
 
make --no-print-directory post-build
copy libAurora to build directory
cp libAurora.a /home/dhkang/work/Aurora/build/linux/ecs_build/x86_64/Debug2/lib/
 

16:03:36 Build Finished (took 515ms)

