20:57:48 **** Build of configuration Debug for project auroraIT ****
make all 
Building file: /home/dhkang/work/Aurora/aurora/src/test/ut/abc.c
Invoking: GCC C Compiler
gcc -Dlinux -D"BASE_FILENAME=\"abc.c\"" -I"/home/dhkang/work/Aurora/aurora/inc" -I"/home/dhkang/work/Aurora/aurora/inc/sys" -I"/home/dhkang/work/Aurora/aurora/inc/sys/linux" -O0 -g3 -finstrument-functions -Wall -c -fmessage-length=0 -fsanitize=address -MMD -MP -MF"ut/abc.d" -MT"ut/abc.o" -o "ut/abc.o" "/home/dhkang/work/Aurora/aurora/src/test/ut/abc.c"
In file included from /home/dhkang/work/Aurora/aurora/inc/sys/linux/az_linux_def.h:122:0,
                 from /home/dhkang/work/Aurora/aurora/inc/az_sys_def.h:27,
                 from /home/dhkang/work/Aurora/aurora/inc/az_def.h:185,
                 from /home/dhkang/work/Aurora/aurora/inc/az_core.h:24,
                 from /home/dhkang/work/Aurora/aurora/inc/aurora.h:24,
                 from /home/dhkang/work/Aurora/aurora/src/test/ut/abc.c:22:
/home/dhkang/work/Aurora/aurora/inc/sys/linux/az_linux_fs.h: In function ‘az_sys_fs_copy’:
/home/dhkang/work/Aurora/aurora/inc/sys/linux/az_linux_fs.h:217:14: warning: implicit declaration of function ‘sendfile’ [-Wimplicit-function-declaration]
       wlen = sendfile(dst, src, &offset, 4096);
              ^
In file included from /home/dhkang/work/Aurora/aurora/inc/sys/linux/az_linux_def.h:180:0,
                 from /home/dhkang/work/Aurora/aurora/inc/az_sys_def.h:27,
                 from /home/dhkang/work/Aurora/aurora/inc/az_def.h:185,
                 from /home/dhkang/work/Aurora/aurora/inc/az_core.h:24,
                 from /home/dhkang/work/Aurora/aurora/inc/aurora.h:24,
                 from /home/dhkang/work/Aurora/aurora/src/test/ut/abc.c:22:
/home/dhkang/work/Aurora/aurora/inc/sys/linux/az_linux_event.h: In function ‘az_sys_iomux_add_ep’:
/home/dhkang/work/Aurora/aurora/inc/sys/linux/az_linux_event.h:373:10: warning: ‘return’ with a value, in function returning void
   return r;
          ^
/home/dhkang/work/Aurora/aurora/inc/sys/linux/az_linux_event.h: In function ‘az_sys_iomux_del_ep’:
/home/dhkang/work/Aurora/aurora/inc/sys/linux/az_linux_event.h:388:10: warning: ‘return’ with a value, in function returning void
   return r;
          ^
In file included from /home/dhkang/work/Aurora/aurora/inc/sys/linux/az_linux_def.h:305:0,
                 from /home/dhkang/work/Aurora/aurora/inc/az_sys_def.h:27,
                 from /home/dhkang/work/Aurora/aurora/inc/az_def.h:185,
                 from /home/dhkang/work/Aurora/aurora/inc/az_core.h:24,
                 from /home/dhkang/work/Aurora/aurora/inc/aurora.h:24,
                 from /home/dhkang/work/Aurora/aurora/src/test/ut/abc.c:22:
/home/dhkang/work/Aurora/aurora/inc/sys/linux/az_linux_dllib.h: In function ‘az_sys_dllib_findBfdAddr2Name’:
/home/dhkang/work/Aurora/aurora/inc/sys/linux/az_linux_dllib.h:161:14: warning: assignment discards ‘const’ qualifier from pointer target type [-Wdiscarded-qualifiers]
         name = symtab[i]->name;
              ^
In file included from /home/dhkang/work/Aurora/aurora/inc/az_core.h:32:0,
                 from /home/dhkang/work/Aurora/aurora/inc/aurora.h:24,
                 from /home/dhkang/work/Aurora/aurora/src/test/ut/abc.c:22:
/home/dhkang/work/Aurora/aurora/inc/az_string.h: In function ‘az_hexStringDecode’:
/home/dhkang/work/Aurora/aurora/inc/az_string.h:186:19: warning: implicit declaration of function ‘az_hex2Byte’ [-Wimplicit-function-declaration]
     outBytes[i] = az_hex2Byte(&inHexStr[i*2]);
                   ^
In file included from /home/dhkang/work/Aurora/aurora/inc/az_core.h:33:0,
                 from /home/dhkang/work/Aurora/aurora/inc/aurora.h:24,
                 from /home/dhkang/work/Aurora/aurora/src/test/ut/abc.c:22:
/home/dhkang/work/Aurora/aurora/inc/az_array.h: In function ‘az_array_add32’:
/home/dhkang/work/Aurora/aurora/inc/az_array.h:329:5: warning: implicit declaration of function ‘az_array_est_element32_at’ [-Wimplicit-function-declaration]
     az_array_est_element32_at(pArray, id, e);
     ^
In file included from /home/dhkang/work/Aurora/aurora/inc/aurora.h:26:0,
                 from /home/dhkang/work/Aurora/aurora/src/test/ut/abc.c:22:
/home/dhkang/work/Aurora/aurora/inc/az_printf.h: At top level:
/home/dhkang/work/Aurora/aurora/inc/az_printf.h:117:0: warning: "AZ_LOG_LEVEL_DEBUG" redefined
 #define AZ_LOG_LEVEL_DEBUG    70
 ^
In file included from /home/dhkang/work/Aurora/aurora/inc/az_printf.h:24:0,
                 from /home/dhkang/work/Aurora/aurora/inc/aurora.h:26,
                 from /home/dhkang/work/Aurora/aurora/src/test/ut/abc.c:22:
/home/dhkang/work/Aurora/aurora/inc/az_log.h:88:0: note: this is the location of the previous definition
 #define AZ_LOG_LEVEL_DEBUG    60
 ^
In file included from /home/dhkang/work/Aurora/aurora/inc/aurora.h:26:0,
                 from /home/dhkang/work/Aurora/aurora/src/test/ut/abc.c:22:
/home/dhkang/work/Aurora/aurora/inc/az_printf.h:118:0: warning: "AZ_LOG_LEVEL_VERBOSE" redefined
 #define AZ_LOG_LEVEL_VERBOSE  80
 ^
In file included from /home/dhkang/work/Aurora/aurora/inc/az_printf.h:24:0,
                 from /home/dhkang/work/Aurora/aurora/inc/aurora.h:26,
                 from /home/dhkang/work/Aurora/aurora/src/test/ut/abc.c:22:
/home/dhkang/work/Aurora/aurora/inc/az_log.h:89:0: note: this is the location of the previous definition
 #define AZ_LOG_LEVEL_VERBOSE  70
 ^
In file included from /home/dhkang/work/Aurora/aurora/inc/az_sys_def.h:27:0,
                 from /home/dhkang/work/Aurora/aurora/inc/az_def.h:185,
                 from /home/dhkang/work/Aurora/aurora/inc/az_core.h:24,
                 from /home/dhkang/work/Aurora/aurora/inc/aurora.h:24,
                 from /home/dhkang/work/Aurora/aurora/src/test/ut/abc.c:22:
/home/dhkang/work/Aurora/aurora/src/test/ut/abc.c: In function ‘az_ut_init_abc’:
/home/dhkang/work/Aurora/aurora/inc/sys/linux/az_linux_def.h:45:30: warning: format ‘%d’ expects argument of type ‘int’, but argument 6 has type ‘az_r_t {aka long int}’ [-Wformat=]
 #define AZ_SYS_TIMESTAMP_FMT "<%02d:%02d:%02d:%06d>  " 
                              ^
/home/dhkang/work/Aurora/aurora/inc/sys/linux/az_linux_def.h:60:10: note: in expansion of macro ‘AZ_SYS_TIMESTAMP_FMT’
   printf(AZ_SYS_TIMESTAMP_FMT fmt,tp->tm_hour, tp->tm_min, tp->tm_sec, (int)(_ts.tv_nsec/1000), __VA_ARGS__);\
          ^
/home/dhkang/work/Aurora/aurora/inc/az_printf.h:91:5: note: in expansion of macro ‘az_sys_printf’
     az_sys_printf(__VA_ARGS__);\
     ^
/home/dhkang/work/Aurora/aurora/inc/az_printf.h:97:5: note: in expansion of macro ‘az_dprintf’
     az_dprintf("<%d:%s> " fmt, r, az_err_str(r), __VA_ARGS__); \
     ^
/home/dhkang/work/Aurora/aurora/src/test/ut/abc.c:122:5: note: in expansion of macro ‘az_rprintf’
     az_rprintf(r, "%s" AZ_NL, "...");
     ^
/home/dhkang/work/Aurora/aurora/inc/sys/linux/az_linux_def.h:45:30: warning: format ‘%d’ expects argument of type ‘int’, but argument 8 has type ‘az_r_t {aka long int}’ [-Wformat=]
 #define AZ_SYS_TIMESTAMP_FMT "<%02d:%02d:%02d:%06d>  " 
                              ^
/home/dhkang/work/Aurora/aurora/inc/sys/linux/az_linux_def.h:80:10: note: in expansion of macro ‘AZ_SYS_TIMESTAMP_FMT’
   printf(AZ_SYS_TIMESTAMP_FMT "[%s:%d] " fmt,tp->tm_hour, tp->tm_min, tp->tm_sec, (int)(_ts.tv_nsec/1000), __FUNCTION__, __LINE__, __VA_ARGS__); \
          ^
/home/dhkang/work/Aurora/aurora/inc/az_printf.h:99:5: note: in expansion of macro ‘az_sys_eprintf’
     az_sys_eprintf("<%d:%s> " fmt, r, az_err_str(r), __VA_ARGS__); \
     ^
/home/dhkang/work/Aurora/aurora/src/test/ut/abc.c:122:5: note: in expansion of macro ‘az_rprintf’
     az_rprintf(r, "%s" AZ_NL, "...");
     ^
/home/dhkang/work/Aurora/aurora/src/test/ut/abc.c: In function ‘az_ut_sync_abc’:
/home/dhkang/work/Aurora/aurora/inc/sys/linux/az_linux_def.h:45:30: warning: format ‘%d’ expects argument of type ‘int’, but argument 6 has type ‘az_r_t {aka long int}’ [-Wformat=]
 #define AZ_SYS_TIMESTAMP_FMT "<%02d:%02d:%02d:%06d>  " 
                              ^
/home/dhkang/work/Aurora/aurora/inc/sys/linux/az_linux_def.h:60:10: note: in expansion of macro ‘AZ_SYS_TIMESTAMP_FMT’
   printf(AZ_SYS_TIMESTAMP_FMT fmt,tp->tm_hour, tp->tm_min, tp->tm_sec, (int)(_ts.tv_nsec/1000), __VA_ARGS__);\
          ^
/home/dhkang/work/Aurora/aurora/inc/az_printf.h:91:5: note: in expansion of macro ‘az_sys_printf’
     az_sys_printf(__VA_ARGS__);\
     ^
/home/dhkang/work/Aurora/aurora/inc/az_printf.h:97:5: note: in expansion of macro ‘az_dprintf’
     az_dprintf("<%d:%s> " fmt, r, az_err_str(r), __VA_ARGS__); \
     ^
/home/dhkang/work/Aurora/aurora/src/test/ut/abc.c:140:5: note: in expansion of macro ‘az_rprintf’
     az_rprintf(r, "%s" AZ_NL, "...");
     ^
/home/dhkang/work/Aurora/aurora/inc/sys/linux/az_linux_def.h:45:30: warning: format ‘%d’ expects argument of type ‘int’, but argument 8 has type ‘az_r_t {aka long int}’ [-Wformat=]
 #define AZ_SYS_TIMESTAMP_FMT "<%02d:%02d:%02d:%06d>  " 
                              ^
/home/dhkang/work/Aurora/aurora/inc/sys/linux/az_linux_def.h:80:10: note: in expansion of macro ‘AZ_SYS_TIMESTAMP_FMT’
   printf(AZ_SYS_TIMESTAMP_FMT "[%s:%d] " fmt,tp->tm_hour, tp->tm_min, tp->tm_sec, (int)(_ts.tv_nsec/1000), __FUNCTION__, __LINE__, __VA_ARGS__); \
          ^
/home/dhkang/work/Aurora/aurora/inc/az_printf.h:99:5: note: in expansion of macro ‘az_sys_eprintf’
     az_sys_eprintf("<%d:%s> " fmt, r, az_err_str(r), __VA_ARGS__); \
     ^
/home/dhkang/work/Aurora/aurora/src/test/ut/abc.c:140:5: note: in expansion of macro ‘az_rprintf’
     az_rprintf(r, "%s" AZ_NL, "...");
     ^
/home/dhkang/work/Aurora/aurora/src/test/ut/abc.c: In function ‘az_ut_prolog_abc’:
/home/dhkang/work/Aurora/aurora/inc/sys/linux/az_linux_def.h:45:30: warning: format ‘%d’ expects argument of type ‘int’, but argument 6 has type ‘az_r_t {aka long int}’ [-Wformat=]
 #define AZ_SYS_TIMESTAMP_FMT "<%02d:%02d:%02d:%06d>  " 
                              ^
/home/dhkang/work/Aurora/aurora/inc/sys/linux/az_linux_def.h:60:10: note: in expansion of macro ‘AZ_SYS_TIMESTAMP_FMT’
   printf(AZ_SYS_TIMESTAMP_FMT fmt,tp->tm_hour, tp->tm_min, tp->tm_sec, (int)(_ts.tv_nsec/1000), __VA_ARGS__);\
          ^
/home/dhkang/work/Aurora/aurora/inc/az_printf.h:91:5: note: in expansion of macro ‘az_sys_printf’
     az_sys_printf(__VA_ARGS__);\
     ^
/home/dhkang/work/Aurora/aurora/inc/az_printf.h:97:5: note: in expansion of macro ‘az_dprintf’
     az_dprintf("<%d:%s> " fmt, r, az_err_str(r), __VA_ARGS__); \
     ^
/home/dhkang/work/Aurora/aurora/src/test/ut/abc.c:157:5: note: in expansion of macro ‘az_rprintf’
     az_rprintf(r, "%s" AZ_NL, "...");
     ^
/home/dhkang/work/Aurora/aurora/inc/sys/linux/az_linux_def.h:45:30: warning: format ‘%d’ expects argument of type ‘int’, but argument 8 has type ‘az_r_t {aka long int}’ [-Wformat=]
 #define AZ_SYS_TIMESTAMP_FMT "<%02d:%02d:%02d:%06d>  " 
                              ^
/home/dhkang/work/Aurora/aurora/inc/sys/linux/az_linux_def.h:80:10: note: in expansion of macro ‘AZ_SYS_TIMESTAMP_FMT’
   printf(AZ_SYS_TIMESTAMP_FMT "[%s:%d] " fmt,tp->tm_hour, tp->tm_min, tp->tm_sec, (int)(_ts.tv_nsec/1000), __FUNCTION__, __LINE__, __VA_ARGS__); \
          ^
/home/dhkang/work/Aurora/aurora/inc/az_printf.h:99:5: note: in expansion of macro ‘az_sys_eprintf’
     az_sys_eprintf("<%d:%s> " fmt, r, az_err_str(r), __VA_ARGS__); \
     ^
/home/dhkang/work/Aurora/aurora/src/test/ut/abc.c:157:5: note: in expansion of macro ‘az_rprintf’
     az_rprintf(r, "%s" AZ_NL, "...");
     ^
/home/dhkang/work/Aurora/aurora/src/test/ut/abc.c: In function ‘az_ut_run_abc’:
/home/dhkang/work/Aurora/aurora/inc/sys/linux/az_linux_def.h:45:30: warning: format ‘%d’ expects argument of type ‘int’, but argument 6 has type ‘az_r_t {aka long int}’ [-Wformat=]
 #define AZ_SYS_TIMESTAMP_FMT "<%02d:%02d:%02d:%06d>  " 
                              ^
/home/dhkang/work/Aurora/aurora/inc/sys/linux/az_linux_def.h:60:10: note: in expansion of macro ‘AZ_SYS_TIMESTAMP_FMT’
   printf(AZ_SYS_TIMESTAMP_FMT fmt,tp->tm_hour, tp->tm_min, tp->tm_sec, (int)(_ts.tv_nsec/1000), __VA_ARGS__);\
          ^
/home/dhkang/work/Aurora/aurora/inc/az_printf.h:91:5: note: in expansion of macro ‘az_sys_printf’
     az_sys_printf(__VA_ARGS__);\
     ^
/home/dhkang/work/Aurora/aurora/inc/az_printf.h:97:5: note: in expansion of macro ‘az_dprintf’
     az_dprintf("<%d:%s> " fmt, r, az_err_str(r), __VA_ARGS__); \
     ^
/home/dhkang/work/Aurora/aurora/src/test/ut/abc.c:184:5: note: in expansion of macro ‘az_rprintf’
     az_rprintf(r, "%s" AZ_NL, "...");
     ^
/home/dhkang/work/Aurora/aurora/inc/sys/linux/az_linux_def.h:45:30: warning: format ‘%d’ expects argument of type ‘int’, but argument 8 has type ‘az_r_t {aka long int}’ [-Wformat=]
 #define AZ_SYS_TIMESTAMP_FMT "<%02d:%02d:%02d:%06d>  " 
                              ^
/home/dhkang/work/Aurora/aurora/inc/sys/linux/az_linux_def.h:80:10: note: in expansion of macro ‘AZ_SYS_TIMESTAMP_FMT’
   printf(AZ_SYS_TIMESTAMP_FMT "[%s:%d] " fmt,tp->tm_hour, tp->tm_min, tp->tm_sec, (int)(_ts.tv_nsec/1000), __FUNCTION__, __LINE__, __VA_ARGS__); \
          ^
/home/dhkang/work/Aurora/aurora/inc/az_printf.h:99:5: note: in expansion of macro ‘az_sys_eprintf’
     az_sys_eprintf("<%d:%s> " fmt, r, az_err_str(r), __VA_ARGS__); \
     ^
/home/dhkang/work/Aurora/aurora/src/test/ut/abc.c:184:5: note: in expansion of macro ‘az_rprintf’
     az_rprintf(r, "%s" AZ_NL, "...");
     ^
/home/dhkang/work/Aurora/aurora/src/test/ut/abc.c: In function ‘az_ut_epilog_abc’:
/home/dhkang/work/Aurora/aurora/inc/sys/linux/az_linux_def.h:45:30: warning: format ‘%d’ expects argument of type ‘int’, but argument 6 has type ‘az_r_t {aka long int}’ [-Wformat=]
 #define AZ_SYS_TIMESTAMP_FMT "<%02d:%02d:%02d:%06d>  " 
                              ^
/home/dhkang/work/Aurora/aurora/inc/sys/linux/az_linux_def.h:60:10: note: in expansion of macro ‘AZ_SYS_TIMESTAMP_FMT’
   printf(AZ_SYS_TIMESTAMP_FMT fmt,tp->tm_hour, tp->tm_min, tp->tm_sec, (int)(_ts.tv_nsec/1000), __VA_ARGS__);\
          ^
/home/dhkang/work/Aurora/aurora/inc/az_printf.h:91:5: note: in expansion of macro ‘az_sys_printf’
     az_sys_printf(__VA_ARGS__);\
     ^
/home/dhkang/work/Aurora/aurora/inc/az_printf.h:97:5: note: in expansion of macro ‘az_dprintf’
     az_dprintf("<%d:%s> " fmt, r, az_err_str(r), __VA_ARGS__); \
     ^
/home/dhkang/work/Aurora/aurora/src/test/ut/abc.c:210:5: note: in expansion of macro ‘az_rprintf’
     az_rprintf(r, "%s" AZ_NL, "...");
     ^
/home/dhkang/work/Aurora/aurora/inc/sys/linux/az_linux_def.h:45:30: warning: format ‘%d’ expects argument of type ‘int’, but argument 8 has type ‘az_r_t {aka long int}’ [-Wformat=]
 #define AZ_SYS_TIMESTAMP_FMT "<%02d:%02d:%02d:%06d>  " 
                              ^
/home/dhkang/work/Aurora/aurora/inc/sys/linux/az_linux_def.h:80:10: note: in expansion of macro ‘AZ_SYS_TIMESTAMP_FMT’
   printf(AZ_SYS_TIMESTAMP_FMT "[%s:%d] " fmt,tp->tm_hour, tp->tm_min, tp->tm_sec, (int)(_ts.tv_nsec/1000), __FUNCTION__, __LINE__, __VA_ARGS__); \
          ^
/home/dhkang/work/Aurora/aurora/inc/az_printf.h:99:5: note: in expansion of macro ‘az_sys_eprintf’
     az_sys_eprintf("<%d:%s> " fmt, r, az_err_str(r), __VA_ARGS__); \
     ^
/home/dhkang/work/Aurora/aurora/src/test/ut/abc.c:210:5: note: in expansion of macro ‘az_rprintf’
     az_rprintf(r, "%s" AZ_NL, "...");
     ^
/home/dhkang/work/Aurora/aurora/src/test/ut/abc.c: In function ‘az_ut_term_abc’:
/home/dhkang/work/Aurora/aurora/inc/sys/linux/az_linux_def.h:45:30: warning: format ‘%d’ expects argument of type ‘int’, but argument 6 has type ‘az_r_t {aka long int}’ [-Wformat=]
 #define AZ_SYS_TIMESTAMP_FMT "<%02d:%02d:%02d:%06d>  " 
                              ^
/home/dhkang/work/Aurora/aurora/inc/sys/linux/az_linux_def.h:60:10: note: in expansion of macro ‘AZ_SYS_TIMESTAMP_FMT’
   printf(AZ_SYS_TIMESTAMP_FMT fmt,tp->tm_hour, tp->tm_min, tp->tm_sec, (int)(_ts.tv_nsec/1000), __VA_ARGS__);\
          ^
/home/dhkang/work/Aurora/aurora/inc/az_printf.h:91:5: note: in expansion of macro ‘az_sys_printf’
     az_sys_printf(__VA_ARGS__);\
     ^
/home/dhkang/work/Aurora/aurora/inc/az_printf.h:97:5: note: in expansion of macro ‘az_dprintf’
     az_dprintf("<%d:%s> " fmt, r, az_err_str(r), __VA_ARGS__); \
     ^
/home/dhkang/work/Aurora/aurora/src/test/ut/abc.c:235:5: note: in expansion of macro ‘az_rprintf’
     az_rprintf(r, "%s" AZ_NL, "...");
     ^
/home/dhkang/work/Aurora/aurora/inc/sys/linux/az_linux_def.h:45:30: warning: format ‘%d’ expects argument of type ‘int’, but argument 8 has type ‘az_r_t {aka long int}’ [-Wformat=]
 #define AZ_SYS_TIMESTAMP_FMT "<%02d:%02d:%02d:%06d>  " 
                              ^
/home/dhkang/work/Aurora/aurora/inc/sys/linux/az_linux_def.h:80:10: note: in expansion of macro ‘AZ_SYS_TIMESTAMP_FMT’
   printf(AZ_SYS_TIMESTAMP_FMT "[%s:%d] " fmt,tp->tm_hour, tp->tm_min, tp->tm_sec, (int)(_ts.tv_nsec/1000), __FUNCTION__, __LINE__, __VA_ARGS__); \
          ^
/home/dhkang/work/Aurora/aurora/inc/az_printf.h:99:5: note: in expansion of macro ‘az_sys_eprintf’
     az_sys_eprintf("<%d:%s> " fmt, r, az_err_str(r), __VA_ARGS__); \
     ^
/home/dhkang/work/Aurora/aurora/src/test/ut/abc.c:235:5: note: in expansion of macro ‘az_rprintf’
     az_rprintf(r, "%s" AZ_NL, "...");
     ^
In file included from /home/dhkang/work/Aurora/aurora/inc/sys/linux/az_linux_def.h:305:0,
                 from /home/dhkang/work/Aurora/aurora/inc/az_sys_def.h:27,
                 from /home/dhkang/work/Aurora/aurora/inc/az_def.h:185,
                 from /home/dhkang/work/Aurora/aurora/inc/az_core.h:24,
                 from /home/dhkang/work/Aurora/aurora/inc/aurora.h:24,
                 from /home/dhkang/work/Aurora/aurora/src/test/ut/abc.c:22:
/home/dhkang/work/Aurora/aurora/src/test/ut/abc.c: At top level:
/home/dhkang/work/Aurora/aurora/inc/sys/linux/az_linux_dllib.h:139:54: warning: ‘az_sys_dllib_findBfdAddr2Name’ defined but not used [-Wunused-function]
 static char __attribute__((no_instrument_function)) *az_sys_dllib_findBfdAddr2Name(az_ref_t addr) 
                                                      ^
In file included from /home/dhkang/work/Aurora/aurora/inc/az_core.h:34:0,
                 from /home/dhkang/work/Aurora/aurora/inc/aurora.h:24,
                 from /home/dhkang/work/Aurora/aurora/src/test/ut/abc.c:22:
/home/dhkang/work/Aurora/aurora/inc/az_ion.h:81:13: warning: ‘az_ion_invalidate’ defined but not used [-Wunused-function]
 static void az_ion_invalidate(az_ion_t *ion, int is_static)
             ^
In file included from /home/dhkang/work/Aurora/aurora/inc/az_sys_def.h:27:0,
                 from /home/dhkang/work/Aurora/aurora/inc/az_def.h:185,
                 from /home/dhkang/work/Aurora/aurora/inc/az_core.h:24,
                 from /home/dhkang/work/Aurora/aurora/inc/aurora.h:24,
                 from /home/dhkang/work/Aurora/aurora/src/test/ut/abc.c:22:
/home/dhkang/work/Aurora/aurora/src/test/ut/abc.c: In function ‘az_sys_dllib_findBfdSymbol’:
/home/dhkang/work/Aurora/aurora/inc/sys/linux/az_linux_def.h:80:3: warning: ‘symtab’ may be used uninitialized in this function [-Wmaybe-uninitialized]
   printf(AZ_SYS_TIMESTAMP_FMT "[%s:%d] " fmt,tp->tm_hour, tp->tm_min, tp->tm_sec, (int)(_ts.tv_nsec/1000), __FUNCTION__, __LINE__, __VA_ARGS__); \
   ^
In file included from /home/dhkang/work/Aurora/aurora/inc/sys/linux/az_linux_def.h:305:0,
                 from /home/dhkang/work/Aurora/aurora/inc/az_sys_def.h:27,
                 from /home/dhkang/work/Aurora/aurora/inc/az_def.h:185,
                 from /home/dhkang/work/Aurora/aurora/inc/az_core.h:24,
                 from /home/dhkang/work/Aurora/aurora/inc/aurora.h:24,
                 from /home/dhkang/work/Aurora/aurora/src/test/ut/abc.c:22:
/home/dhkang/work/Aurora/aurora/inc/sys/linux/az_linux_dllib.h:94:13: note: ‘symtab’ was declared here
   asymbol **symtab;
             ^
In file included from /home/dhkang/work/Aurora/aurora/inc/az_sys_def.h:27:0,
                 from /home/dhkang/work/Aurora/aurora/inc/az_def.h:185,
                 from /home/dhkang/work/Aurora/aurora/inc/az_core.h:24,
                 from /home/dhkang/work/Aurora/aurora/inc/aurora.h:24,
                 from /home/dhkang/work/Aurora/aurora/src/test/ut/abc.c:22:
/home/dhkang/work/Aurora/aurora/inc/sys/linux/az_linux_def.h:80:3: warning: ‘nsyms’ may be used uninitialized in this function [-Wmaybe-uninitialized]
   printf(AZ_SYS_TIMESTAMP_FMT "[%s:%d] " fmt,tp->tm_hour, tp->tm_min, tp->tm_sec, (int)(_ts.tv_nsec/1000), __FUNCTION__, __LINE__, __VA_ARGS__); \
   ^
In file included from /home/dhkang/work/Aurora/aurora/inc/sys/linux/az_linux_def.h:305:0,
                 from /home/dhkang/work/Aurora/aurora/inc/az_sys_def.h:27,
                 from /home/dhkang/work/Aurora/aurora/inc/az_def.h:185,
                 from /home/dhkang/work/Aurora/aurora/inc/az_core.h:24,
                 from /home/dhkang/work/Aurora/aurora/inc/aurora.h:24,
                 from /home/dhkang/work/Aurora/aurora/src/test/ut/abc.c:22:
/home/dhkang/work/Aurora/aurora/inc/sys/linux/az_linux_dllib.h:95:20: note: ‘nsyms’ was declared here
   az_size_t nsize, nsyms, i;
                    ^
Finished building: /home/dhkang/work/Aurora/aurora/src/test/ut/abc.c
 
Building file: /home/dhkang/work/Aurora/aurora/src/test/ut/az_unitTest.c
Invoking: GCC C Compiler
gcc -Dlinux -D"BASE_FILENAME=\"az_unitTest.c\"" -I"/home/dhkang/work/Aurora/aurora/inc" -I"/home/dhkang/work/Aurora/aurora/inc/sys" -I"/home/dhkang/work/Aurora/aurora/inc/sys/linux" -O0 -g3 -finstrument-functions -Wall -c -fmessage-length=0 -fsanitize=address -MMD -MP -MF"ut/az_unitTest.d" -MT"ut/az_unitTest.o" -o "ut/az_unitTest.o" "/home/dhkang/work/Aurora/aurora/src/test/ut/az_unitTest.c"
In file included from /home/dhkang/work/Aurora/aurora/inc/sys/linux/az_linux_def.h:122:0,
                 from /home/dhkang/work/Aurora/aurora/inc/az_sys_def.h:27,
                 from /home/dhkang/work/Aurora/aurora/inc/az_def.h:185,
                 from /home/dhkang/work/Aurora/aurora/inc/az_core.h:24,
                 from /home/dhkang/work/Aurora/aurora/inc/aurora.h:24,
                 from /home/dhkang/work/Aurora/aurora/src/test/ut/az_unitTest.c:22:
/home/dhkang/work/Aurora/aurora/inc/sys/linux/az_linux_fs.h: In function ‘az_sys_fs_copy’:
/home/dhkang/work/Aurora/aurora/inc/sys/linux/az_linux_fs.h:217:14: warning: implicit declaration of function ‘sendfile’ [-Wimplicit-function-declaration]
       wlen = sendfile(dst, src, &offset, 4096);
              ^
In file included from /home/dhkang/work/Aurora/aurora/inc/sys/linux/az_linux_def.h:180:0,
                 from /home/dhkang/work/Aurora/aurora/inc/az_sys_def.h:27,
                 from /home/dhkang/work/Aurora/aurora/inc/az_def.h:185,
                 from /home/dhkang/work/Aurora/aurora/inc/az_core.h:24,
                 from /home/dhkang/work/Aurora/aurora/inc/aurora.h:24,
                 from /home/dhkang/work/Aurora/aurora/src/test/ut/az_unitTest.c:22:
/home/dhkang/work/Aurora/aurora/inc/sys/linux/az_linux_event.h: In function ‘az_sys_iomux_add_ep’:
/home/dhkang/work/Aurora/aurora/inc/sys/linux/az_linux_event.h:373:10: warning: ‘return’ with a value, in function returning void
   return r;
          ^
/home/dhkang/work/Aurora/aurora/inc/sys/linux/az_linux_event.h: In function ‘az_sys_iomux_del_ep’:
/home/dhkang/work/Aurora/aurora/inc/sys/linux/az_linux_event.h:388:10: warning: ‘return’ with a value, in function returning void
   return r;
          ^
In file included from /home/dhkang/work/Aurora/aurora/inc/sys/linux/az_linux_def.h:305:0,
                 from /home/dhkang/work/Aurora/aurora/inc/az_sys_def.h:27,
                 from /home/dhkang/work/Aurora/aurora/inc/az_def.h:185,
                 from /home/dhkang/work/Aurora/aurora/inc/az_core.h:24,
                 from /home/dhkang/work/Aurora/aurora/inc/aurora.h:24,
                 from /home/dhkang/work/Aurora/aurora/src/test/ut/az_unitTest.c:22:
/home/dhkang/work/Aurora/aurora/inc/sys/linux/az_linux_dllib.h: In function ‘az_sys_dllib_findBfdAddr2Name’:
/home/dhkang/work/Aurora/aurora/inc/sys/linux/az_linux_dllib.h:161:14: warning: assignment discards ‘const’ qualifier from pointer target type [-Wdiscarded-qualifiers]
         name = symtab[i]->name;
              ^
In file included from /home/dhkang/work/Aurora/aurora/inc/az_core.h:32:0,
                 from /home/dhkang/work/Aurora/aurora/inc/aurora.h:24,
                 from /home/dhkang/work/Aurora/aurora/src/test/ut/az_unitTest.c:22:
/home/dhkang/work/Aurora/aurora/inc/az_string.h: In function ‘az_hexStringDecode’:
/home/dhkang/work/Aurora/aurora/inc/az_string.h:186:19: warning: implicit declaration of function ‘az_hex2Byte’ [-Wimplicit-function-declaration]
     outBytes[i] = az_hex2Byte(&inHexStr[i*2]);
                   ^
In file included from /home/dhkang/work/Aurora/aurora/inc/az_core.h:33:0,
                 from /home/dhkang/work/Aurora/aurora/inc/aurora.h:24,
                 from /home/dhkang/work/Aurora/aurora/src/test/ut/az_unitTest.c:22:
/home/dhkang/work/Aurora/aurora/inc/az_array.h: In function ‘az_array_add32’:
/home/dhkang/work/Aurora/aurora/inc/az_array.h:329:5: warning: implicit declaration of function ‘az_array_est_element32_at’ [-Wimplicit-function-declaration]
     az_array_est_element32_at(pArray, id, e);
     ^
In file included from /home/dhkang/work/Aurora/aurora/inc/aurora.h:26:0,
                 from /home/dhkang/work/Aurora/aurora/src/test/ut/az_unitTest.c:22:
/home/dhkang/work/Aurora/aurora/inc/az_printf.h: At top level:
/home/dhkang/work/Aurora/aurora/inc/az_printf.h:117:0: warning: "AZ_LOG_LEVEL_DEBUG" redefined
 #define AZ_LOG_LEVEL_DEBUG    70
 ^
In file included from /home/dhkang/work/Aurora/aurora/inc/az_printf.h:24:0,
                 from /home/dhkang/work/Aurora/aurora/inc/aurora.h:26,
                 from /home/dhkang/work/Aurora/aurora/src/test/ut/az_unitTest.c:22:
/home/dhkang/work/Aurora/aurora/inc/az_log.h:88:0: note: this is the location of the previous definition
 #define AZ_LOG_LEVEL_DEBUG    60
 ^
In file included from /home/dhkang/work/Aurora/aurora/inc/aurora.h:26:0,
                 from /home/dhkang/work/Aurora/aurora/src/test/ut/az_unitTest.c:22:
/home/dhkang/work/Aurora/aurora/inc/az_printf.h:118:0: warning: "AZ_LOG_LEVEL_VERBOSE" redefined
 #define AZ_LOG_LEVEL_VERBOSE  80
 ^
In file included from /home/dhkang/work/Aurora/aurora/inc/az_printf.h:24:0,
                 from /home/dhkang/work/Aurora/aurora/inc/aurora.h:26,
                 from /home/dhkang/work/Aurora/aurora/src/test/ut/az_unitTest.c:22:
/home/dhkang/work/Aurora/aurora/inc/az_log.h:89:0: note: this is the location of the previous definition
 #define AZ_LOG_LEVEL_VERBOSE  70
 ^
In file included from /home/dhkang/work/Aurora/aurora/inc/sys/linux/az_linux_def.h:305:0,
                 from /home/dhkang/work/Aurora/aurora/inc/az_sys_def.h:27,
                 from /home/dhkang/work/Aurora/aurora/inc/az_def.h:185,
                 from /home/dhkang/work/Aurora/aurora/inc/az_core.h:24,
                 from /home/dhkang/work/Aurora/aurora/inc/aurora.h:24,
                 from /home/dhkang/work/Aurora/aurora/src/test/ut/az_unitTest.c:22:
/home/dhkang/work/Aurora/aurora/inc/sys/linux/az_linux_dllib.h:139:54: warning: ‘az_sys_dllib_findBfdAddr2Name’ defined but not used [-Wunused-function]
 static char __attribute__((no_instrument_function)) *az_sys_dllib_findBfdAddr2Name(az_ref_t addr) 
                                                      ^
In file included from /home/dhkang/work/Aurora/aurora/inc/az_core.h:34:0,
                 from /home/dhkang/work/Aurora/aurora/inc/aurora.h:24,
                 from /home/dhkang/work/Aurora/aurora/src/test/ut/az_unitTest.c:22:
/home/dhkang/work/Aurora/aurora/inc/az_ion.h:81:13: warning: ‘az_ion_invalidate’ defined but not used [-Wunused-function]
 static void az_ion_invalidate(az_ion_t *ion, int is_static)
             ^
In file included from /home/dhkang/work/Aurora/aurora/inc/az_sys_def.h:27:0,
                 from /home/dhkang/work/Aurora/aurora/inc/az_def.h:185,
                 from /home/dhkang/work/Aurora/aurora/inc/az_core.h:24,
                 from /home/dhkang/work/Aurora/aurora/inc/aurora.h:24,
                 from /home/dhkang/work/Aurora/aurora/src/test/ut/az_unitTest.c:22:
/home/dhkang/work/Aurora/aurora/src/test/ut/az_unitTest.c: In function ‘az_sys_dllib_findBfdSymbol’:
/home/dhkang/work/Aurora/aurora/inc/sys/linux/az_linux_def.h:80:3: warning: ‘symtab’ may be used uninitialized in this function [-Wmaybe-uninitialized]
   printf(AZ_SYS_TIMESTAMP_FMT "[%s:%d] " fmt,tp->tm_hour, tp->tm_min, tp->tm_sec, (int)(_ts.tv_nsec/1000), __FUNCTION__, __LINE__, __VA_ARGS__); \
   ^
In file included from /home/dhkang/work/Aurora/aurora/inc/sys/linux/az_linux_def.h:305:0,
                 from /home/dhkang/work/Aurora/aurora/inc/az_sys_def.h:27,
                 from /home/dhkang/work/Aurora/aurora/inc/az_def.h:185,
                 from /home/dhkang/work/Aurora/aurora/inc/az_core.h:24,
                 from /home/dhkang/work/Aurora/aurora/inc/aurora.h:24,
                 from /home/dhkang/work/Aurora/aurora/src/test/ut/az_unitTest.c:22:
/home/dhkang/work/Aurora/aurora/inc/sys/linux/az_linux_dllib.h:94:13: note: ‘symtab’ was declared here
   asymbol **symtab;
             ^
In file included from /home/dhkang/work/Aurora/aurora/inc/az_sys_def.h:27:0,
                 from /home/dhkang/work/Aurora/aurora/inc/az_def.h:185,
                 from /home/dhkang/work/Aurora/aurora/inc/az_core.h:24,
                 from /home/dhkang/work/Aurora/aurora/inc/aurora.h:24,
                 from /home/dhkang/work/Aurora/aurora/src/test/ut/az_unitTest.c:22:
/home/dhkang/work/Aurora/aurora/inc/sys/linux/az_linux_def.h:80:3: warning: ‘nsyms’ may be used uninitialized in this function [-Wmaybe-uninitialized]
   printf(AZ_SYS_TIMESTAMP_FMT "[%s:%d] " fmt,tp->tm_hour, tp->tm_min, tp->tm_sec, (int)(_ts.tv_nsec/1000), __FUNCTION__, __LINE__, __VA_ARGS__); \
   ^
In file included from /home/dhkang/work/Aurora/aurora/inc/sys/linux/az_linux_def.h:305:0,
                 from /home/dhkang/work/Aurora/aurora/inc/az_sys_def.h:27,
                 from /home/dhkang/work/Aurora/aurora/inc/az_def.h:185,
                 from /home/dhkang/work/Aurora/aurora/inc/az_core.h:24,
                 from /home/dhkang/work/Aurora/aurora/inc/aurora.h:24,
                 from /home/dhkang/work/Aurora/aurora/src/test/ut/az_unitTest.c:22:
/home/dhkang/work/Aurora/aurora/inc/sys/linux/az_linux_dllib.h:95:20: note: ‘nsyms’ was declared here
   az_size_t nsize, nsyms, i;
                    ^
Finished building: /home/dhkang/work/Aurora/aurora/src/test/ut/az_unitTest.c
 
Building file: /home/dhkang/work/Aurora/aurora/src/test/ut/az_ut_rw_lock.c
Invoking: GCC C Compiler
gcc -Dlinux -D"BASE_FILENAME=\"az_ut_rw_lock.c\"" -I"/home/dhkang/work/Aurora/aurora/inc" -I"/home/dhkang/work/Aurora/aurora/inc/sys" -I"/home/dhkang/work/Aurora/aurora/inc/sys/linux" -O0 -g3 -finstrument-functions -Wall -c -fmessage-length=0 -fsanitize=address -MMD -MP -MF"ut/az_ut_rw_lock.d" -MT"ut/az_ut_rw_lock.o" -o "ut/az_ut_rw_lock.o" "/home/dhkang/work/Aurora/aurora/src/test/ut/az_ut_rw_lock.c"
In file included from /home/dhkang/work/Aurora/aurora/inc/sys/linux/az_linux_def.h:122:0,
                 from /home/dhkang/work/Aurora/aurora/inc/az_sys_def.h:27,
                 from /home/dhkang/work/Aurora/aurora/inc/az_def.h:185,
                 from /home/dhkang/work/Aurora/aurora/inc/az_core.h:24,
                 from /home/dhkang/work/Aurora/aurora/inc/aurora.h:24,
                 from /home/dhkang/work/Aurora/aurora/src/test/ut/az_ut_rw_lock.c:22:
/home/dhkang/work/Aurora/aurora/inc/sys/linux/az_linux_fs.h: In function ‘az_sys_fs_copy’:
/home/dhkang/work/Aurora/aurora/inc/sys/linux/az_linux_fs.h:217:14: warning: implicit declaration of function ‘sendfile’ [-Wimplicit-function-declaration]
       wlen = sendfile(dst, src, &offset, 4096);
              ^
In file included from /home/dhkang/work/Aurora/aurora/inc/sys/linux/az_linux_def.h:180:0,
                 from /home/dhkang/work/Aurora/aurora/inc/az_sys_def.h:27,
                 from /home/dhkang/work/Aurora/aurora/inc/az_def.h:185,
                 from /home/dhkang/work/Aurora/aurora/inc/az_core.h:24,
                 from /home/dhkang/work/Aurora/aurora/inc/aurora.h:24,
                 from /home/dhkang/work/Aurora/aurora/src/test/ut/az_ut_rw_lock.c:22:
/home/dhkang/work/Aurora/aurora/inc/sys/linux/az_linux_event.h: In function ‘az_sys_iomux_add_ep’:
/home/dhkang/work/Aurora/aurora/inc/sys/linux/az_linux_event.h:373:10: warning: ‘return’ with a value, in function returning void
   return r;
          ^
/home/dhkang/work/Aurora/aurora/inc/sys/linux/az_linux_event.h: In function ‘az_sys_iomux_del_ep’:
/home/dhkang/work/Aurora/aurora/inc/sys/linux/az_linux_event.h:388:10: warning: ‘return’ with a value, in function returning void
   return r;
          ^
In file included from /home/dhkang/work/Aurora/aurora/inc/sys/linux/az_linux_def.h:305:0,
                 from /home/dhkang/work/Aurora/aurora/inc/az_sys_def.h:27,
                 from /home/dhkang/work/Aurora/aurora/inc/az_def.h:185,
                 from /home/dhkang/work/Aurora/aurora/inc/az_core.h:24,
                 from /home/dhkang/work/Aurora/aurora/inc/aurora.h:24,
                 from /home/dhkang/work/Aurora/aurora/src/test/ut/az_ut_rw_lock.c:22:
/home/dhkang/work/Aurora/aurora/inc/sys/linux/az_linux_dllib.h: In function ‘az_sys_dllib_findBfdAddr2Name’:
/home/dhkang/work/Aurora/aurora/inc/sys/linux/az_linux_dllib.h:161:14: warning: assignment discards ‘const’ qualifier from pointer target type [-Wdiscarded-qualifiers]
         name = symtab[i]->name;
              ^
In file included from /home/dhkang/work/Aurora/aurora/inc/az_core.h:32:0,
                 from /home/dhkang/work/Aurora/aurora/inc/aurora.h:24,
                 from /home/dhkang/work/Aurora/aurora/src/test/ut/az_ut_rw_lock.c:22:
/home/dhkang/work/Aurora/aurora/inc/az_string.h: In function ‘az_hexStringDecode’:
/home/dhkang/work/Aurora/aurora/inc/az_string.h:186:19: warning: implicit declaration of function ‘az_hex2Byte’ [-Wimplicit-function-declaration]
     outBytes[i] = az_hex2Byte(&inHexStr[i*2]);
                   ^
In file included from /home/dhkang/work/Aurora/aurora/inc/az_core.h:33:0,
                 from /home/dhkang/work/Aurora/aurora/inc/aurora.h:24,
                 from /home/dhkang/work/Aurora/aurora/src/test/ut/az_ut_rw_lock.c:22:
/home/dhkang/work/Aurora/aurora/inc/az_array.h: In function ‘az_array_add32’:
/home/dhkang/work/Aurora/aurora/inc/az_array.h:329:5: warning: implicit declaration of function ‘az_array_est_element32_at’ [-Wimplicit-function-declaration]
     az_array_est_element32_at(pArray, id, e);
     ^
In file included from /home/dhkang/work/Aurora/aurora/inc/aurora.h:26:0,
                 from /home/dhkang/work/Aurora/aurora/src/test/ut/az_ut_rw_lock.c:22:
/home/dhkang/work/Aurora/aurora/inc/az_printf.h: At top level:
/home/dhkang/work/Aurora/aurora/inc/az_printf.h:117:0: warning: "AZ_LOG_LEVEL_DEBUG" redefined
 #define AZ_LOG_LEVEL_DEBUG    70
 ^
In file included from /home/dhkang/work/Aurora/aurora/inc/az_printf.h:24:0,
                 from /home/dhkang/work/Aurora/aurora/inc/aurora.h:26,
                 from /home/dhkang/work/Aurora/aurora/src/test/ut/az_ut_rw_lock.c:22:
/home/dhkang/work/Aurora/aurora/inc/az_log.h:88:0: note: this is the location of the previous definition
 #define AZ_LOG_LEVEL_DEBUG    60
 ^
In file included from /home/dhkang/work/Aurora/aurora/inc/aurora.h:26:0,
                 from /home/dhkang/work/Aurora/aurora/src/test/ut/az_ut_rw_lock.c:22:
/home/dhkang/work/Aurora/aurora/inc/az_printf.h:118:0: warning: "AZ_LOG_LEVEL_VERBOSE" redefined
 #define AZ_LOG_LEVEL_VERBOSE  80
 ^
In file included from /home/dhkang/work/Aurora/aurora/inc/az_printf.h:24:0,
                 from /home/dhkang/work/Aurora/aurora/inc/aurora.h:26,
                 from /home/dhkang/work/Aurora/aurora/src/test/ut/az_ut_rw_lock.c:22:
/home/dhkang/work/Aurora/aurora/inc/az_log.h:89:0: note: this is the location of the previous definition
 #define AZ_LOG_LEVEL_VERBOSE  70
 ^
In file included from /home/dhkang/work/Aurora/aurora/inc/az_sys_def.h:27:0,
                 from /home/dhkang/work/Aurora/aurora/inc/az_def.h:185,
                 from /home/dhkang/work/Aurora/aurora/inc/az_core.h:24,
                 from /home/dhkang/work/Aurora/aurora/inc/aurora.h:24,
                 from /home/dhkang/work/Aurora/aurora/src/test/ut/az_ut_rw_lock.c:22:
/home/dhkang/work/Aurora/aurora/src/test/ut/az_ut_rw_lock.c: In function ‘az_ut_init_az_rw_lock’:
/home/dhkang/work/Aurora/aurora/inc/sys/linux/az_linux_def.h:45:30: warning: format ‘%d’ expects argument of type ‘int’, but argument 6 has type ‘az_r_t {aka long int}’ [-Wformat=]
 #define AZ_SYS_TIMESTAMP_FMT "<%02d:%02d:%02d:%06d>  " 
                              ^
/home/dhkang/work/Aurora/aurora/inc/sys/linux/az_linux_def.h:60:10: note: in expansion of macro ‘AZ_SYS_TIMESTAMP_FMT’
   printf(AZ_SYS_TIMESTAMP_FMT fmt,tp->tm_hour, tp->tm_min, tp->tm_sec, (int)(_ts.tv_nsec/1000), __VA_ARGS__);\
          ^
/home/dhkang/work/Aurora/aurora/inc/az_printf.h:91:5: note: in expansion of macro ‘az_sys_printf’
     az_sys_printf(__VA_ARGS__);\
     ^
/home/dhkang/work/Aurora/aurora/inc/az_printf.h:97:5: note: in expansion of macro ‘az_dprintf’
     az_dprintf("<%d:%s> " fmt, r, az_err_str(r), __VA_ARGS__); \
     ^
/home/dhkang/work/Aurora/aurora/src/test/ut/az_ut_rw_lock.c:122:5: note: in expansion of macro ‘az_rprintf’
     az_rprintf(r, "%s" AZ_NL, "...");
     ^
/home/dhkang/work/Aurora/aurora/inc/sys/linux/az_linux_def.h:45:30: warning: format ‘%d’ expects argument of type ‘int’, but argument 8 has type ‘az_r_t {aka long int}’ [-Wformat=]
 #define AZ_SYS_TIMESTAMP_FMT "<%02d:%02d:%02d:%06d>  " 
                              ^
/home/dhkang/work/Aurora/aurora/inc/sys/linux/az_linux_def.h:80:10: note: in expansion of macro ‘AZ_SYS_TIMESTAMP_FMT’
   printf(AZ_SYS_TIMESTAMP_FMT "[%s:%d] " fmt,tp->tm_hour, tp->tm_min, tp->tm_sec, (int)(_ts.tv_nsec/1000), __FUNCTION__, __LINE__, __VA_ARGS__); \
          ^
/home/dhkang/work/Aurora/aurora/inc/az_printf.h:99:5: note: in expansion of macro ‘az_sys_eprintf’
     az_sys_eprintf("<%d:%s> " fmt, r, az_err_str(r), __VA_ARGS__); \
     ^
/home/dhkang/work/Aurora/aurora/src/test/ut/az_ut_rw_lock.c:122:5: note: in expansion of macro ‘az_rprintf’
     az_rprintf(r, "%s" AZ_NL, "...");
     ^
/home/dhkang/work/Aurora/aurora/src/test/ut/az_ut_rw_lock.c: In function ‘az_ut_sync_az_rw_lock’:
/home/dhkang/work/Aurora/aurora/inc/sys/linux/az_linux_def.h:45:30: warning: format ‘%d’ expects argument of type ‘int’, but argument 6 has type ‘az_r_t {aka long int}’ [-Wformat=]
 #define AZ_SYS_TIMESTAMP_FMT "<%02d:%02d:%02d:%06d>  " 
                              ^
/home/dhkang/work/Aurora/aurora/inc/sys/linux/az_linux_def.h:60:10: note: in expansion of macro ‘AZ_SYS_TIMESTAMP_FMT’
   printf(AZ_SYS_TIMESTAMP_FMT fmt,tp->tm_hour, tp->tm_min, tp->tm_sec, (int)(_ts.tv_nsec/1000), __VA_ARGS__);\
          ^
/home/dhkang/work/Aurora/aurora/inc/az_printf.h:91:5: note: in expansion of macro ‘az_sys_printf’
     az_sys_printf(__VA_ARGS__);\
     ^
/home/dhkang/work/Aurora/aurora/inc/az_printf.h:97:5: note: in expansion of macro ‘az_dprintf’
     az_dprintf("<%d:%s> " fmt, r, az_err_str(r), __VA_ARGS__); \
     ^
/home/dhkang/work/Aurora/aurora/src/test/ut/az_ut_rw_lock.c:168:5: note: in expansion of macro ‘az_rprintf’
     az_rprintf(r, "%s" AZ_NL, "...");
     ^
/home/dhkang/work/Aurora/aurora/inc/sys/linux/az_linux_def.h:45:30: warning: format ‘%d’ expects argument of type ‘int’, but argument 8 has type ‘az_r_t {aka long int}’ [-Wformat=]
 #define AZ_SYS_TIMESTAMP_FMT "<%02d:%02d:%02d:%06d>  " 
                              ^
/home/dhkang/work/Aurora/aurora/inc/sys/linux/az_linux_def.h:80:10: note: in expansion of macro ‘AZ_SYS_TIMESTAMP_FMT’
   printf(AZ_SYS_TIMESTAMP_FMT "[%s:%d] " fmt,tp->tm_hour, tp->tm_min, tp->tm_sec, (int)(_ts.tv_nsec/1000), __FUNCTION__, __LINE__, __VA_ARGS__); \
          ^
/home/dhkang/work/Aurora/aurora/inc/az_printf.h:99:5: note: in expansion of macro ‘az_sys_eprintf’
     az_sys_eprintf("<%d:%s> " fmt, r, az_err_str(r), __VA_ARGS__); \
     ^
/home/dhkang/work/Aurora/aurora/src/test/ut/az_ut_rw_lock.c:168:5: note: in expansion of macro ‘az_rprintf’
     az_rprintf(r, "%s" AZ_NL, "...");
     ^
/home/dhkang/work/Aurora/aurora/src/test/ut/az_ut_rw_lock.c: In function ‘az_ut_prolog_az_rw_lock’:
/home/dhkang/work/Aurora/aurora/inc/sys/linux/az_linux_def.h:45:30: warning: format ‘%d’ expects argument of type ‘int’, but argument 6 has type ‘az_r_t {aka long int}’ [-Wformat=]
 #define AZ_SYS_TIMESTAMP_FMT "<%02d:%02d:%02d:%06d>  " 
                              ^
/home/dhkang/work/Aurora/aurora/inc/sys/linux/az_linux_def.h:60:10: note: in expansion of macro ‘AZ_SYS_TIMESTAMP_FMT’
   printf(AZ_SYS_TIMESTAMP_FMT fmt,tp->tm_hour, tp->tm_min, tp->tm_sec, (int)(_ts.tv_nsec/1000), __VA_ARGS__);\
          ^
/home/dhkang/work/Aurora/aurora/inc/az_printf.h:91:5: note: in expansion of macro ‘az_sys_printf’
     az_sys_printf(__VA_ARGS__);\
     ^
/home/dhkang/work/Aurora/aurora/inc/az_printf.h:97:5: note: in expansion of macro ‘az_dprintf’
     az_dprintf("<%d:%s> " fmt, r, az_err_str(r), __VA_ARGS__); \
     ^
/home/dhkang/work/Aurora/aurora/src/test/ut/az_ut_rw_lock.c:187:5: note: in expansion of macro ‘az_rprintf’
     az_rprintf(r, "%s" AZ_NL, "...");
     ^
/home/dhkang/work/Aurora/aurora/inc/sys/linux/az_linux_def.h:45:30: warning: format ‘%d’ expects argument of type ‘int’, but argument 8 has type ‘az_r_t {aka long int}’ [-Wformat=]
 #define AZ_SYS_TIMESTAMP_FMT "<%02d:%02d:%02d:%06d>  " 
                              ^
/home/dhkang/work/Aurora/aurora/inc/sys/linux/az_linux_def.h:80:10: note: in expansion of macro ‘AZ_SYS_TIMESTAMP_FMT’
   printf(AZ_SYS_TIMESTAMP_FMT "[%s:%d] " fmt,tp->tm_hour, tp->tm_min, tp->tm_sec, (int)(_ts.tv_nsec/1000), __FUNCTION__, __LINE__, __VA_ARGS__); \
          ^
/home/dhkang/work/Aurora/aurora/inc/az_printf.h:99:5: note: in expansion of macro ‘az_sys_eprintf’
     az_sys_eprintf("<%d:%s> " fmt, r, az_err_str(r), __VA_ARGS__); \
     ^
/home/dhkang/work/Aurora/aurora/src/test/ut/az_ut_rw_lock.c:187:5: note: in expansion of macro ‘az_rprintf’
     az_rprintf(r, "%s" AZ_NL, "...");
     ^
/home/dhkang/work/Aurora/aurora/src/test/ut/az_ut_rw_lock.c: In function ‘az_ut_run_az_rw_lock’:
/home/dhkang/work/Aurora/aurora/src/test/ut/az_ut_rw_lock.c:215:5: warning: statement with no effect [-Wunused-value]
     name[1] + j;
     ^
In file included from /home/dhkang/work/Aurora/aurora/inc/az_sys_def.h:27:0,
                 from /home/dhkang/work/Aurora/aurora/inc/az_def.h:185,
                 from /home/dhkang/work/Aurora/aurora/inc/az_core.h:24,
                 from /home/dhkang/work/Aurora/aurora/inc/aurora.h:24,
                 from /home/dhkang/work/Aurora/aurora/src/test/ut/az_ut_rw_lock.c:22:
/home/dhkang/work/Aurora/aurora/inc/sys/linux/az_linux_def.h:45:30: warning: format ‘%d’ expects argument of type ‘int’, but argument 6 has type ‘az_r_t {aka long int}’ [-Wformat=]
 #define AZ_SYS_TIMESTAMP_FMT "<%02d:%02d:%02d:%06d>  " 
                              ^
/home/dhkang/work/Aurora/aurora/inc/sys/linux/az_linux_def.h:60:10: note: in expansion of macro ‘AZ_SYS_TIMESTAMP_FMT’
   printf(AZ_SYS_TIMESTAMP_FMT fmt,tp->tm_hour, tp->tm_min, tp->tm_sec, (int)(_ts.tv_nsec/1000), __VA_ARGS__);\
          ^
/home/dhkang/work/Aurora/aurora/inc/az_printf.h:91:5: note: in expansion of macro ‘az_sys_printf’
     az_sys_printf(__VA_ARGS__);\
     ^
/home/dhkang/work/Aurora/aurora/inc/az_printf.h:97:5: note: in expansion of macro ‘az_dprintf’
     az_dprintf("<%d:%s> " fmt, r, az_err_str(r), __VA_ARGS__); \
     ^
/home/dhkang/work/Aurora/aurora/src/test/ut/az_ut_rw_lock.c:228:5: note: in expansion of macro ‘az_rprintf’
     az_rprintf(r, "%s" AZ_NL, "...");
     ^
/home/dhkang/work/Aurora/aurora/inc/sys/linux/az_linux_def.h:45:30: warning: format ‘%d’ expects argument of type ‘int’, but argument 8 has type ‘az_r_t {aka long int}’ [-Wformat=]
 #define AZ_SYS_TIMESTAMP_FMT "<%02d:%02d:%02d:%06d>  " 
                              ^
/home/dhkang/work/Aurora/aurora/inc/sys/linux/az_linux_def.h:80:10: note: in expansion of macro ‘AZ_SYS_TIMESTAMP_FMT’
   printf(AZ_SYS_TIMESTAMP_FMT "[%s:%d] " fmt,tp->tm_hour, tp->tm_min, tp->tm_sec, (int)(_ts.tv_nsec/1000), __FUNCTION__, __LINE__, __VA_ARGS__); \
          ^
/home/dhkang/work/Aurora/aurora/inc/az_printf.h:99:5: note: in expansion of macro ‘az_sys_eprintf’
     az_sys_eprintf("<%d:%s> " fmt, r, az_err_str(r), __VA_ARGS__); \
     ^
/home/dhkang/work/Aurora/aurora/src/test/ut/az_ut_rw_lock.c:228:5: note: in expansion of macro ‘az_rprintf’
     az_rprintf(r, "%s" AZ_NL, "...");
     ^
/home/dhkang/work/Aurora/aurora/src/test/ut/az_ut_rw_lock.c:209:19: warning: unused variable ‘iter’ [-Wunused-variable]
   az_test_iter_t *iter = pTC->test_iter.list + pTC->test_iter.index; 
                   ^
In file included from /home/dhkang/work/Aurora/aurora/inc/az_sys_def.h:27:0,
                 from /home/dhkang/work/Aurora/aurora/inc/az_def.h:185,
                 from /home/dhkang/work/Aurora/aurora/inc/az_core.h:24,
                 from /home/dhkang/work/Aurora/aurora/inc/aurora.h:24,
                 from /home/dhkang/work/Aurora/aurora/src/test/ut/az_ut_rw_lock.c:22:
/home/dhkang/work/Aurora/aurora/src/test/ut/az_ut_rw_lock.c: In function ‘az_ut_epilog_az_rw_lock’:
/home/dhkang/work/Aurora/aurora/inc/sys/linux/az_linux_def.h:45:30: warning: format ‘%d’ expects argument of type ‘int’, but argument 8 has type ‘az_r_t {aka long int}’ [-Wformat=]
 #define AZ_SYS_TIMESTAMP_FMT "<%02d:%02d:%02d:%06d>  " 
                              ^
/home/dhkang/work/Aurora/aurora/inc/sys/linux/az_linux_def.h:60:10: note: in expansion of macro ‘AZ_SYS_TIMESTAMP_FMT’
   printf(AZ_SYS_TIMESTAMP_FMT fmt,tp->tm_hour, tp->tm_min, tp->tm_sec, (int)(_ts.tv_nsec/1000), __VA_ARGS__);\
          ^
/home/dhkang/work/Aurora/aurora/inc/az_printf.h:75:5: note: in expansion of macro ‘az_sys_printf’
     az_sys_printf(__VA_ARGS__);\
     ^
/home/dhkang/work/Aurora/aurora/src/test/ut/az_ut_rw_lock.c:257:3: note: in expansion of macro ‘az_printf’
   az_printf("e=%s r=%s %d\n", tv->expected_result, tv->result, iter->result); 
   ^
/home/dhkang/work/Aurora/aurora/inc/sys/linux/az_linux_def.h:45:30: warning: format ‘%d’ expects argument of type ‘int’, but argument 6 has type ‘az_r_t {aka long int}’ [-Wformat=]
 #define AZ_SYS_TIMESTAMP_FMT "<%02d:%02d:%02d:%06d>  " 
                              ^
/home/dhkang/work/Aurora/aurora/inc/sys/linux/az_linux_def.h:60:10: note: in expansion of macro ‘AZ_SYS_TIMESTAMP_FMT’
   printf(AZ_SYS_TIMESTAMP_FMT fmt,tp->tm_hour, tp->tm_min, tp->tm_sec, (int)(_ts.tv_nsec/1000), __VA_ARGS__);\
          ^
/home/dhkang/work/Aurora/aurora/inc/az_printf.h:91:5: note: in expansion of macro ‘az_sys_printf’
     az_sys_printf(__VA_ARGS__);\
     ^
/home/dhkang/work/Aurora/aurora/inc/az_printf.h:97:5: note: in expansion of macro ‘az_dprintf’
     az_dprintf("<%d:%s> " fmt, r, az_err_str(r), __VA_ARGS__); \
     ^
/home/dhkang/work/Aurora/aurora/src/test/ut/az_ut_rw_lock.c:260:5: note: in expansion of macro ‘az_rprintf’
     az_rprintf(r, "%s" AZ_NL, "...");
     ^
/home/dhkang/work/Aurora/aurora/inc/sys/linux/az_linux_def.h:45:30: warning: format ‘%d’ expects argument of type ‘int’, but argument 8 has type ‘az_r_t {aka long int}’ [-Wformat=]
 #define AZ_SYS_TIMESTAMP_FMT "<%02d:%02d:%02d:%06d>  " 
                              ^
/home/dhkang/work/Aurora/aurora/inc/sys/linux/az_linux_def.h:80:10: note: in expansion of macro ‘AZ_SYS_TIMESTAMP_FMT’
   printf(AZ_SYS_TIMESTAMP_FMT "[%s:%d] " fmt,tp->tm_hour, tp->tm_min, tp->tm_sec, (int)(_ts.tv_nsec/1000), __FUNCTION__, __LINE__, __VA_ARGS__); \
          ^
/home/dhkang/work/Aurora/aurora/inc/az_printf.h:99:5: note: in expansion of macro ‘az_sys_eprintf’
     az_sys_eprintf("<%d:%s> " fmt, r, az_err_str(r), __VA_ARGS__); \
     ^
/home/dhkang/work/Aurora/aurora/src/test/ut/az_ut_rw_lock.c:260:5: note: in expansion of macro ‘az_rprintf’
     az_rprintf(r, "%s" AZ_NL, "...");
     ^
/home/dhkang/work/Aurora/aurora/src/test/ut/az_ut_rw_lock.c:246:8: warning: unused variable ‘name’ [-Wunused-variable]
   char name[] = "r0";
        ^
In file included from /home/dhkang/work/Aurora/aurora/inc/az_sys_def.h:27:0,
                 from /home/dhkang/work/Aurora/aurora/inc/az_def.h:185,
                 from /home/dhkang/work/Aurora/aurora/inc/az_core.h:24,
                 from /home/dhkang/work/Aurora/aurora/inc/aurora.h:24,
                 from /home/dhkang/work/Aurora/aurora/src/test/ut/az_ut_rw_lock.c:22:
/home/dhkang/work/Aurora/aurora/src/test/ut/az_ut_rw_lock.c: In function ‘az_ut_term_az_rw_lock’:
/home/dhkang/work/Aurora/aurora/inc/sys/linux/az_linux_def.h:45:30: warning: format ‘%d’ expects argument of type ‘int’, but argument 6 has type ‘az_r_t {aka long int}’ [-Wformat=]
 #define AZ_SYS_TIMESTAMP_FMT "<%02d:%02d:%02d:%06d>  " 
                              ^
/home/dhkang/work/Aurora/aurora/inc/sys/linux/az_linux_def.h:60:10: note: in expansion of macro ‘AZ_SYS_TIMESTAMP_FMT’
   printf(AZ_SYS_TIMESTAMP_FMT fmt,tp->tm_hour, tp->tm_min, tp->tm_sec, (int)(_ts.tv_nsec/1000), __VA_ARGS__);\
          ^
/home/dhkang/work/Aurora/aurora/inc/az_printf.h:91:5: note: in expansion of macro ‘az_sys_printf’
     az_sys_printf(__VA_ARGS__);\
     ^
/home/dhkang/work/Aurora/aurora/inc/az_printf.h:97:5: note: in expansion of macro ‘az_dprintf’
     az_dprintf("<%d:%s> " fmt, r, az_err_str(r), __VA_ARGS__); \
     ^
/home/dhkang/work/Aurora/aurora/src/test/ut/az_ut_rw_lock.c:286:5: note: in expansion of macro ‘az_rprintf’
     az_rprintf(r, "%s" AZ_NL, "...");
     ^
/home/dhkang/work/Aurora/aurora/inc/sys/linux/az_linux_def.h:45:30: warning: format ‘%d’ expects argument of type ‘int’, but argument 8 has type ‘az_r_t {aka long int}’ [-Wformat=]
 #define AZ_SYS_TIMESTAMP_FMT "<%02d:%02d:%02d:%06d>  " 
                              ^
/home/dhkang/work/Aurora/aurora/inc/sys/linux/az_linux_def.h:80:10: note: in expansion of macro ‘AZ_SYS_TIMESTAMP_FMT’
   printf(AZ_SYS_TIMESTAMP_FMT "[%s:%d] " fmt,tp->tm_hour, tp->tm_min, tp->tm_sec, (int)(_ts.tv_nsec/1000), __FUNCTION__, __LINE__, __VA_ARGS__); \
          ^
/home/dhkang/work/Aurora/aurora/inc/az_printf.h:99:5: note: in expansion of macro ‘az_sys_eprintf’
     az_sys_eprintf("<%d:%s> " fmt, r, az_err_str(r), __VA_ARGS__); \
     ^
/home/dhkang/work/Aurora/aurora/src/test/ut/az_ut_rw_lock.c:286:5: note: in expansion of macro ‘az_rprintf’
     az_rprintf(r, "%s" AZ_NL, "...");
     ^
In file included from /home/dhkang/work/Aurora/aurora/inc/sys/linux/az_linux_def.h:305:0,
                 from /home/dhkang/work/Aurora/aurora/inc/az_sys_def.h:27,
                 from /home/dhkang/work/Aurora/aurora/inc/az_def.h:185,
                 from /home/dhkang/work/Aurora/aurora/inc/az_core.h:24,
                 from /home/dhkang/work/Aurora/aurora/inc/aurora.h:24,
                 from /home/dhkang/work/Aurora/aurora/src/test/ut/az_ut_rw_lock.c:22:
/home/dhkang/work/Aurora/aurora/src/test/ut/az_ut_rw_lock.c: At top level:
/home/dhkang/work/Aurora/aurora/inc/sys/linux/az_linux_dllib.h:139:54: warning: ‘az_sys_dllib_findBfdAddr2Name’ defined but not used [-Wunused-function]
 static char __attribute__((no_instrument_function)) *az_sys_dllib_findBfdAddr2Name(az_ref_t addr) 
                                                      ^
In file included from /home/dhkang/work/Aurora/aurora/inc/az_core.h:34:0,
                 from /home/dhkang/work/Aurora/aurora/inc/aurora.h:24,
                 from /home/dhkang/work/Aurora/aurora/src/test/ut/az_ut_rw_lock.c:22:
/home/dhkang/work/Aurora/aurora/inc/az_ion.h:81:13: warning: ‘az_ion_invalidate’ defined but not used [-Wunused-function]
 static void az_ion_invalidate(az_ion_t *ion, int is_static)
             ^
In file included from /home/dhkang/work/Aurora/aurora/inc/az_sys_def.h:27:0,
                 from /home/dhkang/work/Aurora/aurora/inc/az_def.h:185,
                 from /home/dhkang/work/Aurora/aurora/inc/az_core.h:24,
                 from /home/dhkang/work/Aurora/aurora/inc/aurora.h:24,
                 from /home/dhkang/work/Aurora/aurora/src/test/ut/az_ut_rw_lock.c:22:
/home/dhkang/work/Aurora/aurora/src/test/ut/az_ut_rw_lock.c: In function ‘az_sys_dllib_findBfdSymbol’:
/home/dhkang/work/Aurora/aurora/inc/sys/linux/az_linux_def.h:80:3: warning: ‘symtab’ may be used uninitialized in this function [-Wmaybe-uninitialized]
   printf(AZ_SYS_TIMESTAMP_FMT "[%s:%d] " fmt,tp->tm_hour, tp->tm_min, tp->tm_sec, (int)(_ts.tv_nsec/1000), __FUNCTION__, __LINE__, __VA_ARGS__); \
   ^
In file included from /home/dhkang/work/Aurora/aurora/inc/sys/linux/az_linux_def.h:305:0,
                 from /home/dhkang/work/Aurora/aurora/inc/az_sys_def.h:27,
                 from /home/dhkang/work/Aurora/aurora/inc/az_def.h:185,
                 from /home/dhkang/work/Aurora/aurora/inc/az_core.h:24,
                 from /home/dhkang/work/Aurora/aurora/inc/aurora.h:24,
                 from /home/dhkang/work/Aurora/aurora/src/test/ut/az_ut_rw_lock.c:22:
/home/dhkang/work/Aurora/aurora/inc/sys/linux/az_linux_dllib.h:94:13: note: ‘symtab’ was declared here
   asymbol **symtab;
             ^
In file included from /home/dhkang/work/Aurora/aurora/inc/az_sys_def.h:27:0,
                 from /home/dhkang/work/Aurora/aurora/inc/az_def.h:185,
                 from /home/dhkang/work/Aurora/aurora/inc/az_core.h:24,
                 from /home/dhkang/work/Aurora/aurora/inc/aurora.h:24,
                 from /home/dhkang/work/Aurora/aurora/src/test/ut/az_ut_rw_lock.c:22:
/home/dhkang/work/Aurora/aurora/inc/sys/linux/az_linux_def.h:80:3: warning: ‘nsyms’ may be used uninitialized in this function [-Wmaybe-uninitialized]
   printf(AZ_SYS_TIMESTAMP_FMT "[%s:%d] " fmt,tp->tm_hour, tp->tm_min, tp->tm_sec, (int)(_ts.tv_nsec/1000), __FUNCTION__, __LINE__, __VA_ARGS__); \
   ^
In file included from /home/dhkang/work/Aurora/aurora/inc/sys/linux/az_linux_def.h:305:0,
                 from /home/dhkang/work/Aurora/aurora/inc/az_sys_def.h:27,
                 from /home/dhkang/work/Aurora/aurora/inc/az_def.h:185,
                 from /home/dhkang/work/Aurora/aurora/inc/az_core.h:24,
                 from /home/dhkang/work/Aurora/aurora/inc/aurora.h:24,
                 from /home/dhkang/work/Aurora/aurora/src/test/ut/az_ut_rw_lock.c:22:
/home/dhkang/work/Aurora/aurora/inc/sys/linux/az_linux_dllib.h:95:20: note: ‘nsyms’ was declared here
   az_size_t nsize, nsyms, i;
                    ^
Finished building: /home/dhkang/work/Aurora/aurora/src/test/ut/az_ut_rw_lock.c
 
Building file: /home/dhkang/work/Aurora/aurora/src/frw/az_main.c
Invoking: GCC C Compiler
gcc -Dlinux -D"BASE_FILENAME=\"az_main.c\"" -I"/home/dhkang/work/Aurora/aurora/inc" -I"/home/dhkang/work/Aurora/aurora/inc/sys" -I"/home/dhkang/work/Aurora/aurora/inc/sys/linux" -O0 -g3 -finstrument-functions -Wall -c -fmessage-length=0 -fsanitize=address -MMD -MP -MF"Sources/az_main.d" -MT"Sources/az_main.o" -o "Sources/az_main.o" "/home/dhkang/work/Aurora/aurora/src/frw/az_main.c"
In file included from /home/dhkang/work/Aurora/aurora/inc/sys/linux/az_linux_def.h:122:0,
                 from /home/dhkang/work/Aurora/aurora/inc/az_sys_def.h:27,
                 from /home/dhkang/work/Aurora/aurora/inc/az_def.h:185,
                 from /home/dhkang/work/Aurora/aurora/inc/az_core.h:24,
                 from /home/dhkang/work/Aurora/aurora/inc/aurora.h:24,
                 from /home/dhkang/work/Aurora/aurora/src/frw/az_main.c:22:
/home/dhkang/work/Aurora/aurora/inc/sys/linux/az_linux_fs.h: In function ‘az_sys_fs_copy’:
/home/dhkang/work/Aurora/aurora/inc/sys/linux/az_linux_fs.h:217:14: warning: implicit declaration of function ‘sendfile’ [-Wimplicit-function-declaration]
       wlen = sendfile(dst, src, &offset, 4096);
              ^
In file included from /home/dhkang/work/Aurora/aurora/inc/sys/linux/az_linux_def.h:180:0,
                 from /home/dhkang/work/Aurora/aurora/inc/az_sys_def.h:27,
                 from /home/dhkang/work/Aurora/aurora/inc/az_def.h:185,
                 from /home/dhkang/work/Aurora/aurora/inc/az_core.h:24,
                 from /home/dhkang/work/Aurora/aurora/inc/aurora.h:24,
                 from /home/dhkang/work/Aurora/aurora/src/frw/az_main.c:22:
/home/dhkang/work/Aurora/aurora/inc/sys/linux/az_linux_event.h: In function ‘az_sys_iomux_add_ep’:
/home/dhkang/work/Aurora/aurora/inc/sys/linux/az_linux_event.h:373:10: warning: ‘return’ with a value, in function returning void
   return r;
          ^
/home/dhkang/work/Aurora/aurora/inc/sys/linux/az_linux_event.h: In function ‘az_sys_iomux_del_ep’:
/home/dhkang/work/Aurora/aurora/inc/sys/linux/az_linux_event.h:388:10: warning: ‘return’ with a value, in function returning void
   return r;
          ^
In file included from /home/dhkang/work/Aurora/aurora/inc/sys/linux/az_linux_def.h:305:0,
                 from /home/dhkang/work/Aurora/aurora/inc/az_sys_def.h:27,
                 from /home/dhkang/work/Aurora/aurora/inc/az_def.h:185,
                 from /home/dhkang/work/Aurora/aurora/inc/az_core.h:24,
                 from /home/dhkang/work/Aurora/aurora/inc/aurora.h:24,
                 from /home/dhkang/work/Aurora/aurora/src/frw/az_main.c:22:
/home/dhkang/work/Aurora/aurora/inc/sys/linux/az_linux_dllib.h: In function ‘az_sys_dllib_findBfdAddr2Name’:
/home/dhkang/work/Aurora/aurora/inc/sys/linux/az_linux_dllib.h:161:14: warning: assignment discards ‘const’ qualifier from pointer target type [-Wdiscarded-qualifiers]
         name = symtab[i]->name;
              ^
In file included from /home/dhkang/work/Aurora/aurora/inc/az_core.h:32:0,
                 from /home/dhkang/work/Aurora/aurora/inc/aurora.h:24,
                 from /home/dhkang/work/Aurora/aurora/src/frw/az_main.c:22:
/home/dhkang/work/Aurora/aurora/inc/az_string.h: In function ‘az_hexStringDecode’:
/home/dhkang/work/Aurora/aurora/inc/az_string.h:186:19: warning: implicit declaration of function ‘az_hex2Byte’ [-Wimplicit-function-declaration]
     outBytes[i] = az_hex2Byte(&inHexStr[i*2]);
                   ^
In file included from /home/dhkang/work/Aurora/aurora/inc/az_core.h:33:0,
                 from /home/dhkang/work/Aurora/aurora/inc/aurora.h:24,
                 from /home/dhkang/work/Aurora/aurora/src/frw/az_main.c:22:
/home/dhkang/work/Aurora/aurora/inc/az_array.h: In function ‘az_array_add32’:
/home/dhkang/work/Aurora/aurora/inc/az_array.h:329:5: warning: implicit declaration of function ‘az_array_est_element32_at’ [-Wimplicit-function-declaration]
     az_array_est_element32_at(pArray, id, e);
     ^
In file included from /home/dhkang/work/Aurora/aurora/inc/aurora.h:26:0,
                 from /home/dhkang/work/Aurora/aurora/src/frw/az_main.c:22:
/home/dhkang/work/Aurora/aurora/inc/az_printf.h: At top level:
/home/dhkang/work/Aurora/aurora/inc/az_printf.h:117:0: warning: "AZ_LOG_LEVEL_DEBUG" redefined
 #define AZ_LOG_LEVEL_DEBUG    70
 ^
In file included from /home/dhkang/work/Aurora/aurora/inc/az_printf.h:24:0,
                 from /home/dhkang/work/Aurora/aurora/inc/aurora.h:26,
                 from /home/dhkang/work/Aurora/aurora/src/frw/az_main.c:22:
/home/dhkang/work/Aurora/aurora/inc/az_log.h:88:0: note: this is the location of the previous definition
 #define AZ_LOG_LEVEL_DEBUG    60
 ^
In file included from /home/dhkang/work/Aurora/aurora/inc/aurora.h:26:0,
                 from /home/dhkang/work/Aurora/aurora/src/frw/az_main.c:22:
/home/dhkang/work/Aurora/aurora/inc/az_printf.h:118:0: warning: "AZ_LOG_LEVEL_VERBOSE" redefined
 #define AZ_LOG_LEVEL_VERBOSE  80
 ^
In file included from /home/dhkang/work/Aurora/aurora/inc/az_printf.h:24:0,
                 from /home/dhkang/work/Aurora/aurora/inc/aurora.h:26,
                 from /home/dhkang/work/Aurora/aurora/src/frw/az_main.c:22:
/home/dhkang/work/Aurora/aurora/inc/az_log.h:89:0: note: this is the location of the previous definition
 #define AZ_LOG_LEVEL_VERBOSE  70
 ^
In file included from /home/dhkang/work/Aurora/aurora/inc/az_sys_def.h:27:0,
                 from /home/dhkang/work/Aurora/aurora/inc/az_def.h:185,
                 from /home/dhkang/work/Aurora/aurora/inc/az_core.h:24,
                 from /home/dhkang/work/Aurora/aurora/inc/aurora.h:24,
                 from /home/dhkang/work/Aurora/aurora/src/frw/az_main.c:22:
/home/dhkang/work/Aurora/aurora/src/frw/az_main.c: In function ‘az_xu_entry3’:
/home/dhkang/work/Aurora/aurora/inc/sys/linux/az_linux_def.h:45:30: warning: format ‘%d’ expects argument of type ‘int’, but argument 6 has type ‘az_r_t {aka long int}’ [-Wformat=]
 #define AZ_SYS_TIMESTAMP_FMT "<%02d:%02d:%02d:%06d>  " 
                              ^
/home/dhkang/work/Aurora/aurora/inc/sys/linux/az_linux_def.h:60:10: note: in expansion of macro ‘AZ_SYS_TIMESTAMP_FMT’
   printf(AZ_SYS_TIMESTAMP_FMT fmt,tp->tm_hour, tp->tm_min, tp->tm_sec, (int)(_ts.tv_nsec/1000), __VA_ARGS__);\
          ^
/home/dhkang/work/Aurora/aurora/inc/az_printf.h:91:5: note: in expansion of macro ‘az_sys_printf’
     az_sys_printf(__VA_ARGS__);\
     ^
/home/dhkang/work/Aurora/aurora/inc/az_printf.h:97:5: note: in expansion of macro ‘az_dprintf’
     az_dprintf("<%d:%s> " fmt, r, az_err_str(r), __VA_ARGS__); \
     ^
/home/dhkang/work/Aurora/aurora/src/frw/az_main.c:96:5: note: in expansion of macro ‘az_rprintf’
     az_rprintf(r, "%s count=%d recv %x\n", __FUNCTION__, count, revents); 
     ^
/home/dhkang/work/Aurora/aurora/inc/sys/linux/az_linux_def.h:45:30: warning: format ‘%d’ expects argument of type ‘int’, but argument 8 has type ‘az_r_t {aka long int}’ [-Wformat=]
 #define AZ_SYS_TIMESTAMP_FMT "<%02d:%02d:%02d:%06d>  " 
                              ^
/home/dhkang/work/Aurora/aurora/inc/sys/linux/az_linux_def.h:80:10: note: in expansion of macro ‘AZ_SYS_TIMESTAMP_FMT’
   printf(AZ_SYS_TIMESTAMP_FMT "[%s:%d] " fmt,tp->tm_hour, tp->tm_min, tp->tm_sec, (int)(_ts.tv_nsec/1000), __FUNCTION__, __LINE__, __VA_ARGS__); \
          ^
/home/dhkang/work/Aurora/aurora/inc/az_printf.h:99:5: note: in expansion of macro ‘az_sys_eprintf’
     az_sys_eprintf("<%d:%s> " fmt, r, az_err_str(r), __VA_ARGS__); \
     ^
/home/dhkang/work/Aurora/aurora/src/frw/az_main.c:96:5: note: in expansion of macro ‘az_rprintf’
     az_rprintf(r, "%s count=%d recv %x\n", __FUNCTION__, count, revents); 
     ^
/home/dhkang/work/Aurora/aurora/src/frw/az_main.c: In function ‘az_xu_main_entry’:
/home/dhkang/work/Aurora/aurora/src/frw/az_main.c:214:10: warning: implicit declaration of function ‘az_test_main’ [-Wimplicit-function-declaration]
   return az_test_main(arg->argc, arg->argv);
          ^
/home/dhkang/work/Aurora/aurora/src/frw/az_main.c:214:10: warning: return makes pointer from integer without a cast [-Wint-conversion]
/home/dhkang/work/Aurora/aurora/src/frw/az_main.c: In function ‘main’:
/home/dhkang/work/Aurora/aurora/src/frw/az_main.c:236:3: warning: implicit declaration of function ‘az_trace_start_default_thread’ [-Wimplicit-function-declaration]
   az_trace_start_default_thread();
   ^
/home/dhkang/work/Aurora/aurora/src/frw/az_main.c:238:3: warning: implicit declaration of function ‘az_mcheck_init’ [-Wimplicit-function-declaration]
   az_mcheck_init();
   ^
/home/dhkang/work/Aurora/aurora/src/frw/az_main.c:248:28: warning: passing argument 2 of ‘az_xu_create’ from incompatible pointer type [-Wincompatible-pointer-types]
   r = az_xu_create("main", az_xu_main_entry, &az_xu_main_arg, &az_xu_main_config, &az_xu_main);
                            ^
In file included from /home/dhkang/work/Aurora/aurora/inc/az_sys_base.h:26:0,
                 from /home/dhkang/work/Aurora/aurora/inc/aurora.h:25,
                 from /home/dhkang/work/Aurora/aurora/src/frw/az_main.c:22:
/home/dhkang/work/Aurora/aurora/inc/sys/az_xu.h:210:15: note: expected ‘az_xu_entry_t {aka void * (*)(void *)}’ but argument is of type ‘void * (*)(struct az_xu_main_arg *)’
 extern az_r_t az_xu_create(char *name, az_xu_entry_t entry, az_xu_arg_t arg, az_xu_config_t *pCfg, az_xu_t *pXU);
               ^
/home/dhkang/work/Aurora/aurora/src/frw/az_main.c:256:12: warning: cast from pointer to integer of different size [-Wpointer-to-int-cast]
     return (int)az_xu_entry(az_xu_main);
            ^
In file included from /home/dhkang/work/Aurora/aurora/inc/sys/linux/az_linux_def.h:305:0,
                 from /home/dhkang/work/Aurora/aurora/inc/az_sys_def.h:27,
                 from /home/dhkang/work/Aurora/aurora/inc/az_def.h:185,
                 from /home/dhkang/work/Aurora/aurora/inc/az_core.h:24,
                 from /home/dhkang/work/Aurora/aurora/inc/aurora.h:24,
                 from /home/dhkang/work/Aurora/aurora/src/frw/az_main.c:22:
/home/dhkang/work/Aurora/aurora/src/frw/az_main.c: At top level:
/home/dhkang/work/Aurora/aurora/inc/sys/linux/az_linux_dllib.h:139:54: warning: ‘az_sys_dllib_findBfdAddr2Name’ defined but not used [-Wunused-function]
 static char __attribute__((no_instrument_function)) *az_sys_dllib_findBfdAddr2Name(az_ref_t addr) 
                                                      ^
In file included from /home/dhkang/work/Aurora/aurora/inc/az_core.h:34:0,
                 from /home/dhkang/work/Aurora/aurora/inc/aurora.h:24,
                 from /home/dhkang/work/Aurora/aurora/src/frw/az_main.c:22:
/home/dhkang/work/Aurora/aurora/inc/az_ion.h:81:13: warning: ‘az_ion_invalidate’ defined but not used [-Wunused-function]
 static void az_ion_invalidate(az_ion_t *ion, int is_static)
             ^
In file included from /home/dhkang/work/Aurora/aurora/inc/az_sys_def.h:27:0,
                 from /home/dhkang/work/Aurora/aurora/inc/az_def.h:185,
                 from /home/dhkang/work/Aurora/aurora/inc/az_core.h:24,
                 from /home/dhkang/work/Aurora/aurora/inc/aurora.h:24,
                 from /home/dhkang/work/Aurora/aurora/src/frw/az_main.c:22:
/home/dhkang/work/Aurora/aurora/src/frw/az_main.c: In function ‘az_sys_dllib_findBfdSymbol’:
/home/dhkang/work/Aurora/aurora/inc/sys/linux/az_linux_def.h:80:3: warning: ‘symtab’ may be used uninitialized in this function [-Wmaybe-uninitialized]
   printf(AZ_SYS_TIMESTAMP_FMT "[%s:%d] " fmt,tp->tm_hour, tp->tm_min, tp->tm_sec, (int)(_ts.tv_nsec/1000), __FUNCTION__, __LINE__, __VA_ARGS__); \
   ^
In file included from /home/dhkang/work/Aurora/aurora/inc/sys/linux/az_linux_def.h:305:0,
                 from /home/dhkang/work/Aurora/aurora/inc/az_sys_def.h:27,
                 from /home/dhkang/work/Aurora/aurora/inc/az_def.h:185,
                 from /home/dhkang/work/Aurora/aurora/inc/az_core.h:24,
                 from /home/dhkang/work/Aurora/aurora/inc/aurora.h:24,
                 from /home/dhkang/work/Aurora/aurora/src/frw/az_main.c:22:
/home/dhkang/work/Aurora/aurora/inc/sys/linux/az_linux_dllib.h:94:13: note: ‘symtab’ was declared here
   asymbol **symtab;
             ^
In file included from /home/dhkang/work/Aurora/aurora/inc/az_sys_def.h:27:0,
                 from /home/dhkang/work/Aurora/aurora/inc/az_def.h:185,
                 from /home/dhkang/work/Aurora/aurora/inc/az_core.h:24,
                 from /home/dhkang/work/Aurora/aurora/inc/aurora.h:24,
                 from /home/dhkang/work/Aurora/aurora/src/frw/az_main.c:22:
/home/dhkang/work/Aurora/aurora/inc/sys/linux/az_linux_def.h:80:3: warning: ‘nsyms’ may be used uninitialized in this function [-Wmaybe-uninitialized]
   printf(AZ_SYS_TIMESTAMP_FMT "[%s:%d] " fmt,tp->tm_hour, tp->tm_min, tp->tm_sec, (int)(_ts.tv_nsec/1000), __FUNCTION__, __LINE__, __VA_ARGS__); \
   ^
In file included from /home/dhkang/work/Aurora/aurora/inc/sys/linux/az_linux_def.h:305:0,
                 from /home/dhkang/work/Aurora/aurora/inc/az_sys_def.h:27,
                 from /home/dhkang/work/Aurora/aurora/inc/az_def.h:185,
                 from /home/dhkang/work/Aurora/aurora/inc/az_core.h:24,
                 from /home/dhkang/work/Aurora/aurora/inc/aurora.h:24,
                 from /home/dhkang/work/Aurora/aurora/src/frw/az_main.c:22:
/home/dhkang/work/Aurora/aurora/inc/sys/linux/az_linux_dllib.h:95:20: note: ‘nsyms’ was declared here
   az_size_t nsize, nsyms, i;
                    ^
Finished building: /home/dhkang/work/Aurora/aurora/src/frw/az_main.c
 
Building target: auroraIT
Invoking: GCC C++ Linker
g++ -L"/home/dhkang/work/Aurora/build/linux/ecs_build/x86_64/Debug/lib" -o "auroraIT"  ./ut/abc.o ./ut/az_unitTest.o ./ut/az_ut_rw_lock.o  ./Sources/az_main.o   -lAurora -lasan -lbfd -ldl -lrt -lstdc++ -lm -lgcc -lpthread
Finished building target: auroraIT
 
make --no-print-directory post-build
copy exeutable to output location
cp auroraIT /home/dhkang/work/Aurora/build/linux/ecs_build/x86_64/Debug/bin/; cp auroraIT /home/dhkang/work/Aurora/bin/linux/
 

20:57:50 Build Finished (took 1s.430ms)

