11:23:08 **** Build of configuration Debug2 for project auron ****
make all 
Building file: /home/dhkang/work/Aurora/auron/src/addr2line.c
Invoking: GCC C Compiler
gcc -Dlinux -D"BASE_FILENAME=\"addr2line.c\"" -I"/home/dhkang/work/Aurora/aurora/inc" -I"/home/dhkang/work/Aurora/aurora/inc/sys" -I"/home/dhkang/work/Aurora/aurora/inc/sys/linux" -I"/home/dhkang/work/Aurora/auron/inc" -O0 -g3 -finstrument-functions -Wall -c -fmessage-length=0 -MMD -MP -MF"Sources/auron_src/addr2line.d" -MT"Sources/auron_src/addr2line.o" -o "Sources/auron_src/addr2line.o" "/home/dhkang/work/Aurora/auron/src/addr2line.c"
In file included from /home/dhkang/work/Aurora/aurora/inc/sys/linux/az_linux_def.h:69:0,
                 from /home/dhkang/work/Aurora/aurora/inc/az_sys_def.h:27,
                 from /home/dhkang/work/Aurora/aurora/inc/az_def.h:189,
                 from /home/dhkang/work/Aurora/aurora/inc/az_core.h:24,
                 from /home/dhkang/work/Aurora/aurora/inc/aurora.h:24,
                 from /home/dhkang/work/Aurora/auron/src/addr2line.c:25:
/home/dhkang/work/Aurora/aurora/inc/sys/linux/az_linux_fs.h: In function ‘az_sys_fs_copy’:
/home/dhkang/work/Aurora/aurora/inc/sys/linux/az_linux_fs.h:217:14: warning: implicit declaration of function ‘sendfile’ [-Wimplicit-function-declaration]
       wlen = sendfile(dst, src, &offset, 4096);
              ^
In file included from /home/dhkang/work/Aurora/aurora/inc/sys/linux/az_linux_def.h:127:0,
                 from /home/dhkang/work/Aurora/aurora/inc/az_sys_def.h:27,
                 from /home/dhkang/work/Aurora/aurora/inc/az_def.h:189,
                 from /home/dhkang/work/Aurora/aurora/inc/az_core.h:24,
                 from /home/dhkang/work/Aurora/aurora/inc/aurora.h:24,
                 from /home/dhkang/work/Aurora/auron/src/addr2line.c:25:
/home/dhkang/work/Aurora/aurora/inc/sys/linux/az_linux_event.h: In function ‘az_sys_iomux_add_ep’:
/home/dhkang/work/Aurora/aurora/inc/sys/linux/az_linux_event.h:377:10: warning: ‘return’ with a value, in function returning void
   return r;
          ^
/home/dhkang/work/Aurora/aurora/inc/sys/linux/az_linux_event.h: In function ‘az_sys_iomux_del_ep’:
/home/dhkang/work/Aurora/aurora/inc/sys/linux/az_linux_event.h:392:10: warning: ‘return’ with a value, in function returning void
   return r;
          ^
In file included from /home/dhkang/work/Aurora/aurora/inc/sys/linux/az_linux_def.h:255:0,
                 from /home/dhkang/work/Aurora/aurora/inc/az_sys_def.h:27,
                 from /home/dhkang/work/Aurora/aurora/inc/az_def.h:189,
                 from /home/dhkang/work/Aurora/aurora/inc/az_core.h:24,
                 from /home/dhkang/work/Aurora/aurora/inc/aurora.h:24,
                 from /home/dhkang/work/Aurora/auron/src/addr2line.c:25:
/home/dhkang/work/Aurora/aurora/inc/sys/linux/az_linux_dllib.h: In function ‘az_sys_dllib_findBfdAddr2Name’:
/home/dhkang/work/Aurora/aurora/inc/sys/linux/az_linux_dllib.h:162:14: warning: assignment discards ‘const’ qualifier from pointer target type [-Wdiscarded-qualifiers]
         name = symtab[i]->name;
              ^
In file included from /home/dhkang/work/Aurora/aurora/inc/az_core.h:32:0,
                 from /home/dhkang/work/Aurora/aurora/inc/aurora.h:24,
                 from /home/dhkang/work/Aurora/auron/src/addr2line.c:25:
/home/dhkang/work/Aurora/aurora/inc/az_string.h: In function ‘az_hexStringDecode’:
/home/dhkang/work/Aurora/aurora/inc/az_string.h:186:19: warning: implicit declaration of function ‘az_hex2Byte’ [-Wimplicit-function-declaration]
     outBytes[i] = az_hex2Byte(&inHexStr[i*2]);
                   ^
In file included from /home/dhkang/work/Aurora/aurora/inc/az_core.h:33:0,
                 from /home/dhkang/work/Aurora/aurora/inc/aurora.h:24,
                 from /home/dhkang/work/Aurora/auron/src/addr2line.c:25:
/home/dhkang/work/Aurora/aurora/inc/az_array.h: In function ‘az_array_add32’:
/home/dhkang/work/Aurora/aurora/inc/az_array.h:329:5: warning: implicit declaration of function ‘az_array_est_element32_at’ [-Wimplicit-function-declaration]
     az_array_est_element32_at(pArray, id, e);
     ^
In file included from /home/dhkang/work/Aurora/aurora/inc/mon/az_probe.h:28:0,
                 from /home/dhkang/work/Aurora/aurora/inc/aurora.h:28,
                 from /home/dhkang/work/Aurora/auron/src/addr2line.c:25:
/home/dhkang/work/Aurora/aurora/inc/sys/az_inet.h: In function ‘az_inet_openLocalSocket’:
/home/dhkang/work/Aurora/aurora/inc/sys/az_inet.h:196:49: warning: passing argument 4 of ‘az_inet_mkLocalSocketAddr’ from incompatible pointer type [-Wincompatible-pointer-types]
     az_inet_mkLocalSocketAddr(name, NULL, NULL, addr);
                                                 ^
/home/dhkang/work/Aurora/aurora/inc/sys/az_inet.h:146:20: note: expected ‘az_sys_sockaddr_t * {aka struct sockaddr *}’ but argument is of type ‘struct sockaddr_un *’
 static inline void az_inet_mkLocalSocketAddr(char *name, char *key1, char *key2, 
                    ^
/home/dhkang/work/Aurora/auron/src/addr2line.c: At top level:
/home/dhkang/work/Aurora/auron/src/addr2line.c:455:33: warning: "/*" within comment [-Wcomment]
   /*  expandargv(&argc, &argv); /*libiberty*/
                                 ^
In file included from /home/dhkang/work/Aurora/aurora/inc/sys/linux/az_linux_def.h:255:0,
                 from /home/dhkang/work/Aurora/aurora/inc/az_sys_def.h:27,
                 from /home/dhkang/work/Aurora/aurora/inc/az_def.h:189,
                 from /home/dhkang/work/Aurora/aurora/inc/az_core.h:24,
                 from /home/dhkang/work/Aurora/aurora/inc/aurora.h:24,
                 from /home/dhkang/work/Aurora/auron/src/addr2line.c:25:
/home/dhkang/work/Aurora/aurora/inc/sys/linux/az_linux_dllib.h:140:54: warning: ‘az_sys_dllib_findBfdAddr2Name’ defined but not used [-Wunused-function]
 static char __attribute__((no_instrument_function)) *az_sys_dllib_findBfdAddr2Name(az_ref_t addr) 
                                                      ^
In file included from /home/dhkang/work/Aurora/aurora/inc/az_core.h:34:0,
                 from /home/dhkang/work/Aurora/aurora/inc/aurora.h:24,
                 from /home/dhkang/work/Aurora/auron/src/addr2line.c:25:
/home/dhkang/work/Aurora/aurora/inc/az_ion.h:94:13: warning: ‘az_ion_invalidate’ defined but not used [-Wunused-function]
 static void az_ion_invalidate(az_ion_t *ion, int is_static)
             ^
In file included from /home/dhkang/work/Aurora/aurora/inc/sys/linux/az_linux_def.h:45:0,
                 from /home/dhkang/work/Aurora/aurora/inc/az_sys_def.h:27,
                 from /home/dhkang/work/Aurora/aurora/inc/az_def.h:189,
                 from /home/dhkang/work/Aurora/aurora/inc/az_core.h:24,
                 from /home/dhkang/work/Aurora/aurora/inc/aurora.h:24,
                 from /home/dhkang/work/Aurora/auron/src/addr2line.c:25:
/home/dhkang/work/Aurora/auron/src/addr2line.c: In function ‘az_sys_dllib_findBfdSymbol’:
/home/dhkang/work/Aurora/aurora/inc/sys/az_sys_printf.h:91:3: warning: ‘symtab’ may be used uninitialized in this function [-Wmaybe-uninitialized]
   printf(AZ_SYS_TIMESTAMP_FMT "[%s:%d] " fmt,tp->tm_hour, tp->tm_min, tp->tm_sec, (int)(_ts.tv_nsec/1000), __FUNCTION__, __LINE__, __VA_ARGS__); \
   ^
In file included from /home/dhkang/work/Aurora/aurora/inc/sys/linux/az_linux_def.h:255:0,
                 from /home/dhkang/work/Aurora/aurora/inc/az_sys_def.h:27,
                 from /home/dhkang/work/Aurora/aurora/inc/az_def.h:189,
                 from /home/dhkang/work/Aurora/aurora/inc/az_core.h:24,
                 from /home/dhkang/work/Aurora/aurora/inc/aurora.h:24,
                 from /home/dhkang/work/Aurora/auron/src/addr2line.c:25:
/home/dhkang/work/Aurora/aurora/inc/sys/linux/az_linux_dllib.h:95:13: note: ‘symtab’ was declared here
   asymbol **symtab;
             ^
In file included from /home/dhkang/work/Aurora/aurora/inc/sys/linux/az_linux_def.h:45:0,
                 from /home/dhkang/work/Aurora/aurora/inc/az_sys_def.h:27,
                 from /home/dhkang/work/Aurora/aurora/inc/az_def.h:189,
                 from /home/dhkang/work/Aurora/aurora/inc/az_core.h:24,
                 from /home/dhkang/work/Aurora/aurora/inc/aurora.h:24,
                 from /home/dhkang/work/Aurora/auron/src/addr2line.c:25:
/home/dhkang/work/Aurora/aurora/inc/sys/az_sys_printf.h:91:3: warning: ‘nsyms’ may be used uninitialized in this function [-Wmaybe-uninitialized]
   printf(AZ_SYS_TIMESTAMP_FMT "[%s:%d] " fmt,tp->tm_hour, tp->tm_min, tp->tm_sec, (int)(_ts.tv_nsec/1000), __FUNCTION__, __LINE__, __VA_ARGS__); \
   ^
In file included from /home/dhkang/work/Aurora/aurora/inc/sys/linux/az_linux_def.h:255:0,
                 from /home/dhkang/work/Aurora/aurora/inc/az_sys_def.h:27,
                 from /home/dhkang/work/Aurora/aurora/inc/az_def.h:189,
                 from /home/dhkang/work/Aurora/aurora/inc/az_core.h:24,
                 from /home/dhkang/work/Aurora/aurora/inc/aurora.h:24,
                 from /home/dhkang/work/Aurora/auron/src/addr2line.c:25:
/home/dhkang/work/Aurora/aurora/inc/sys/linux/az_linux_dllib.h:96:20: note: ‘nsyms’ was declared here
   az_size_t nsize, nsyms, i;
                    ^
Finished building: /home/dhkang/work/Aurora/auron/src/addr2line.c
 
Building file: /home/dhkang/work/Aurora/auron/src/azm_main.c
Invoking: GCC C Compiler
gcc -Dlinux -D"BASE_FILENAME=\"azm_main.c\"" -I"/home/dhkang/work/Aurora/aurora/inc" -I"/home/dhkang/work/Aurora/aurora/inc/sys" -I"/home/dhkang/work/Aurora/aurora/inc/sys/linux" -I"/home/dhkang/work/Aurora/auron/inc" -O0 -g3 -finstrument-functions -Wall -c -fmessage-length=0 -MMD -MP -MF"Sources/auron_src/azm_main.d" -MT"Sources/auron_src/azm_main.o" -o "Sources/auron_src/azm_main.o" "/home/dhkang/work/Aurora/auron/src/azm_main.c"
In file included from /home/dhkang/work/Aurora/aurora/inc/sys/linux/az_linux_def.h:69:0,
                 from /home/dhkang/work/Aurora/aurora/inc/az_sys_def.h:27,
                 from /home/dhkang/work/Aurora/aurora/inc/az_def.h:189,
                 from /home/dhkang/work/Aurora/aurora/inc/az_core.h:24,
                 from /home/dhkang/work/Aurora/aurora/inc/aurora.h:24,
                 from /home/dhkang/work/Aurora/auron/src/azm_main.c:22:
/home/dhkang/work/Aurora/aurora/inc/sys/linux/az_linux_fs.h: In function ‘az_sys_fs_copy’:
/home/dhkang/work/Aurora/aurora/inc/sys/linux/az_linux_fs.h:217:14: warning: implicit declaration of function ‘sendfile’ [-Wimplicit-function-declaration]
       wlen = sendfile(dst, src, &offset, 4096);
              ^
In file included from /home/dhkang/work/Aurora/aurora/inc/sys/linux/az_linux_def.h:127:0,
                 from /home/dhkang/work/Aurora/aurora/inc/az_sys_def.h:27,
                 from /home/dhkang/work/Aurora/aurora/inc/az_def.h:189,
                 from /home/dhkang/work/Aurora/aurora/inc/az_core.h:24,
                 from /home/dhkang/work/Aurora/aurora/inc/aurora.h:24,
                 from /home/dhkang/work/Aurora/auron/src/azm_main.c:22:
/home/dhkang/work/Aurora/aurora/inc/sys/linux/az_linux_event.h: In function ‘az_sys_iomux_add_ep’:
/home/dhkang/work/Aurora/aurora/inc/sys/linux/az_linux_event.h:377:10: warning: ‘return’ with a value, in function returning void
   return r;
          ^
/home/dhkang/work/Aurora/aurora/inc/sys/linux/az_linux_event.h: In function ‘az_sys_iomux_del_ep’:
/home/dhkang/work/Aurora/aurora/inc/sys/linux/az_linux_event.h:392:10: warning: ‘return’ with a value, in function returning void
   return r;
          ^
In file included from /home/dhkang/work/Aurora/aurora/inc/sys/linux/az_linux_def.h:255:0,
                 from /home/dhkang/work/Aurora/aurora/inc/az_sys_def.h:27,
                 from /home/dhkang/work/Aurora/aurora/inc/az_def.h:189,
                 from /home/dhkang/work/Aurora/aurora/inc/az_core.h:24,
                 from /home/dhkang/work/Aurora/aurora/inc/aurora.h:24,
                 from /home/dhkang/work/Aurora/auron/src/azm_main.c:22:
/home/dhkang/work/Aurora/aurora/inc/sys/linux/az_linux_dllib.h: In function ‘az_sys_dllib_findBfdAddr2Name’:
/home/dhkang/work/Aurora/aurora/inc/sys/linux/az_linux_dllib.h:162:14: warning: assignment discards ‘const’ qualifier from pointer target type [-Wdiscarded-qualifiers]
         name = symtab[i]->name;
              ^
In file included from /home/dhkang/work/Aurora/aurora/inc/az_core.h:32:0,
                 from /home/dhkang/work/Aurora/aurora/inc/aurora.h:24,
                 from /home/dhkang/work/Aurora/auron/src/azm_main.c:22:
/home/dhkang/work/Aurora/aurora/inc/az_string.h: In function ‘az_hexStringDecode’:
/home/dhkang/work/Aurora/aurora/inc/az_string.h:186:19: warning: implicit declaration of function ‘az_hex2Byte’ [-Wimplicit-function-declaration]
     outBytes[i] = az_hex2Byte(&inHexStr[i*2]);
                   ^
In file included from /home/dhkang/work/Aurora/aurora/inc/az_core.h:33:0,
                 from /home/dhkang/work/Aurora/aurora/inc/aurora.h:24,
                 from /home/dhkang/work/Aurora/auron/src/azm_main.c:22:
/home/dhkang/work/Aurora/aurora/inc/az_array.h: In function ‘az_array_add32’:
/home/dhkang/work/Aurora/aurora/inc/az_array.h:329:5: warning: implicit declaration of function ‘az_array_est_element32_at’ [-Wimplicit-function-declaration]
     az_array_est_element32_at(pArray, id, e);
     ^
In file included from /home/dhkang/work/Aurora/aurora/inc/mon/az_probe.h:28:0,
                 from /home/dhkang/work/Aurora/aurora/inc/aurora.h:28,
                 from /home/dhkang/work/Aurora/auron/src/azm_main.c:22:
/home/dhkang/work/Aurora/aurora/inc/sys/az_inet.h: In function ‘az_inet_openLocalSocket’:
/home/dhkang/work/Aurora/aurora/inc/sys/az_inet.h:196:49: warning: passing argument 4 of ‘az_inet_mkLocalSocketAddr’ from incompatible pointer type [-Wincompatible-pointer-types]
     az_inet_mkLocalSocketAddr(name, NULL, NULL, addr);
                                                 ^
/home/dhkang/work/Aurora/aurora/inc/sys/az_inet.h:146:20: note: expected ‘az_sys_sockaddr_t * {aka struct sockaddr *}’ but argument is of type ‘struct sockaddr_un *’
 static inline void az_inet_mkLocalSocketAddr(char *name, char *key1, char *key2, 
                    ^
/home/dhkang/work/Aurora/auron/src/azm_main.c: In function ‘azm_xu_main_entry’:
/home/dhkang/work/Aurora/auron/src/azm_main.c:87:3: warning: implicit declaration of function ‘az_frw_cmd_init’ [-Wimplicit-function-declaration]
   az_frw_cmd_init();
   ^
/home/dhkang/work/Aurora/auron/src/azm_main.c:92:3: warning: implicit declaration of function ‘azm_probe_init’ [-Wimplicit-function-declaration]
   azm_probe_init();
   ^
/home/dhkang/work/Aurora/auron/src/azm_main.c: In function ‘main’:
/home/dhkang/work/Aurora/auron/src/azm_main.c:125:32: warning: passing argument 2 of ‘az_thread_create’ from incompatible pointer type [-Wincompatible-pointer-types]
   r = az_thread_create("main", azm_xu_main_entry, &azm_xu_main_arg, &azm_xu_main_config, &azm_xu_main);
                                ^
In file included from /home/dhkang/work/Aurora/aurora/inc/az_core.h:42:0,
                 from /home/dhkang/work/Aurora/aurora/inc/aurora.h:24,
                 from /home/dhkang/work/Aurora/auron/src/azm_main.c:22:
/home/dhkang/work/Aurora/aurora/inc/az_thread.h:256:20: note: expected ‘az_thread_entry_t {aka void * (*)(void *)}’ but argument is of type ‘void * (*)(struct azm_xu_main_arg *)’
 extern az_ion_id_t az_thread_create(char *name, az_thread_entry_t entry, az_thread_arg_t arg, az_thread_config_t *pCfg, az_thread_t *pXU);
                    ^
/home/dhkang/work/Aurora/auron/src/azm_main.c:132:12: warning: cast from pointer to integer of different size [-Wpointer-to-int-cast]
     return (int)az_thread_entry(azm_xu_main);
            ^
In file included from /home/dhkang/work/Aurora/aurora/inc/sys/linux/az_linux_def.h:255:0,
                 from /home/dhkang/work/Aurora/aurora/inc/az_sys_def.h:27,
                 from /home/dhkang/work/Aurora/aurora/inc/az_def.h:189,
                 from /home/dhkang/work/Aurora/aurora/inc/az_core.h:24,
                 from /home/dhkang/work/Aurora/aurora/inc/aurora.h:24,
                 from /home/dhkang/work/Aurora/auron/src/azm_main.c:22:
/home/dhkang/work/Aurora/auron/src/azm_main.c: At top level:
/home/dhkang/work/Aurora/aurora/inc/sys/linux/az_linux_dllib.h:140:54: warning: ‘az_sys_dllib_findBfdAddr2Name’ defined but not used [-Wunused-function]
 static char __attribute__((no_instrument_function)) *az_sys_dllib_findBfdAddr2Name(az_ref_t addr) 
                                                      ^
In file included from /home/dhkang/work/Aurora/aurora/inc/az_core.h:34:0,
                 from /home/dhkang/work/Aurora/aurora/inc/aurora.h:24,
                 from /home/dhkang/work/Aurora/auron/src/azm_main.c:22:
/home/dhkang/work/Aurora/aurora/inc/az_ion.h:94:13: warning: ‘az_ion_invalidate’ defined but not used [-Wunused-function]
 static void az_ion_invalidate(az_ion_t *ion, int is_static)
             ^
In file included from /home/dhkang/work/Aurora/aurora/inc/sys/linux/az_linux_def.h:45:0,
                 from /home/dhkang/work/Aurora/aurora/inc/az_sys_def.h:27,
                 from /home/dhkang/work/Aurora/aurora/inc/az_def.h:189,
                 from /home/dhkang/work/Aurora/aurora/inc/az_core.h:24,
                 from /home/dhkang/work/Aurora/aurora/inc/aurora.h:24,
                 from /home/dhkang/work/Aurora/auron/src/azm_main.c:22:
/home/dhkang/work/Aurora/auron/src/azm_main.c: In function ‘az_sys_dllib_findBfdSymbol’:
/home/dhkang/work/Aurora/aurora/inc/sys/az_sys_printf.h:91:3: warning: ‘symtab’ may be used uninitialized in this function [-Wmaybe-uninitialized]
   printf(AZ_SYS_TIMESTAMP_FMT "[%s:%d] " fmt,tp->tm_hour, tp->tm_min, tp->tm_sec, (int)(_ts.tv_nsec/1000), __FUNCTION__, __LINE__, __VA_ARGS__); \
   ^
In file included from /home/dhkang/work/Aurora/aurora/inc/sys/linux/az_linux_def.h:255:0,
                 from /home/dhkang/work/Aurora/aurora/inc/az_sys_def.h:27,
                 from /home/dhkang/work/Aurora/aurora/inc/az_def.h:189,
                 from /home/dhkang/work/Aurora/aurora/inc/az_core.h:24,
                 from /home/dhkang/work/Aurora/aurora/inc/aurora.h:24,
                 from /home/dhkang/work/Aurora/auron/src/azm_main.c:22:
/home/dhkang/work/Aurora/aurora/inc/sys/linux/az_linux_dllib.h:95:13: note: ‘symtab’ was declared here
   asymbol **symtab;
             ^
In file included from /home/dhkang/work/Aurora/aurora/inc/sys/linux/az_linux_def.h:45:0,
                 from /home/dhkang/work/Aurora/aurora/inc/az_sys_def.h:27,
                 from /home/dhkang/work/Aurora/aurora/inc/az_def.h:189,
                 from /home/dhkang/work/Aurora/aurora/inc/az_core.h:24,
                 from /home/dhkang/work/Aurora/aurora/inc/aurora.h:24,
                 from /home/dhkang/work/Aurora/auron/src/azm_main.c:22:
/home/dhkang/work/Aurora/aurora/inc/sys/az_sys_printf.h:91:3: warning: ‘nsyms’ may be used uninitialized in this function [-Wmaybe-uninitialized]
   printf(AZ_SYS_TIMESTAMP_FMT "[%s:%d] " fmt,tp->tm_hour, tp->tm_min, tp->tm_sec, (int)(_ts.tv_nsec/1000), __FUNCTION__, __LINE__, __VA_ARGS__); \
   ^
In file included from /home/dhkang/work/Aurora/aurora/inc/sys/linux/az_linux_def.h:255:0,
                 from /home/dhkang/work/Aurora/aurora/inc/az_sys_def.h:27,
                 from /home/dhkang/work/Aurora/aurora/inc/az_def.h:189,
                 from /home/dhkang/work/Aurora/aurora/inc/az_core.h:24,
                 from /home/dhkang/work/Aurora/aurora/inc/aurora.h:24,
                 from /home/dhkang/work/Aurora/auron/src/azm_main.c:22:
/home/dhkang/work/Aurora/aurora/inc/sys/linux/az_linux_dllib.h:96:20: note: ‘nsyms’ was declared here
   az_size_t nsize, nsyms, i;
                    ^
Finished building: /home/dhkang/work/Aurora/auron/src/azm_main.c
 
Building file: /home/dhkang/work/Aurora/auron/src/azm_mcheck.c
Invoking: GCC C Compiler
gcc -Dlinux -D"BASE_FILENAME=\"azm_mcheck.c\"" -I"/home/dhkang/work/Aurora/aurora/inc" -I"/home/dhkang/work/Aurora/aurora/inc/sys" -I"/home/dhkang/work/Aurora/aurora/inc/sys/linux" -I"/home/dhkang/work/Aurora/auron/inc" -O0 -g3 -finstrument-functions -Wall -c -fmessage-length=0 -MMD -MP -MF"Sources/auron_src/azm_mcheck.d" -MT"Sources/auron_src/azm_mcheck.o" -o "Sources/auron_src/azm_mcheck.o" "/home/dhkang/work/Aurora/auron/src/azm_mcheck.c"
In file included from /home/dhkang/work/Aurora/aurora/inc/sys/linux/az_linux_def.h:69:0,
                 from /home/dhkang/work/Aurora/aurora/inc/az_sys_def.h:27,
                 from /home/dhkang/work/Aurora/aurora/inc/az_def.h:189,
                 from /home/dhkang/work/Aurora/aurora/inc/az_core.h:24,
                 from /home/dhkang/work/Aurora/aurora/inc/aurora.h:24,
                 from /home/dhkang/work/Aurora/auron/src/azm_mcheck.c:22:
/home/dhkang/work/Aurora/aurora/inc/sys/linux/az_linux_fs.h: In function ‘az_sys_fs_copy’:
/home/dhkang/work/Aurora/aurora/inc/sys/linux/az_linux_fs.h:217:14: warning: implicit declaration of function ‘sendfile’ [-Wimplicit-function-declaration]
       wlen = sendfile(dst, src, &offset, 4096);
              ^
In file included from /home/dhkang/work/Aurora/aurora/inc/sys/linux/az_linux_def.h:127:0,
                 from /home/dhkang/work/Aurora/aurora/inc/az_sys_def.h:27,
                 from /home/dhkang/work/Aurora/aurora/inc/az_def.h:189,
                 from /home/dhkang/work/Aurora/aurora/inc/az_core.h:24,
                 from /home/dhkang/work/Aurora/aurora/inc/aurora.h:24,
                 from /home/dhkang/work/Aurora/auron/src/azm_mcheck.c:22:
/home/dhkang/work/Aurora/aurora/inc/sys/linux/az_linux_event.h: In function ‘az_sys_iomux_add_ep’:
/home/dhkang/work/Aurora/aurora/inc/sys/linux/az_linux_event.h:377:10: warning: ‘return’ with a value, in function returning void
   return r;
          ^
/home/dhkang/work/Aurora/aurora/inc/sys/linux/az_linux_event.h: In function ‘az_sys_iomux_del_ep’:
/home/dhkang/work/Aurora/aurora/inc/sys/linux/az_linux_event.h:392:10: warning: ‘return’ with a value, in function returning void
   return r;
          ^
In file included from /home/dhkang/work/Aurora/aurora/inc/sys/linux/az_linux_def.h:255:0,
                 from /home/dhkang/work/Aurora/aurora/inc/az_sys_def.h:27,
                 from /home/dhkang/work/Aurora/aurora/inc/az_def.h:189,
                 from /home/dhkang/work/Aurora/aurora/inc/az_core.h:24,
                 from /home/dhkang/work/Aurora/aurora/inc/aurora.h:24,
                 from /home/dhkang/work/Aurora/auron/src/azm_mcheck.c:22:
/home/dhkang/work/Aurora/aurora/inc/sys/linux/az_linux_dllib.h: In function ‘az_sys_dllib_findBfdAddr2Name’:
/home/dhkang/work/Aurora/aurora/inc/sys/linux/az_linux_dllib.h:162:14: warning: assignment discards ‘const’ qualifier from pointer target type [-Wdiscarded-qualifiers]
         name = symtab[i]->name;
              ^
In file included from /home/dhkang/work/Aurora/aurora/inc/az_core.h:32:0,
                 from /home/dhkang/work/Aurora/aurora/inc/aurora.h:24,
                 from /home/dhkang/work/Aurora/auron/src/azm_mcheck.c:22:
/home/dhkang/work/Aurora/aurora/inc/az_string.h: In function ‘az_hexStringDecode’:
/home/dhkang/work/Aurora/aurora/inc/az_string.h:186:19: warning: implicit declaration of function ‘az_hex2Byte’ [-Wimplicit-function-declaration]
     outBytes[i] = az_hex2Byte(&inHexStr[i*2]);
                   ^
In file included from /home/dhkang/work/Aurora/aurora/inc/az_core.h:33:0,
                 from /home/dhkang/work/Aurora/aurora/inc/aurora.h:24,
                 from /home/dhkang/work/Aurora/auron/src/azm_mcheck.c:22:
/home/dhkang/work/Aurora/aurora/inc/az_array.h: In function ‘az_array_add32’:
/home/dhkang/work/Aurora/aurora/inc/az_array.h:329:5: warning: implicit declaration of function ‘az_array_est_element32_at’ [-Wimplicit-function-declaration]
     az_array_est_element32_at(pArray, id, e);
     ^
In file included from /home/dhkang/work/Aurora/aurora/inc/mon/az_probe.h:28:0,
                 from /home/dhkang/work/Aurora/aurora/inc/aurora.h:28,
                 from /home/dhkang/work/Aurora/auron/src/azm_mcheck.c:22:
/home/dhkang/work/Aurora/aurora/inc/sys/az_inet.h: In function ‘az_inet_openLocalSocket’:
/home/dhkang/work/Aurora/aurora/inc/sys/az_inet.h:196:49: warning: passing argument 4 of ‘az_inet_mkLocalSocketAddr’ from incompatible pointer type [-Wincompatible-pointer-types]
     az_inet_mkLocalSocketAddr(name, NULL, NULL, addr);
                                                 ^
/home/dhkang/work/Aurora/aurora/inc/sys/az_inet.h:146:20: note: expected ‘az_sys_sockaddr_t * {aka struct sockaddr *}’ but argument is of type ‘struct sockaddr_un *’
 static inline void az_inet_mkLocalSocketAddr(char *name, char *key1, char *key2, 
                    ^
/home/dhkang/work/Aurora/auron/src/azm_mcheck.c: In function ‘azm_mcheck_cli_cmd’:
/home/dhkang/work/Aurora/auron/src/azm_mcheck.c:81:13: warning: implicit declaration of function ‘libtrace_resolve’ [-Wimplicit-function-declaration]
             libtrace_resolve(callsite, func_name, AZ_NAME_MAX, file_name, AZ_PATH_MAX);
             ^
In file included from /home/dhkang/work/Aurora/aurora/inc/sys/linux/az_linux_def.h:255:0,
                 from /home/dhkang/work/Aurora/aurora/inc/az_sys_def.h:27,
                 from /home/dhkang/work/Aurora/aurora/inc/az_def.h:189,
                 from /home/dhkang/work/Aurora/aurora/inc/az_core.h:24,
                 from /home/dhkang/work/Aurora/aurora/inc/aurora.h:24,
                 from /home/dhkang/work/Aurora/auron/src/azm_mcheck.c:22:
/home/dhkang/work/Aurora/auron/src/azm_mcheck.c: At top level:
/home/dhkang/work/Aurora/aurora/inc/sys/linux/az_linux_dllib.h:140:54: warning: ‘az_sys_dllib_findBfdAddr2Name’ defined but not used [-Wunused-function]
 static char __attribute__((no_instrument_function)) *az_sys_dllib_findBfdAddr2Name(az_ref_t addr) 
                                                      ^
In file included from /home/dhkang/work/Aurora/aurora/inc/az_core.h:34:0,
                 from /home/dhkang/work/Aurora/aurora/inc/aurora.h:24,
                 from /home/dhkang/work/Aurora/auron/src/azm_mcheck.c:22:
/home/dhkang/work/Aurora/aurora/inc/az_ion.h:94:13: warning: ‘az_ion_invalidate’ defined but not used [-Wunused-function]
 static void az_ion_invalidate(az_ion_t *ion, int is_static)
             ^
In file included from /home/dhkang/work/Aurora/aurora/inc/sys/linux/az_linux_def.h:45:0,
                 from /home/dhkang/work/Aurora/aurora/inc/az_sys_def.h:27,
                 from /home/dhkang/work/Aurora/aurora/inc/az_def.h:189,
                 from /home/dhkang/work/Aurora/aurora/inc/az_core.h:24,
                 from /home/dhkang/work/Aurora/aurora/inc/aurora.h:24,
                 from /home/dhkang/work/Aurora/auron/src/azm_mcheck.c:22:
/home/dhkang/work/Aurora/auron/src/azm_mcheck.c: In function ‘az_sys_dllib_findBfdSymbol’:
/home/dhkang/work/Aurora/aurora/inc/sys/az_sys_printf.h:91:3: warning: ‘symtab’ may be used uninitialized in this function [-Wmaybe-uninitialized]
   printf(AZ_SYS_TIMESTAMP_FMT "[%s:%d] " fmt,tp->tm_hour, tp->tm_min, tp->tm_sec, (int)(_ts.tv_nsec/1000), __FUNCTION__, __LINE__, __VA_ARGS__); \
   ^
In file included from /home/dhkang/work/Aurora/aurora/inc/sys/linux/az_linux_def.h:255:0,
                 from /home/dhkang/work/Aurora/aurora/inc/az_sys_def.h:27,
                 from /home/dhkang/work/Aurora/aurora/inc/az_def.h:189,
                 from /home/dhkang/work/Aurora/aurora/inc/az_core.h:24,
                 from /home/dhkang/work/Aurora/aurora/inc/aurora.h:24,
                 from /home/dhkang/work/Aurora/auron/src/azm_mcheck.c:22:
/home/dhkang/work/Aurora/aurora/inc/sys/linux/az_linux_dllib.h:95:13: note: ‘symtab’ was declared here
   asymbol **symtab;
             ^
In file included from /home/dhkang/work/Aurora/aurora/inc/sys/linux/az_linux_def.h:45:0,
                 from /home/dhkang/work/Aurora/aurora/inc/az_sys_def.h:27,
                 from /home/dhkang/work/Aurora/aurora/inc/az_def.h:189,
                 from /home/dhkang/work/Aurora/aurora/inc/az_core.h:24,
                 from /home/dhkang/work/Aurora/aurora/inc/aurora.h:24,
                 from /home/dhkang/work/Aurora/auron/src/azm_mcheck.c:22:
/home/dhkang/work/Aurora/aurora/inc/sys/az_sys_printf.h:91:3: warning: ‘nsyms’ may be used uninitialized in this function [-Wmaybe-uninitialized]
   printf(AZ_SYS_TIMESTAMP_FMT "[%s:%d] " fmt,tp->tm_hour, tp->tm_min, tp->tm_sec, (int)(_ts.tv_nsec/1000), __FUNCTION__, __LINE__, __VA_ARGS__); \
   ^
In file included from /home/dhkang/work/Aurora/aurora/inc/sys/linux/az_linux_def.h:255:0,
                 from /home/dhkang/work/Aurora/aurora/inc/az_sys_def.h:27,
                 from /home/dhkang/work/Aurora/aurora/inc/az_def.h:189,
                 from /home/dhkang/work/Aurora/aurora/inc/az_core.h:24,
                 from /home/dhkang/work/Aurora/aurora/inc/aurora.h:24,
                 from /home/dhkang/work/Aurora/auron/src/azm_mcheck.c:22:
/home/dhkang/work/Aurora/aurora/inc/sys/linux/az_linux_dllib.h:96:20: note: ‘nsyms’ was declared here
   az_size_t nsize, nsyms, i;
                    ^
Finished building: /home/dhkang/work/Aurora/auron/src/azm_mcheck.c
 
Building file: /home/dhkang/work/Aurora/auron/src/azm_probe.c
Invoking: GCC C Compiler
gcc -Dlinux -D"BASE_FILENAME=\"azm_probe.c\"" -I"/home/dhkang/work/Aurora/aurora/inc" -I"/home/dhkang/work/Aurora/aurora/inc/sys" -I"/home/dhkang/work/Aurora/aurora/inc/sys/linux" -I"/home/dhkang/work/Aurora/auron/inc" -O0 -g3 -finstrument-functions -Wall -c -fmessage-length=0 -MMD -MP -MF"Sources/auron_src/azm_probe.d" -MT"Sources/auron_src/azm_probe.o" -o "Sources/auron_src/azm_probe.o" "/home/dhkang/work/Aurora/auron/src/azm_probe.c"
In file included from /home/dhkang/work/Aurora/aurora/inc/sys/linux/az_linux_def.h:69:0,
                 from /home/dhkang/work/Aurora/aurora/inc/az_sys_def.h:27,
                 from /home/dhkang/work/Aurora/aurora/inc/az_def.h:189,
                 from /home/dhkang/work/Aurora/aurora/inc/az_core.h:24,
                 from /home/dhkang/work/Aurora/aurora/inc/aurora.h:24,
                 from /home/dhkang/work/Aurora/auron/src/azm_probe.c:22:
/home/dhkang/work/Aurora/aurora/inc/sys/linux/az_linux_fs.h: In function ‘az_sys_fs_copy’:
/home/dhkang/work/Aurora/aurora/inc/sys/linux/az_linux_fs.h:217:14: warning: implicit declaration of function ‘sendfile’ [-Wimplicit-function-declaration]
       wlen = sendfile(dst, src, &offset, 4096);
              ^
In file included from /home/dhkang/work/Aurora/aurora/inc/sys/linux/az_linux_def.h:127:0,
                 from /home/dhkang/work/Aurora/aurora/inc/az_sys_def.h:27,
                 from /home/dhkang/work/Aurora/aurora/inc/az_def.h:189,
                 from /home/dhkang/work/Aurora/aurora/inc/az_core.h:24,
                 from /home/dhkang/work/Aurora/aurora/inc/aurora.h:24,
                 from /home/dhkang/work/Aurora/auron/src/azm_probe.c:22:
/home/dhkang/work/Aurora/aurora/inc/sys/linux/az_linux_event.h: In function ‘az_sys_iomux_add_ep’:
/home/dhkang/work/Aurora/aurora/inc/sys/linux/az_linux_event.h:377:10: warning: ‘return’ with a value, in function returning void
   return r;
          ^
/home/dhkang/work/Aurora/aurora/inc/sys/linux/az_linux_event.h: In function ‘az_sys_iomux_del_ep’:
/home/dhkang/work/Aurora/aurora/inc/sys/linux/az_linux_event.h:392:10: warning: ‘return’ with a value, in function returning void
   return r;
          ^
In file included from /home/dhkang/work/Aurora/aurora/inc/sys/linux/az_linux_def.h:255:0,
                 from /home/dhkang/work/Aurora/aurora/inc/az_sys_def.h:27,
                 from /home/dhkang/work/Aurora/aurora/inc/az_def.h:189,
                 from /home/dhkang/work/Aurora/aurora/inc/az_core.h:24,
                 from /home/dhkang/work/Aurora/aurora/inc/aurora.h:24,
                 from /home/dhkang/work/Aurora/auron/src/azm_probe.c:22:
/home/dhkang/work/Aurora/aurora/inc/sys/linux/az_linux_dllib.h: In function ‘az_sys_dllib_findBfdAddr2Name’:
/home/dhkang/work/Aurora/aurora/inc/sys/linux/az_linux_dllib.h:162:14: warning: assignment discards ‘const’ qualifier from pointer target type [-Wdiscarded-qualifiers]
         name = symtab[i]->name;
              ^
In file included from /home/dhkang/work/Aurora/aurora/inc/az_core.h:32:0,
                 from /home/dhkang/work/Aurora/aurora/inc/aurora.h:24,
                 from /home/dhkang/work/Aurora/auron/src/azm_probe.c:22:
/home/dhkang/work/Aurora/aurora/inc/az_string.h: In function ‘az_hexStringDecode’:
/home/dhkang/work/Aurora/aurora/inc/az_string.h:186:19: warning: implicit declaration of function ‘az_hex2Byte’ [-Wimplicit-function-declaration]
     outBytes[i] = az_hex2Byte(&inHexStr[i*2]);
                   ^
In file included from /home/dhkang/work/Aurora/aurora/inc/az_core.h:33:0,
                 from /home/dhkang/work/Aurora/aurora/inc/aurora.h:24,
                 from /home/dhkang/work/Aurora/auron/src/azm_probe.c:22:
/home/dhkang/work/Aurora/aurora/inc/az_array.h: In function ‘az_array_add32’:
/home/dhkang/work/Aurora/aurora/inc/az_array.h:329:5: warning: implicit declaration of function ‘az_array_est_element32_at’ [-Wimplicit-function-declaration]
     az_array_est_element32_at(pArray, id, e);
     ^
In file included from /home/dhkang/work/Aurora/aurora/inc/mon/az_probe.h:28:0,
                 from /home/dhkang/work/Aurora/aurora/inc/aurora.h:28,
                 from /home/dhkang/work/Aurora/auron/src/azm_probe.c:22:
/home/dhkang/work/Aurora/aurora/inc/sys/az_inet.h: In function ‘az_inet_openLocalSocket’:
/home/dhkang/work/Aurora/aurora/inc/sys/az_inet.h:196:49: warning: passing argument 4 of ‘az_inet_mkLocalSocketAddr’ from incompatible pointer type [-Wincompatible-pointer-types]
     az_inet_mkLocalSocketAddr(name, NULL, NULL, addr);
                                                 ^
/home/dhkang/work/Aurora/aurora/inc/sys/az_inet.h:146:20: note: expected ‘az_sys_sockaddr_t * {aka struct sockaddr *}’ but argument is of type ‘struct sockaddr_un *’
 static inline void az_inet_mkLocalSocketAddr(char *name, char *key1, char *key2, 
                    ^
/home/dhkang/work/Aurora/auron/src/azm_probe.c: In function ‘azm_probe_proc_default’:
/home/dhkang/work/Aurora/auron/src/azm_probe.c:129:8: warning: unused variable ‘count’ [-Wunused-variable]
   long count = 0;
        ^
/home/dhkang/work/Aurora/auron/src/azm_probe.c: In function ‘azm_probe_svr_onClientConnection’:
/home/dhkang/work/Aurora/auron/src/azm_probe.c:213:5: warning: ‘return’ with no value, in function returning non-void
     return;
     ^
/home/dhkang/work/Aurora/auron/src/azm_probe.c:224:5: warning: ‘return’ with no value, in function returning non-void
     return;
     ^
/home/dhkang/work/Aurora/auron/src/azm_probe.c: In function ‘azm_probe_thread_proc_default’:
/home/dhkang/work/Aurora/auron/src/azm_probe.c:318:7: warning: variable ‘r’ set but not used [-Wunused-but-set-variable]
   int r;
       ^
In file included from /home/dhkang/work/Aurora/aurora/inc/sys/linux/az_linux_def.h:255:0,
                 from /home/dhkang/work/Aurora/aurora/inc/az_sys_def.h:27,
                 from /home/dhkang/work/Aurora/aurora/inc/az_def.h:189,
                 from /home/dhkang/work/Aurora/aurora/inc/az_core.h:24,
                 from /home/dhkang/work/Aurora/aurora/inc/aurora.h:24,
                 from /home/dhkang/work/Aurora/auron/src/azm_probe.c:22:
/home/dhkang/work/Aurora/auron/src/azm_probe.c: At top level:
/home/dhkang/work/Aurora/aurora/inc/sys/linux/az_linux_dllib.h:140:54: warning: ‘az_sys_dllib_findBfdAddr2Name’ defined but not used [-Wunused-function]
 static char __attribute__((no_instrument_function)) *az_sys_dllib_findBfdAddr2Name(az_ref_t addr) 
                                                      ^
In file included from /home/dhkang/work/Aurora/aurora/inc/az_core.h:34:0,
                 from /home/dhkang/work/Aurora/aurora/inc/aurora.h:24,
                 from /home/dhkang/work/Aurora/auron/src/azm_probe.c:22:
/home/dhkang/work/Aurora/aurora/inc/az_ion.h:94:13: warning: ‘az_ion_invalidate’ defined but not used [-Wunused-function]
 static void az_ion_invalidate(az_ion_t *ion, int is_static)
             ^
In file included from /home/dhkang/work/Aurora/aurora/inc/sys/linux/az_linux_def.h:45:0,
                 from /home/dhkang/work/Aurora/aurora/inc/az_sys_def.h:27,
                 from /home/dhkang/work/Aurora/aurora/inc/az_def.h:189,
                 from /home/dhkang/work/Aurora/aurora/inc/az_core.h:24,
                 from /home/dhkang/work/Aurora/aurora/inc/aurora.h:24,
                 from /home/dhkang/work/Aurora/auron/src/azm_probe.c:22:
/home/dhkang/work/Aurora/auron/src/azm_probe.c: In function ‘az_sys_dllib_findBfdSymbol’:
/home/dhkang/work/Aurora/aurora/inc/sys/az_sys_printf.h:91:3: warning: ‘symtab’ may be used uninitialized in this function [-Wmaybe-uninitialized]
   printf(AZ_SYS_TIMESTAMP_FMT "[%s:%d] " fmt,tp->tm_hour, tp->tm_min, tp->tm_sec, (int)(_ts.tv_nsec/1000), __FUNCTION__, __LINE__, __VA_ARGS__); \
   ^
In file included from /home/dhkang/work/Aurora/aurora/inc/sys/linux/az_linux_def.h:255:0,
                 from /home/dhkang/work/Aurora/aurora/inc/az_sys_def.h:27,
                 from /home/dhkang/work/Aurora/aurora/inc/az_def.h:189,
                 from /home/dhkang/work/Aurora/aurora/inc/az_core.h:24,
                 from /home/dhkang/work/Aurora/aurora/inc/aurora.h:24,
                 from /home/dhkang/work/Aurora/auron/src/azm_probe.c:22:
/home/dhkang/work/Aurora/aurora/inc/sys/linux/az_linux_dllib.h:95:13: note: ‘symtab’ was declared here
   asymbol **symtab;
             ^
In file included from /home/dhkang/work/Aurora/aurora/inc/sys/linux/az_linux_def.h:45:0,
                 from /home/dhkang/work/Aurora/aurora/inc/az_sys_def.h:27,
                 from /home/dhkang/work/Aurora/aurora/inc/az_def.h:189,
                 from /home/dhkang/work/Aurora/aurora/inc/az_core.h:24,
                 from /home/dhkang/work/Aurora/aurora/inc/aurora.h:24,
                 from /home/dhkang/work/Aurora/auron/src/azm_probe.c:22:
/home/dhkang/work/Aurora/aurora/inc/sys/az_sys_printf.h:91:3: warning: ‘nsyms’ may be used uninitialized in this function [-Wmaybe-uninitialized]
   printf(AZ_SYS_TIMESTAMP_FMT "[%s:%d] " fmt,tp->tm_hour, tp->tm_min, tp->tm_sec, (int)(_ts.tv_nsec/1000), __FUNCTION__, __LINE__, __VA_ARGS__); \
   ^
In file included from /home/dhkang/work/Aurora/aurora/inc/sys/linux/az_linux_def.h:255:0,
                 from /home/dhkang/work/Aurora/aurora/inc/az_sys_def.h:27,
                 from /home/dhkang/work/Aurora/aurora/inc/az_def.h:189,
                 from /home/dhkang/work/Aurora/aurora/inc/az_core.h:24,
                 from /home/dhkang/work/Aurora/aurora/inc/aurora.h:24,
                 from /home/dhkang/work/Aurora/auron/src/azm_probe.c:22:
/home/dhkang/work/Aurora/aurora/inc/sys/linux/az_linux_dllib.h:96:20: note: ‘nsyms’ was declared here
   az_size_t nsize, nsyms, i;
                    ^
Finished building: /home/dhkang/work/Aurora/auron/src/azm_probe.c
 
Building file: /home/dhkang/work/Aurora/auron/src/azm_rsh.c
Invoking: GCC C Compiler
gcc -Dlinux -D"BASE_FILENAME=\"azm_rsh.c\"" -I"/home/dhkang/work/Aurora/aurora/inc" -I"/home/dhkang/work/Aurora/aurora/inc/sys" -I"/home/dhkang/work/Aurora/aurora/inc/sys/linux" -I"/home/dhkang/work/Aurora/auron/inc" -O0 -g3 -finstrument-functions -Wall -c -fmessage-length=0 -MMD -MP -MF"Sources/auron_src/azm_rsh.d" -MT"Sources/auron_src/azm_rsh.o" -o "Sources/auron_src/azm_rsh.o" "/home/dhkang/work/Aurora/auron/src/azm_rsh.c"
In file included from /home/dhkang/work/Aurora/aurora/inc/sys/linux/az_linux_def.h:69:0,
                 from /home/dhkang/work/Aurora/aurora/inc/az_sys_def.h:27,
                 from /home/dhkang/work/Aurora/aurora/inc/az_def.h:189,
                 from /home/dhkang/work/Aurora/aurora/inc/az_core.h:24,
                 from /home/dhkang/work/Aurora/aurora/inc/aurora.h:24,
                 from /home/dhkang/work/Aurora/auron/src/azm_rsh.c:22:
/home/dhkang/work/Aurora/aurora/inc/sys/linux/az_linux_fs.h: In function ‘az_sys_fs_copy’:
/home/dhkang/work/Aurora/aurora/inc/sys/linux/az_linux_fs.h:217:14: warning: implicit declaration of function ‘sendfile’ [-Wimplicit-function-declaration]
       wlen = sendfile(dst, src, &offset, 4096);
              ^
In file included from /home/dhkang/work/Aurora/aurora/inc/sys/linux/az_linux_def.h:127:0,
                 from /home/dhkang/work/Aurora/aurora/inc/az_sys_def.h:27,
                 from /home/dhkang/work/Aurora/aurora/inc/az_def.h:189,
                 from /home/dhkang/work/Aurora/aurora/inc/az_core.h:24,
                 from /home/dhkang/work/Aurora/aurora/inc/aurora.h:24,
                 from /home/dhkang/work/Aurora/auron/src/azm_rsh.c:22:
/home/dhkang/work/Aurora/aurora/inc/sys/linux/az_linux_event.h: In function ‘az_sys_iomux_add_ep’:
/home/dhkang/work/Aurora/aurora/inc/sys/linux/az_linux_event.h:377:10: warning: ‘return’ with a value, in function returning void
   return r;
          ^
/home/dhkang/work/Aurora/aurora/inc/sys/linux/az_linux_event.h: In function ‘az_sys_iomux_del_ep’:
/home/dhkang/work/Aurora/aurora/inc/sys/linux/az_linux_event.h:392:10: warning: ‘return’ with a value, in function returning void
   return r;
          ^
In file included from /home/dhkang/work/Aurora/aurora/inc/sys/linux/az_linux_def.h:255:0,
                 from /home/dhkang/work/Aurora/aurora/inc/az_sys_def.h:27,
                 from /home/dhkang/work/Aurora/aurora/inc/az_def.h:189,
                 from /home/dhkang/work/Aurora/aurora/inc/az_core.h:24,
                 from /home/dhkang/work/Aurora/aurora/inc/aurora.h:24,
                 from /home/dhkang/work/Aurora/auron/src/azm_rsh.c:22:
/home/dhkang/work/Aurora/aurora/inc/sys/linux/az_linux_dllib.h: In function ‘az_sys_dllib_findBfdAddr2Name’:
/home/dhkang/work/Aurora/aurora/inc/sys/linux/az_linux_dllib.h:162:14: warning: assignment discards ‘const’ qualifier from pointer target type [-Wdiscarded-qualifiers]
         name = symtab[i]->name;
              ^
In file included from /home/dhkang/work/Aurora/aurora/inc/az_core.h:32:0,
                 from /home/dhkang/work/Aurora/aurora/inc/aurora.h:24,
                 from /home/dhkang/work/Aurora/auron/src/azm_rsh.c:22:
/home/dhkang/work/Aurora/aurora/inc/az_string.h: In function ‘az_hexStringDecode’:
/home/dhkang/work/Aurora/aurora/inc/az_string.h:186:19: warning: implicit declaration of function ‘az_hex2Byte’ [-Wimplicit-function-declaration]
     outBytes[i] = az_hex2Byte(&inHexStr[i*2]);
                   ^
In file included from /home/dhkang/work/Aurora/aurora/inc/az_core.h:33:0,
                 from /home/dhkang/work/Aurora/aurora/inc/aurora.h:24,
                 from /home/dhkang/work/Aurora/auron/src/azm_rsh.c:22:
/home/dhkang/work/Aurora/aurora/inc/az_array.h: In function ‘az_array_add32’:
/home/dhkang/work/Aurora/aurora/inc/az_array.h:329:5: warning: implicit declaration of function ‘az_array_est_element32_at’ [-Wimplicit-function-declaration]
     az_array_est_element32_at(pArray, id, e);
     ^
In file included from /home/dhkang/work/Aurora/aurora/inc/mon/az_probe.h:28:0,
                 from /home/dhkang/work/Aurora/aurora/inc/aurora.h:28,
                 from /home/dhkang/work/Aurora/auron/src/azm_rsh.c:22:
/home/dhkang/work/Aurora/aurora/inc/sys/az_inet.h: In function ‘az_inet_openLocalSocket’:
/home/dhkang/work/Aurora/aurora/inc/sys/az_inet.h:196:49: warning: passing argument 4 of ‘az_inet_mkLocalSocketAddr’ from incompatible pointer type [-Wincompatible-pointer-types]
     az_inet_mkLocalSocketAddr(name, NULL, NULL, addr);
                                                 ^
/home/dhkang/work/Aurora/aurora/inc/sys/az_inet.h:146:20: note: expected ‘az_sys_sockaddr_t * {aka struct sockaddr *}’ but argument is of type ‘struct sockaddr_un *’
 static inline void az_inet_mkLocalSocketAddr(char *name, char *key1, char *key2, 
                    ^
In file included from /home/dhkang/work/Aurora/aurora/inc/mon/az_trace.h:25:0,
                 from /home/dhkang/work/Aurora/auron/src/azm_rsh.c:23:
/home/dhkang/work/Aurora/aurora/inc/mon/az_mcheck.h: At top level:
/home/dhkang/work/Aurora/aurora/inc/mon/az_mcheck.h:53:1: warning: no semicolon at end of struct or union
 } az_mchk_info_t;
 ^
In file included from /home/dhkang/work/Aurora/auron/src/azm_rsh.c:23:0:
/home/dhkang/work/Aurora/aurora/inc/mon/az_trace.h:102:1: warning: no semicolon at end of struct or union
 } az_trace_info_t;
 ^
/home/dhkang/work/Aurora/auron/src/azm_rsh.c: In function ‘azm_rsh_proc_default’:
/home/dhkang/work/Aurora/auron/src/azm_rsh.c:118:20: warning: initialization from incompatible pointer type [-Wincompatible-pointer-types]
         char *bp = &info;
                    ^
/home/dhkang/work/Aurora/auron/src/azm_rsh.c:118:15: warning: unused variable ‘bp’ [-Wunused-variable]
         char *bp = &info;
               ^
In file included from /home/dhkang/work/Aurora/aurora/inc/sys/linux/az_linux_def.h:45:0,
                 from /home/dhkang/work/Aurora/aurora/inc/az_sys_def.h:27,
                 from /home/dhkang/work/Aurora/aurora/inc/az_def.h:189,
                 from /home/dhkang/work/Aurora/aurora/inc/az_core.h:24,
                 from /home/dhkang/work/Aurora/aurora/inc/aurora.h:24,
                 from /home/dhkang/work/Aurora/auron/src/azm_rsh.c:22:
/home/dhkang/work/Aurora/aurora/inc/sys/az_sys_printf.h:43:30: warning: format ‘%d’ expects argument of type ‘int’, but argument 8 has type ‘long int’ [-Wformat=]
 #define AZ_SYS_TIMESTAMP_FMT "<%02d:%02d:%02d:%06d>  " 
                              ^
/home/dhkang/work/Aurora/aurora/inc/sys/az_sys_printf.h:91:10: note: in expansion of macro ‘AZ_SYS_TIMESTAMP_FMT’
   printf(AZ_SYS_TIMESTAMP_FMT "[%s:%d] " fmt,tp->tm_hour, tp->tm_min, tp->tm_sec, (int)(_ts.tv_nsec/1000), __FUNCTION__, __LINE__, __VA_ARGS__); \
          ^
/home/dhkang/work/Aurora/aurora/inc/sys/az_sys_printf.h:111:29: note: in expansion of macro ‘az_sys_log_printf’
 #define az_sys_eprintf(...) az_sys_log_printf(AZ_LOG_LEVEL_ERROR, AZ_LOG_FLAGS_ALL, __VA_ARGS__)
                             ^
/home/dhkang/work/Aurora/auron/src/azm_rsh.c:125:7: note: in expansion of macro ‘az_sys_eprintf’
       az_sys_eprintf("timeout %d\n", count++);
       ^
In file included from /home/dhkang/work/Aurora/aurora/inc/sys/linux/az_linux_def.h:45:0,
                 from /home/dhkang/work/Aurora/aurora/inc/az_sys_def.h:27,
                 from /home/dhkang/work/Aurora/aurora/inc/az_def.h:189,
                 from /home/dhkang/work/Aurora/aurora/inc/az_core.h:24,
                 from /home/dhkang/work/Aurora/aurora/inc/aurora.h:24,
                 from /home/dhkang/work/Aurora/auron/src/azm_rsh.c:22:
/home/dhkang/work/Aurora/aurora/inc/sys/az_sys_printf.h:93:12: warning: format ‘%d’ expects argument of type ‘int’, but argument 4 has type ‘long int’ [-Wformat=]
     printf("[%s:%d] " fmt, __FUNCTION__, __LINE__, __VA_ARGS__);\
            ^
/home/dhkang/work/Aurora/aurora/inc/sys/az_sys_printf.h:111:29: note: in expansion of macro ‘az_sys_log_printf’
 #define az_sys_eprintf(...) az_sys_log_printf(AZ_LOG_LEVEL_ERROR, AZ_LOG_FLAGS_ALL, __VA_ARGS__)
                             ^
/home/dhkang/work/Aurora/auron/src/azm_rsh.c:125:7: note: in expansion of macro ‘az_sys_eprintf’
       az_sys_eprintf("timeout %d\n", count++);
       ^
/home/dhkang/work/Aurora/auron/src/azm_rsh.c:74:7: warning: unused variable ‘nfds’ [-Wunused-variable]
   int nfds = 0;
       ^
/home/dhkang/work/Aurora/auron/src/azm_rsh.c:73:19: warning: unused variable ‘tlen’ [-Wunused-variable]
   az_size_t nlen, tlen; 
                   ^
/home/dhkang/work/Aurora/auron/src/azm_rsh.c:72:7: warning: unused variable ‘resolve_symbol’ [-Wunused-variable]
   int resolve_symbol = 0;
       ^
/home/dhkang/work/Aurora/auron/src/azm_rsh.c: In function ‘azm_rsh_thread_proc_default’:
/home/dhkang/work/Aurora/auron/src/azm_rsh.c:160:7: warning: variable ‘r’ set but not used [-Wunused-but-set-variable]
   int r;
       ^
In file included from /home/dhkang/work/Aurora/aurora/inc/sys/linux/az_linux_def.h:255:0,
                 from /home/dhkang/work/Aurora/aurora/inc/az_sys_def.h:27,
                 from /home/dhkang/work/Aurora/aurora/inc/az_def.h:189,
                 from /home/dhkang/work/Aurora/aurora/inc/az_core.h:24,
                 from /home/dhkang/work/Aurora/aurora/inc/aurora.h:24,
                 from /home/dhkang/work/Aurora/auron/src/azm_rsh.c:22:
/home/dhkang/work/Aurora/auron/src/azm_rsh.c: At top level:
/home/dhkang/work/Aurora/aurora/inc/sys/linux/az_linux_dllib.h:140:54: warning: ‘az_sys_dllib_findBfdAddr2Name’ defined but not used [-Wunused-function]
 static char __attribute__((no_instrument_function)) *az_sys_dllib_findBfdAddr2Name(az_ref_t addr) 
                                                      ^
In file included from /home/dhkang/work/Aurora/aurora/inc/az_core.h:34:0,
                 from /home/dhkang/work/Aurora/aurora/inc/aurora.h:24,
                 from /home/dhkang/work/Aurora/auron/src/azm_rsh.c:22:
/home/dhkang/work/Aurora/aurora/inc/az_ion.h:94:13: warning: ‘az_ion_invalidate’ defined but not used [-Wunused-function]
 static void az_ion_invalidate(az_ion_t *ion, int is_static)
             ^
/home/dhkang/work/Aurora/auron/src/azm_rsh.c: In function ‘azm_rsh_deinit’:
/home/dhkang/work/Aurora/auron/src/azm_rsh.c:276:10: warning: ‘r’ is used uninitialized in this function [-Wuninitialized]
   return r;
          ^
/home/dhkang/work/Aurora/auron/src/azm_rsh.c: In function ‘azm_rsh_init’:
/home/dhkang/work/Aurora/auron/src/azm_rsh.c:262:10: warning: ‘r’ is used uninitialized in this function [-Wuninitialized]
   return r;
          ^
In file included from /home/dhkang/work/Aurora/aurora/inc/sys/linux/az_linux_def.h:45:0,
                 from /home/dhkang/work/Aurora/aurora/inc/az_sys_def.h:27,
                 from /home/dhkang/work/Aurora/aurora/inc/az_def.h:189,
                 from /home/dhkang/work/Aurora/aurora/inc/az_core.h:24,
                 from /home/dhkang/work/Aurora/aurora/inc/aurora.h:24,
                 from /home/dhkang/work/Aurora/auron/src/azm_rsh.c:22:
/home/dhkang/work/Aurora/auron/src/azm_rsh.c: In function ‘az_sys_dllib_findBfdSymbol’:
/home/dhkang/work/Aurora/aurora/inc/sys/az_sys_printf.h:91:3: warning: ‘symtab’ may be used uninitialized in this function [-Wmaybe-uninitialized]
   printf(AZ_SYS_TIMESTAMP_FMT "[%s:%d] " fmt,tp->tm_hour, tp->tm_min, tp->tm_sec, (int)(_ts.tv_nsec/1000), __FUNCTION__, __LINE__, __VA_ARGS__); \
   ^
In file included from /home/dhkang/work/Aurora/aurora/inc/sys/linux/az_linux_def.h:255:0,
                 from /home/dhkang/work/Aurora/aurora/inc/az_sys_def.h:27,
                 from /home/dhkang/work/Aurora/aurora/inc/az_def.h:189,
                 from /home/dhkang/work/Aurora/aurora/inc/az_core.h:24,
                 from /home/dhkang/work/Aurora/aurora/inc/aurora.h:24,
                 from /home/dhkang/work/Aurora/auron/src/azm_rsh.c:22:
/home/dhkang/work/Aurora/aurora/inc/sys/linux/az_linux_dllib.h:95:13: note: ‘symtab’ was declared here
   asymbol **symtab;
             ^
In file included from /home/dhkang/work/Aurora/aurora/inc/sys/linux/az_linux_def.h:45:0,
                 from /home/dhkang/work/Aurora/aurora/inc/az_sys_def.h:27,
                 from /home/dhkang/work/Aurora/aurora/inc/az_def.h:189,
                 from /home/dhkang/work/Aurora/aurora/inc/az_core.h:24,
                 from /home/dhkang/work/Aurora/aurora/inc/aurora.h:24,
                 from /home/dhkang/work/Aurora/auron/src/azm_rsh.c:22:
/home/dhkang/work/Aurora/aurora/inc/sys/az_sys_printf.h:91:3: warning: ‘nsyms’ may be used uninitialized in this function [-Wmaybe-uninitialized]
   printf(AZ_SYS_TIMESTAMP_FMT "[%s:%d] " fmt,tp->tm_hour, tp->tm_min, tp->tm_sec, (int)(_ts.tv_nsec/1000), __FUNCTION__, __LINE__, __VA_ARGS__); \
   ^
In file included from /home/dhkang/work/Aurora/aurora/inc/sys/linux/az_linux_def.h:255:0,
                 from /home/dhkang/work/Aurora/aurora/inc/az_sys_def.h:27,
                 from /home/dhkang/work/Aurora/aurora/inc/az_def.h:189,
                 from /home/dhkang/work/Aurora/aurora/inc/az_core.h:24,
                 from /home/dhkang/work/Aurora/aurora/inc/aurora.h:24,
                 from /home/dhkang/work/Aurora/auron/src/azm_rsh.c:22:
/home/dhkang/work/Aurora/aurora/inc/sys/linux/az_linux_dllib.h:96:20: note: ‘nsyms’ was declared here
   az_size_t nsize, nsyms, i;
                    ^
Finished building: /home/dhkang/work/Aurora/auron/src/azm_rsh.c
 
Building file: /home/dhkang/work/Aurora/auron/src/azm_rstdio.c
Invoking: GCC C Compiler
gcc -Dlinux -D"BASE_FILENAME=\"azm_rstdio.c\"" -I"/home/dhkang/work/Aurora/aurora/inc" -I"/home/dhkang/work/Aurora/aurora/inc/sys" -I"/home/dhkang/work/Aurora/aurora/inc/sys/linux" -I"/home/dhkang/work/Aurora/auron/inc" -O0 -g3 -finstrument-functions -Wall -c -fmessage-length=0 -MMD -MP -MF"Sources/auron_src/azm_rstdio.d" -MT"Sources/auron_src/azm_rstdio.o" -o "Sources/auron_src/azm_rstdio.o" "/home/dhkang/work/Aurora/auron/src/azm_rstdio.c"
In file included from /home/dhkang/work/Aurora/aurora/inc/sys/linux/az_linux_def.h:69:0,
                 from /home/dhkang/work/Aurora/aurora/inc/az_sys_def.h:27,
                 from /home/dhkang/work/Aurora/aurora/inc/az_def.h:189,
                 from /home/dhkang/work/Aurora/aurora/inc/az_core.h:24,
                 from /home/dhkang/work/Aurora/aurora/inc/aurora.h:24,
                 from /home/dhkang/work/Aurora/auron/src/azm_rstdio.c:22:
/home/dhkang/work/Aurora/aurora/inc/sys/linux/az_linux_fs.h: In function ‘az_sys_fs_copy’:
/home/dhkang/work/Aurora/aurora/inc/sys/linux/az_linux_fs.h:217:14: warning: implicit declaration of function ‘sendfile’ [-Wimplicit-function-declaration]
       wlen = sendfile(dst, src, &offset, 4096);
              ^
In file included from /home/dhkang/work/Aurora/aurora/inc/sys/linux/az_linux_def.h:127:0,
                 from /home/dhkang/work/Aurora/aurora/inc/az_sys_def.h:27,
                 from /home/dhkang/work/Aurora/aurora/inc/az_def.h:189,
                 from /home/dhkang/work/Aurora/aurora/inc/az_core.h:24,
                 from /home/dhkang/work/Aurora/aurora/inc/aurora.h:24,
                 from /home/dhkang/work/Aurora/auron/src/azm_rstdio.c:22:
/home/dhkang/work/Aurora/aurora/inc/sys/linux/az_linux_event.h: In function ‘az_sys_iomux_add_ep’:
/home/dhkang/work/Aurora/aurora/inc/sys/linux/az_linux_event.h:377:10: warning: ‘return’ with a value, in function returning void
   return r;
          ^
/home/dhkang/work/Aurora/aurora/inc/sys/linux/az_linux_event.h: In function ‘az_sys_iomux_del_ep’:
/home/dhkang/work/Aurora/aurora/inc/sys/linux/az_linux_event.h:392:10: warning: ‘return’ with a value, in function returning void
   return r;
          ^
In file included from /home/dhkang/work/Aurora/aurora/inc/sys/linux/az_linux_def.h:255:0,
                 from /home/dhkang/work/Aurora/aurora/inc/az_sys_def.h:27,
                 from /home/dhkang/work/Aurora/aurora/inc/az_def.h:189,
                 from /home/dhkang/work/Aurora/aurora/inc/az_core.h:24,
                 from /home/dhkang/work/Aurora/aurora/inc/aurora.h:24,
                 from /home/dhkang/work/Aurora/auron/src/azm_rstdio.c:22:
/home/dhkang/work/Aurora/aurora/inc/sys/linux/az_linux_dllib.h: In function ‘az_sys_dllib_findBfdAddr2Name’:
/home/dhkang/work/Aurora/aurora/inc/sys/linux/az_linux_dllib.h:162:14: warning: assignment discards ‘const’ qualifier from pointer target type [-Wdiscarded-qualifiers]
         name = symtab[i]->name;
              ^
In file included from /home/dhkang/work/Aurora/aurora/inc/az_core.h:32:0,
                 from /home/dhkang/work/Aurora/aurora/inc/aurora.h:24,
                 from /home/dhkang/work/Aurora/auron/src/azm_rstdio.c:22:
/home/dhkang/work/Aurora/aurora/inc/az_string.h: In function ‘az_hexStringDecode’:
/home/dhkang/work/Aurora/aurora/inc/az_string.h:186:19: warning: implicit declaration of function ‘az_hex2Byte’ [-Wimplicit-function-declaration]
     outBytes[i] = az_hex2Byte(&inHexStr[i*2]);
                   ^
In file included from /home/dhkang/work/Aurora/aurora/inc/az_core.h:33:0,
                 from /home/dhkang/work/Aurora/aurora/inc/aurora.h:24,
                 from /home/dhkang/work/Aurora/auron/src/azm_rstdio.c:22:
/home/dhkang/work/Aurora/aurora/inc/az_array.h: In function ‘az_array_add32’:
/home/dhkang/work/Aurora/aurora/inc/az_array.h:329:5: warning: implicit declaration of function ‘az_array_est_element32_at’ [-Wimplicit-function-declaration]
     az_array_est_element32_at(pArray, id, e);
     ^
In file included from /home/dhkang/work/Aurora/aurora/inc/mon/az_probe.h:28:0,
                 from /home/dhkang/work/Aurora/aurora/inc/aurora.h:28,
                 from /home/dhkang/work/Aurora/auron/src/azm_rstdio.c:22:
/home/dhkang/work/Aurora/aurora/inc/sys/az_inet.h: In function ‘az_inet_openLocalSocket’:
/home/dhkang/work/Aurora/aurora/inc/sys/az_inet.h:196:49: warning: passing argument 4 of ‘az_inet_mkLocalSocketAddr’ from incompatible pointer type [-Wincompatible-pointer-types]
     az_inet_mkLocalSocketAddr(name, NULL, NULL, addr);
                                                 ^
/home/dhkang/work/Aurora/aurora/inc/sys/az_inet.h:146:20: note: expected ‘az_sys_sockaddr_t * {aka struct sockaddr *}’ but argument is of type ‘struct sockaddr_un *’
 static inline void az_inet_mkLocalSocketAddr(char *name, char *key1, char *key2, 
                    ^
In file included from /home/dhkang/work/Aurora/aurora/inc/mon/az_trace.h:25:0,
                 from /home/dhkang/work/Aurora/auron/src/azm_rstdio.c:23:
/home/dhkang/work/Aurora/aurora/inc/mon/az_mcheck.h: At top level:
/home/dhkang/work/Aurora/aurora/inc/mon/az_mcheck.h:53:1: warning: no semicolon at end of struct or union
 } az_mchk_info_t;
 ^
In file included from /home/dhkang/work/Aurora/auron/src/azm_rstdio.c:23:0:
/home/dhkang/work/Aurora/aurora/inc/mon/az_trace.h:102:1: warning: no semicolon at end of struct or union
 } az_trace_info_t;
 ^
/home/dhkang/work/Aurora/auron/src/azm_rstdio.c: In function ‘azm_rstdio_proc_default’:
/home/dhkang/work/Aurora/auron/src/azm_rstdio.c:83:8: warning: unused variable ‘count’ [-Wunused-variable]
   long count = 0;
        ^
In file included from /home/dhkang/work/Aurora/aurora/inc/sys/linux/az_linux_def.h:255:0,
                 from /home/dhkang/work/Aurora/aurora/inc/az_sys_def.h:27,
                 from /home/dhkang/work/Aurora/aurora/inc/az_def.h:189,
                 from /home/dhkang/work/Aurora/aurora/inc/az_core.h:24,
                 from /home/dhkang/work/Aurora/aurora/inc/aurora.h:24,
                 from /home/dhkang/work/Aurora/auron/src/azm_rstdio.c:22:
/home/dhkang/work/Aurora/auron/src/azm_rstdio.c: At top level:
/home/dhkang/work/Aurora/aurora/inc/sys/linux/az_linux_dllib.h:140:54: warning: ‘az_sys_dllib_findBfdAddr2Name’ defined but not used [-Wunused-function]
 static char __attribute__((no_instrument_function)) *az_sys_dllib_findBfdAddr2Name(az_ref_t addr) 
                                                      ^
In file included from /home/dhkang/work/Aurora/aurora/inc/az_core.h:34:0,
                 from /home/dhkang/work/Aurora/aurora/inc/aurora.h:24,
                 from /home/dhkang/work/Aurora/auron/src/azm_rstdio.c:22:
/home/dhkang/work/Aurora/aurora/inc/az_ion.h:94:13: warning: ‘az_ion_invalidate’ defined but not used [-Wunused-function]
 static void az_ion_invalidate(az_ion_t *ion, int is_static)
             ^
In file included from /home/dhkang/work/Aurora/aurora/inc/sys/linux/az_linux_def.h:45:0,
                 from /home/dhkang/work/Aurora/aurora/inc/az_sys_def.h:27,
                 from /home/dhkang/work/Aurora/aurora/inc/az_def.h:189,
                 from /home/dhkang/work/Aurora/aurora/inc/az_core.h:24,
                 from /home/dhkang/work/Aurora/aurora/inc/aurora.h:24,
                 from /home/dhkang/work/Aurora/auron/src/azm_rstdio.c:22:
/home/dhkang/work/Aurora/auron/src/azm_rstdio.c: In function ‘az_sys_dllib_findBfdSymbol’:
/home/dhkang/work/Aurora/aurora/inc/sys/az_sys_printf.h:91:3: warning: ‘symtab’ may be used uninitialized in this function [-Wmaybe-uninitialized]
   printf(AZ_SYS_TIMESTAMP_FMT "[%s:%d] " fmt,tp->tm_hour, tp->tm_min, tp->tm_sec, (int)(_ts.tv_nsec/1000), __FUNCTION__, __LINE__, __VA_ARGS__); \
   ^
In file included from /home/dhkang/work/Aurora/aurora/inc/sys/linux/az_linux_def.h:255:0,
                 from /home/dhkang/work/Aurora/aurora/inc/az_sys_def.h:27,
                 from /home/dhkang/work/Aurora/aurora/inc/az_def.h:189,
                 from /home/dhkang/work/Aurora/aurora/inc/az_core.h:24,
                 from /home/dhkang/work/Aurora/aurora/inc/aurora.h:24,
                 from /home/dhkang/work/Aurora/auron/src/azm_rstdio.c:22:
/home/dhkang/work/Aurora/aurora/inc/sys/linux/az_linux_dllib.h:95:13: note: ‘symtab’ was declared here
   asymbol **symtab;
             ^
In file included from /home/dhkang/work/Aurora/aurora/inc/sys/linux/az_linux_def.h:45:0,
                 from /home/dhkang/work/Aurora/aurora/inc/az_sys_def.h:27,
                 from /home/dhkang/work/Aurora/aurora/inc/az_def.h:189,
                 from /home/dhkang/work/Aurora/aurora/inc/az_core.h:24,
                 from /home/dhkang/work/Aurora/aurora/inc/aurora.h:24,
                 from /home/dhkang/work/Aurora/auron/src/azm_rstdio.c:22:
/home/dhkang/work/Aurora/aurora/inc/sys/az_sys_printf.h:91:3: warning: ‘nsyms’ may be used uninitialized in this function [-Wmaybe-uninitialized]
   printf(AZ_SYS_TIMESTAMP_FMT "[%s:%d] " fmt,tp->tm_hour, tp->tm_min, tp->tm_sec, (int)(_ts.tv_nsec/1000), __FUNCTION__, __LINE__, __VA_ARGS__); \
   ^
In file included from /home/dhkang/work/Aurora/aurora/inc/sys/linux/az_linux_def.h:255:0,
                 from /home/dhkang/work/Aurora/aurora/inc/az_sys_def.h:27,
                 from /home/dhkang/work/Aurora/aurora/inc/az_def.h:189,
                 from /home/dhkang/work/Aurora/aurora/inc/az_core.h:24,
                 from /home/dhkang/work/Aurora/aurora/inc/aurora.h:24,
                 from /home/dhkang/work/Aurora/auron/src/azm_rstdio.c:22:
/home/dhkang/work/Aurora/aurora/inc/sys/linux/az_linux_dllib.h:96:20: note: ‘nsyms’ was declared here
   az_size_t nsize, nsyms, i;
                    ^
Finished building: /home/dhkang/work/Aurora/auron/src/azm_rstdio.c
 
Building file: /home/dhkang/work/Aurora/auron/src/azm_trace.c
Invoking: GCC C Compiler
gcc -Dlinux -D"BASE_FILENAME=\"azm_trace.c\"" -I"/home/dhkang/work/Aurora/aurora/inc" -I"/home/dhkang/work/Aurora/aurora/inc/sys" -I"/home/dhkang/work/Aurora/aurora/inc/sys/linux" -I"/home/dhkang/work/Aurora/auron/inc" -O0 -g3 -finstrument-functions -Wall -c -fmessage-length=0 -MMD -MP -MF"Sources/auron_src/azm_trace.d" -MT"Sources/auron_src/azm_trace.o" -o "Sources/auron_src/azm_trace.o" "/home/dhkang/work/Aurora/auron/src/azm_trace.c"
In file included from /home/dhkang/work/Aurora/aurora/inc/sys/linux/az_linux_def.h:69:0,
                 from /home/dhkang/work/Aurora/aurora/inc/az_sys_def.h:27,
                 from /home/dhkang/work/Aurora/aurora/inc/az_def.h:189,
                 from /home/dhkang/work/Aurora/aurora/inc/az_core.h:24,
                 from /home/dhkang/work/Aurora/aurora/inc/aurora.h:24,
                 from /home/dhkang/work/Aurora/auron/src/azm_trace.c:22:
/home/dhkang/work/Aurora/aurora/inc/sys/linux/az_linux_fs.h: In function ‘az_sys_fs_copy’:
/home/dhkang/work/Aurora/aurora/inc/sys/linux/az_linux_fs.h:217:14: warning: implicit declaration of function ‘sendfile’ [-Wimplicit-function-declaration]
       wlen = sendfile(dst, src, &offset, 4096);
              ^
In file included from /home/dhkang/work/Aurora/aurora/inc/sys/linux/az_linux_def.h:127:0,
                 from /home/dhkang/work/Aurora/aurora/inc/az_sys_def.h:27,
                 from /home/dhkang/work/Aurora/aurora/inc/az_def.h:189,
                 from /home/dhkang/work/Aurora/aurora/inc/az_core.h:24,
                 from /home/dhkang/work/Aurora/aurora/inc/aurora.h:24,
                 from /home/dhkang/work/Aurora/auron/src/azm_trace.c:22:
/home/dhkang/work/Aurora/aurora/inc/sys/linux/az_linux_event.h: In function ‘az_sys_iomux_add_ep’:
/home/dhkang/work/Aurora/aurora/inc/sys/linux/az_linux_event.h:377:10: warning: ‘return’ with a value, in function returning void
   return r;
          ^
/home/dhkang/work/Aurora/aurora/inc/sys/linux/az_linux_event.h: In function ‘az_sys_iomux_del_ep’:
/home/dhkang/work/Aurora/aurora/inc/sys/linux/az_linux_event.h:392:10: warning: ‘return’ with a value, in function returning void
   return r;
          ^
In file included from /home/dhkang/work/Aurora/aurora/inc/sys/linux/az_linux_def.h:255:0,
                 from /home/dhkang/work/Aurora/aurora/inc/az_sys_def.h:27,
                 from /home/dhkang/work/Aurora/aurora/inc/az_def.h:189,
                 from /home/dhkang/work/Aurora/aurora/inc/az_core.h:24,
                 from /home/dhkang/work/Aurora/aurora/inc/aurora.h:24,
                 from /home/dhkang/work/Aurora/auron/src/azm_trace.c:22:
/home/dhkang/work/Aurora/aurora/inc/sys/linux/az_linux_dllib.h: In function ‘az_sys_dllib_findBfdAddr2Name’:
/home/dhkang/work/Aurora/aurora/inc/sys/linux/az_linux_dllib.h:162:14: warning: assignment discards ‘const’ qualifier from pointer target type [-Wdiscarded-qualifiers]
         name = symtab[i]->name;
              ^
In file included from /home/dhkang/work/Aurora/aurora/inc/az_core.h:32:0,
                 from /home/dhkang/work/Aurora/aurora/inc/aurora.h:24,
                 from /home/dhkang/work/Aurora/auron/src/azm_trace.c:22:
/home/dhkang/work/Aurora/aurora/inc/az_string.h: In function ‘az_hexStringDecode’:
/home/dhkang/work/Aurora/aurora/inc/az_string.h:186:19: warning: implicit declaration of function ‘az_hex2Byte’ [-Wimplicit-function-declaration]
     outBytes[i] = az_hex2Byte(&inHexStr[i*2]);
                   ^
In file included from /home/dhkang/work/Aurora/aurora/inc/az_core.h:33:0,
                 from /home/dhkang/work/Aurora/aurora/inc/aurora.h:24,
                 from /home/dhkang/work/Aurora/auron/src/azm_trace.c:22:
/home/dhkang/work/Aurora/aurora/inc/az_array.h: In function ‘az_array_add32’:
/home/dhkang/work/Aurora/aurora/inc/az_array.h:329:5: warning: implicit declaration of function ‘az_array_est_element32_at’ [-Wimplicit-function-declaration]
     az_array_est_element32_at(pArray, id, e);
     ^
In file included from /home/dhkang/work/Aurora/aurora/inc/mon/az_probe.h:28:0,
                 from /home/dhkang/work/Aurora/aurora/inc/aurora.h:28,
                 from /home/dhkang/work/Aurora/auron/src/azm_trace.c:22:
/home/dhkang/work/Aurora/aurora/inc/sys/az_inet.h: In function ‘az_inet_openLocalSocket’:
/home/dhkang/work/Aurora/aurora/inc/sys/az_inet.h:196:49: warning: passing argument 4 of ‘az_inet_mkLocalSocketAddr’ from incompatible pointer type [-Wincompatible-pointer-types]
     az_inet_mkLocalSocketAddr(name, NULL, NULL, addr);
                                                 ^
/home/dhkang/work/Aurora/aurora/inc/sys/az_inet.h:146:20: note: expected ‘az_sys_sockaddr_t * {aka struct sockaddr *}’ but argument is of type ‘struct sockaddr_un *’
 static inline void az_inet_mkLocalSocketAddr(char *name, char *key1, char *key2, 
                    ^
In file included from /home/dhkang/work/Aurora/aurora/inc/mon/az_trace.h:25:0,
                 from /home/dhkang/work/Aurora/auron/src/azm_trace.c:23:
/home/dhkang/work/Aurora/aurora/inc/mon/az_mcheck.h: At top level:
/home/dhkang/work/Aurora/aurora/inc/mon/az_mcheck.h:53:1: warning: no semicolon at end of struct or union
 } az_mchk_info_t;
 ^
In file included from /home/dhkang/work/Aurora/auron/src/azm_trace.c:23:0:
/home/dhkang/work/Aurora/aurora/inc/mon/az_trace.h:102:1: warning: no semicolon at end of struct or union
 } az_trace_info_t;
 ^
/home/dhkang/work/Aurora/auron/src/azm_trace.c: In function ‘azm_trace_proc_recv’:
/home/dhkang/work/Aurora/auron/src/azm_trace.c:154:15: warning: initialization from incompatible pointer type [-Wincompatible-pointer-types]
   char  *bp = info;
               ^
/home/dhkang/work/Aurora/auron/src/azm_trace.c: In function ‘azm_trace_proc_default’:
/home/dhkang/work/Aurora/auron/src/azm_trace.c:370:8: warning: unused variable ‘count’ [-Wunused-variable]
   long count = 0;
        ^
/home/dhkang/work/Aurora/auron/src/azm_trace.c: In function ‘azm_trace_thread_proc_default’:
/home/dhkang/work/Aurora/auron/src/azm_trace.c:628:7: warning: variable ‘r’ set but not used [-Wunused-but-set-variable]
   int r;
       ^
/home/dhkang/work/Aurora/auron/src/azm_trace.c: In function ‘azm_trace_cli_cmd’:
/home/dhkang/work/Aurora/auron/src/azm_trace.c:769:18: warning: initialization makes pointer from integer without a cast [-Wint-conversion]
       void *xu = strtol(argv[2], NULL, 16);
                  ^
/home/dhkang/work/Aurora/auron/src/azm_trace.c:769:13: warning: unused variable ‘xu’ [-Wunused-variable]
       void *xu = strtol(argv[2], NULL, 16);
             ^
In file included from /home/dhkang/work/Aurora/aurora/inc/sys/linux/az_linux_def.h:255:0,
                 from /home/dhkang/work/Aurora/aurora/inc/az_sys_def.h:27,
                 from /home/dhkang/work/Aurora/aurora/inc/az_def.h:189,
                 from /home/dhkang/work/Aurora/aurora/inc/az_core.h:24,
                 from /home/dhkang/work/Aurora/aurora/inc/aurora.h:24,
                 from /home/dhkang/work/Aurora/auron/src/azm_trace.c:22:
/home/dhkang/work/Aurora/auron/src/azm_trace.c: At top level:
/home/dhkang/work/Aurora/aurora/inc/sys/linux/az_linux_dllib.h:140:54: warning: ‘az_sys_dllib_findBfdAddr2Name’ defined but not used [-Wunused-function]
 static char __attribute__((no_instrument_function)) *az_sys_dllib_findBfdAddr2Name(az_ref_t addr) 
                                                      ^
In file included from /home/dhkang/work/Aurora/aurora/inc/az_core.h:34:0,
                 from /home/dhkang/work/Aurora/aurora/inc/aurora.h:24,
                 from /home/dhkang/work/Aurora/auron/src/azm_trace.c:22:
/home/dhkang/work/Aurora/aurora/inc/az_ion.h:94:13: warning: ‘az_ion_invalidate’ defined but not used [-Wunused-function]
 static void az_ion_invalidate(az_ion_t *ion, int is_static)
             ^
In file included from /home/dhkang/work/Aurora/aurora/inc/sys/linux/az_linux_def.h:45:0,
                 from /home/dhkang/work/Aurora/aurora/inc/az_sys_def.h:27,
                 from /home/dhkang/work/Aurora/aurora/inc/az_def.h:189,
                 from /home/dhkang/work/Aurora/aurora/inc/az_core.h:24,
                 from /home/dhkang/work/Aurora/aurora/inc/aurora.h:24,
                 from /home/dhkang/work/Aurora/auron/src/azm_trace.c:22:
/home/dhkang/work/Aurora/auron/src/azm_trace.c: In function ‘az_sys_dllib_findBfdSymbol’:
/home/dhkang/work/Aurora/aurora/inc/sys/az_sys_printf.h:91:3: warning: ‘symtab’ may be used uninitialized in this function [-Wmaybe-uninitialized]
   printf(AZ_SYS_TIMESTAMP_FMT "[%s:%d] " fmt,tp->tm_hour, tp->tm_min, tp->tm_sec, (int)(_ts.tv_nsec/1000), __FUNCTION__, __LINE__, __VA_ARGS__); \
   ^
In file included from /home/dhkang/work/Aurora/aurora/inc/sys/linux/az_linux_def.h:255:0,
                 from /home/dhkang/work/Aurora/aurora/inc/az_sys_def.h:27,
                 from /home/dhkang/work/Aurora/aurora/inc/az_def.h:189,
                 from /home/dhkang/work/Aurora/aurora/inc/az_core.h:24,
                 from /home/dhkang/work/Aurora/aurora/inc/aurora.h:24,
                 from /home/dhkang/work/Aurora/auron/src/azm_trace.c:22:
/home/dhkang/work/Aurora/aurora/inc/sys/linux/az_linux_dllib.h:95:13: note: ‘symtab’ was declared here
   asymbol **symtab;
             ^
In file included from /home/dhkang/work/Aurora/aurora/inc/sys/linux/az_linux_def.h:45:0,
                 from /home/dhkang/work/Aurora/aurora/inc/az_sys_def.h:27,
                 from /home/dhkang/work/Aurora/aurora/inc/az_def.h:189,
                 from /home/dhkang/work/Aurora/aurora/inc/az_core.h:24,
                 from /home/dhkang/work/Aurora/aurora/inc/aurora.h:24,
                 from /home/dhkang/work/Aurora/auron/src/azm_trace.c:22:
/home/dhkang/work/Aurora/aurora/inc/sys/az_sys_printf.h:91:3: warning: ‘nsyms’ may be used uninitialized in this function [-Wmaybe-uninitialized]
   printf(AZ_SYS_TIMESTAMP_FMT "[%s:%d] " fmt,tp->tm_hour, tp->tm_min, tp->tm_sec, (int)(_ts.tv_nsec/1000), __FUNCTION__, __LINE__, __VA_ARGS__); \
   ^
In file included from /home/dhkang/work/Aurora/aurora/inc/sys/linux/az_linux_def.h:255:0,
                 from /home/dhkang/work/Aurora/aurora/inc/az_sys_def.h:27,
                 from /home/dhkang/work/Aurora/aurora/inc/az_def.h:189,
                 from /home/dhkang/work/Aurora/aurora/inc/az_core.h:24,
                 from /home/dhkang/work/Aurora/aurora/inc/aurora.h:24,
                 from /home/dhkang/work/Aurora/auron/src/azm_trace.c:22:
/home/dhkang/work/Aurora/aurora/inc/sys/linux/az_linux_dllib.h:96:20: note: ‘nsyms’ was declared here
   az_size_t nsize, nsyms, i;
                    ^
Finished building: /home/dhkang/work/Aurora/auron/src/azm_trace.c
 
Building target: auron
Invoking: GCC C++ Linker
g++ -L"/home/dhkang/work/Aurora/build/linux/ecs_build/x86_64/Debug2/lib" -o "auron"  ./Sources/auron_src/addr2line.o ./Sources/auron_src/azm_main.o ./Sources/auron_src/azm_mcheck.o ./Sources/auron_src/azm_probe.o ./Sources/auron_src/azm_rsh.o ./Sources/auron_src/azm_rstdio.o ./Sources/auron_src/azm_trace.o   -lAurora -lasan -lbfd -ldl -lrt -lstdc++ -lm -lgcc -lpthread
Finished building target: auron
 
make --no-print-directory post-build
copy exeutable to output location
cp auron /home/dhkang/work/Aurora/build/linux/ecs_build/x86_64/Debug2/bin/; cp auron /home/dhkang/work/Aurora/bin/linux/
 

11:23:10 Build Finished (took 1s.739ms)

