11:25:40 **** Build of configuration Debug for project auros ****
make all 
Building file: /home/dhkang/work/Aurora/auros/src/azs_main.c
Invoking: GCC C Compiler
gcc -Dlinux -D"BASE_FILENAME=\"azs_main.c\"" -I"/home/dhkang/work/Aurora/aurora/inc" -I"/home/dhkang/work/Aurora/aurora/inc/sys" -I"/home/dhkang/work/Aurora/aurora/inc/sys/linux" -I"/home/dhkang/work/Aurora/auros/inc" -O0 -g3 -finstrument-functions -Wall -c -fmessage-length=0 -fsanitize=address -MMD -MP -MF"Sources/src/azs_main.d" -MT"Sources/src/azs_main.o" -o "Sources/src/azs_main.o" "/home/dhkang/work/Aurora/auros/src/azs_main.c"
In file included from /home/dhkang/work/Aurora/aurora/inc/sys/linux/az_linux_def.h:69:0,
                 from /home/dhkang/work/Aurora/aurora/inc/az_sys_def.h:27,
                 from /home/dhkang/work/Aurora/aurora/inc/az_def.h:189,
                 from /home/dhkang/work/Aurora/aurora/inc/az_core.h:24,
                 from /home/dhkang/work/Aurora/aurora/inc/aurora.h:24,
                 from /home/dhkang/work/Aurora/auros/src/azs_main.c:22:
/home/dhkang/work/Aurora/aurora/inc/sys/linux/az_linux_fs.h: In function ‘az_sys_fs_copy’:
/home/dhkang/work/Aurora/aurora/inc/sys/linux/az_linux_fs.h:217:14: warning: implicit declaration of function ‘sendfile’ [-Wimplicit-function-declaration]
       wlen = sendfile(dst, src, &offset, 4096);
              ^
In file included from /home/dhkang/work/Aurora/aurora/inc/sys/linux/az_linux_def.h:127:0,
                 from /home/dhkang/work/Aurora/aurora/inc/az_sys_def.h:27,
                 from /home/dhkang/work/Aurora/aurora/inc/az_def.h:189,
                 from /home/dhkang/work/Aurora/aurora/inc/az_core.h:24,
                 from /home/dhkang/work/Aurora/aurora/inc/aurora.h:24,
                 from /home/dhkang/work/Aurora/auros/src/azs_main.c:22:
/home/dhkang/work/Aurora/aurora/inc/sys/linux/az_linux_event.h: In function ‘az_sys_iomux_add_ep’:
/home/dhkang/work/Aurora/aurora/inc/sys/linux/az_linux_event.h:377:10: warning: ‘return’ with a value, in function returning void
   return r;
          ^
/home/dhkang/work/Aurora/aurora/inc/sys/linux/az_linux_event.h: In function ‘az_sys_iomux_del_ep’:
/home/dhkang/work/Aurora/aurora/inc/sys/linux/az_linux_event.h:392:10: warning: ‘return’ with a value, in function returning void
   return r;
          ^
In file included from /home/dhkang/work/Aurora/aurora/inc/sys/linux/az_linux_def.h:255:0,
                 from /home/dhkang/work/Aurora/aurora/inc/az_sys_def.h:27,
                 from /home/dhkang/work/Aurora/aurora/inc/az_def.h:189,
                 from /home/dhkang/work/Aurora/aurora/inc/az_core.h:24,
                 from /home/dhkang/work/Aurora/aurora/inc/aurora.h:24,
                 from /home/dhkang/work/Aurora/auros/src/azs_main.c:22:
/home/dhkang/work/Aurora/aurora/inc/sys/linux/az_linux_dllib.h: In function ‘az_sys_dllib_findBfdAddr2Name’:
/home/dhkang/work/Aurora/aurora/inc/sys/linux/az_linux_dllib.h:162:14: warning: assignment discards ‘const’ qualifier from pointer target type [-Wdiscarded-qualifiers]
         name = symtab[i]->name;
              ^
In file included from /home/dhkang/work/Aurora/aurora/inc/az_core.h:32:0,
                 from /home/dhkang/work/Aurora/aurora/inc/aurora.h:24,
                 from /home/dhkang/work/Aurora/auros/src/azs_main.c:22:
/home/dhkang/work/Aurora/aurora/inc/az_string.h: In function ‘az_hexStringDecode’:
/home/dhkang/work/Aurora/aurora/inc/az_string.h:186:19: warning: implicit declaration of function ‘az_hex2Byte’ [-Wimplicit-function-declaration]
     outBytes[i] = az_hex2Byte(&inHexStr[i*2]);
                   ^
In file included from /home/dhkang/work/Aurora/aurora/inc/az_core.h:33:0,
                 from /home/dhkang/work/Aurora/aurora/inc/aurora.h:24,
                 from /home/dhkang/work/Aurora/auros/src/azs_main.c:22:
/home/dhkang/work/Aurora/aurora/inc/az_array.h: In function ‘az_array_add32’:
/home/dhkang/work/Aurora/aurora/inc/az_array.h:329:5: warning: implicit declaration of function ‘az_array_est_element32_at’ [-Wimplicit-function-declaration]
     az_array_est_element32_at(pArray, id, e);
     ^
In file included from /home/dhkang/work/Aurora/aurora/inc/mon/az_probe.h:28:0,
                 from /home/dhkang/work/Aurora/aurora/inc/aurora.h:28,
                 from /home/dhkang/work/Aurora/auros/src/azs_main.c:22:
/home/dhkang/work/Aurora/aurora/inc/sys/az_inet.h: In function ‘az_inet_openLocalSocket’:
/home/dhkang/work/Aurora/aurora/inc/sys/az_inet.h:196:49: warning: passing argument 4 of ‘az_inet_mkLocalSocketAddr’ from incompatible pointer type [-Wincompatible-pointer-types]
     az_inet_mkLocalSocketAddr(name, NULL, NULL, addr);
                                                 ^
/home/dhkang/work/Aurora/aurora/inc/sys/az_inet.h:146:20: note: expected ‘az_sys_sockaddr_t * {aka struct sockaddr *}’ but argument is of type ‘struct sockaddr_un *’
 static inline void az_inet_mkLocalSocketAddr(char *name, char *key1, char *key2, 
                    ^
/home/dhkang/work/Aurora/auros/src/azs_main.c: In function ‘main’:
/home/dhkang/work/Aurora/auros/src/azs_main.c:101:3: warning: implicit declaration of function ‘az_trace_start_default_thread’ [-Wimplicit-function-declaration]
   az_trace_start_default_thread();
   ^
/home/dhkang/work/Aurora/auros/src/azs_main.c:106:32: warning: passing argument 2 of ‘az_thread_create’ from incompatible pointer type [-Wincompatible-pointer-types]
   r = az_thread_create("main", azs_xu_main_entry, &azs_xu_main_arg, &azs_xu_main_config, &azs_xu_main);
                                ^
In file included from /home/dhkang/work/Aurora/aurora/inc/az_core.h:42:0,
                 from /home/dhkang/work/Aurora/aurora/inc/aurora.h:24,
                 from /home/dhkang/work/Aurora/auros/src/azs_main.c:22:
/home/dhkang/work/Aurora/aurora/inc/az_thread.h:256:20: note: expected ‘az_thread_entry_t {aka void * (*)(void *)}’ but argument is of type ‘void * (*)(struct azs_xu_main_arg *)’
 extern az_ion_id_t az_thread_create(char *name, az_thread_entry_t entry, az_thread_arg_t arg, az_thread_config_t *pCfg, az_thread_t *pXU);
                    ^
/home/dhkang/work/Aurora/auros/src/azs_main.c:110:12: warning: cast from pointer to integer of different size [-Wpointer-to-int-cast]
     return (int)az_thread_entry(azs_xu_main);
            ^
In file included from /home/dhkang/work/Aurora/aurora/inc/sys/linux/az_linux_def.h:255:0,
                 from /home/dhkang/work/Aurora/aurora/inc/az_sys_def.h:27,
                 from /home/dhkang/work/Aurora/aurora/inc/az_def.h:189,
                 from /home/dhkang/work/Aurora/aurora/inc/az_core.h:24,
                 from /home/dhkang/work/Aurora/aurora/inc/aurora.h:24,
                 from /home/dhkang/work/Aurora/auros/src/azs_main.c:22:
/home/dhkang/work/Aurora/auros/src/azs_main.c: At top level:
/home/dhkang/work/Aurora/aurora/inc/sys/linux/az_linux_dllib.h:140:54: warning: ‘az_sys_dllib_findBfdAddr2Name’ defined but not used [-Wunused-function]
 static char __attribute__((no_instrument_function)) *az_sys_dllib_findBfdAddr2Name(az_ref_t addr) 
                                                      ^
In file included from /home/dhkang/work/Aurora/aurora/inc/az_core.h:34:0,
                 from /home/dhkang/work/Aurora/aurora/inc/aurora.h:24,
                 from /home/dhkang/work/Aurora/auros/src/azs_main.c:22:
/home/dhkang/work/Aurora/aurora/inc/az_ion.h:94:13: warning: ‘az_ion_invalidate’ defined but not used [-Wunused-function]
 static void az_ion_invalidate(az_ion_t *ion, int is_static)
             ^
In file included from /home/dhkang/work/Aurora/aurora/inc/sys/linux/az_linux_def.h:45:0,
                 from /home/dhkang/work/Aurora/aurora/inc/az_sys_def.h:27,
                 from /home/dhkang/work/Aurora/aurora/inc/az_def.h:189,
                 from /home/dhkang/work/Aurora/aurora/inc/az_core.h:24,
                 from /home/dhkang/work/Aurora/aurora/inc/aurora.h:24,
                 from /home/dhkang/work/Aurora/auros/src/azs_main.c:22:
/home/dhkang/work/Aurora/auros/src/azs_main.c: In function ‘az_sys_dllib_findBfdSymbol’:
/home/dhkang/work/Aurora/aurora/inc/sys/az_sys_printf.h:91:3: warning: ‘symtab’ may be used uninitialized in this function [-Wmaybe-uninitialized]
   printf(AZ_SYS_TIMESTAMP_FMT "[%s:%d] " fmt,tp->tm_hour, tp->tm_min, tp->tm_sec, (int)(_ts.tv_nsec/1000), __FUNCTION__, __LINE__, __VA_ARGS__); \
   ^
In file included from /home/dhkang/work/Aurora/aurora/inc/sys/linux/az_linux_def.h:255:0,
                 from /home/dhkang/work/Aurora/aurora/inc/az_sys_def.h:27,
                 from /home/dhkang/work/Aurora/aurora/inc/az_def.h:189,
                 from /home/dhkang/work/Aurora/aurora/inc/az_core.h:24,
                 from /home/dhkang/work/Aurora/aurora/inc/aurora.h:24,
                 from /home/dhkang/work/Aurora/auros/src/azs_main.c:22:
/home/dhkang/work/Aurora/aurora/inc/sys/linux/az_linux_dllib.h:95:13: note: ‘symtab’ was declared here
   asymbol **symtab;
             ^
In file included from /home/dhkang/work/Aurora/aurora/inc/sys/linux/az_linux_def.h:45:0,
                 from /home/dhkang/work/Aurora/aurora/inc/az_sys_def.h:27,
                 from /home/dhkang/work/Aurora/aurora/inc/az_def.h:189,
                 from /home/dhkang/work/Aurora/aurora/inc/az_core.h:24,
                 from /home/dhkang/work/Aurora/aurora/inc/aurora.h:24,
                 from /home/dhkang/work/Aurora/auros/src/azs_main.c:22:
/home/dhkang/work/Aurora/aurora/inc/sys/az_sys_printf.h:91:3: warning: ‘nsyms’ may be used uninitialized in this function [-Wmaybe-uninitialized]
   printf(AZ_SYS_TIMESTAMP_FMT "[%s:%d] " fmt,tp->tm_hour, tp->tm_min, tp->tm_sec, (int)(_ts.tv_nsec/1000), __FUNCTION__, __LINE__, __VA_ARGS__); \
   ^
In file included from /home/dhkang/work/Aurora/aurora/inc/sys/linux/az_linux_def.h:255:0,
                 from /home/dhkang/work/Aurora/aurora/inc/az_sys_def.h:27,
                 from /home/dhkang/work/Aurora/aurora/inc/az_def.h:189,
                 from /home/dhkang/work/Aurora/aurora/inc/az_core.h:24,
                 from /home/dhkang/work/Aurora/aurora/inc/aurora.h:24,
                 from /home/dhkang/work/Aurora/auros/src/azs_main.c:22:
/home/dhkang/work/Aurora/aurora/inc/sys/linux/az_linux_dllib.h:96:20: note: ‘nsyms’ was declared here
   az_size_t nsize, nsyms, i;
                    ^
Finished building: /home/dhkang/work/Aurora/auros/src/azs_main.c
 
Building file: /home/dhkang/work/Aurora/auros/src/azs_rstdio.c
Invoking: GCC C Compiler
gcc -Dlinux -D"BASE_FILENAME=\"azs_rstdio.c\"" -I"/home/dhkang/work/Aurora/aurora/inc" -I"/home/dhkang/work/Aurora/aurora/inc/sys" -I"/home/dhkang/work/Aurora/aurora/inc/sys/linux" -I"/home/dhkang/work/Aurora/auros/inc" -O0 -g3 -finstrument-functions -Wall -c -fmessage-length=0 -fsanitize=address -MMD -MP -MF"Sources/src/azs_rstdio.d" -MT"Sources/src/azs_rstdio.o" -o "Sources/src/azs_rstdio.o" "/home/dhkang/work/Aurora/auros/src/azs_rstdio.c"
In file included from /home/dhkang/work/Aurora/aurora/inc/sys/linux/az_linux_def.h:69:0,
                 from /home/dhkang/work/Aurora/aurora/inc/az_sys_def.h:27,
                 from /home/dhkang/work/Aurora/aurora/inc/az_def.h:189,
                 from /home/dhkang/work/Aurora/aurora/inc/az_core.h:24,
                 from /home/dhkang/work/Aurora/aurora/inc/aurora.h:24,
                 from /home/dhkang/work/Aurora/auros/src/azs_rstdio.c:22:
/home/dhkang/work/Aurora/aurora/inc/sys/linux/az_linux_fs.h: In function ‘az_sys_fs_copy’:
/home/dhkang/work/Aurora/aurora/inc/sys/linux/az_linux_fs.h:217:14: warning: implicit declaration of function ‘sendfile’ [-Wimplicit-function-declaration]
       wlen = sendfile(dst, src, &offset, 4096);
              ^
In file included from /home/dhkang/work/Aurora/aurora/inc/sys/linux/az_linux_def.h:127:0,
                 from /home/dhkang/work/Aurora/aurora/inc/az_sys_def.h:27,
                 from /home/dhkang/work/Aurora/aurora/inc/az_def.h:189,
                 from /home/dhkang/work/Aurora/aurora/inc/az_core.h:24,
                 from /home/dhkang/work/Aurora/aurora/inc/aurora.h:24,
                 from /home/dhkang/work/Aurora/auros/src/azs_rstdio.c:22:
/home/dhkang/work/Aurora/aurora/inc/sys/linux/az_linux_event.h: In function ‘az_sys_iomux_add_ep’:
/home/dhkang/work/Aurora/aurora/inc/sys/linux/az_linux_event.h:377:10: warning: ‘return’ with a value, in function returning void
   return r;
          ^
/home/dhkang/work/Aurora/aurora/inc/sys/linux/az_linux_event.h: In function ‘az_sys_iomux_del_ep’:
/home/dhkang/work/Aurora/aurora/inc/sys/linux/az_linux_event.h:392:10: warning: ‘return’ with a value, in function returning void
   return r;
          ^
In file included from /home/dhkang/work/Aurora/aurora/inc/sys/linux/az_linux_def.h:255:0,
                 from /home/dhkang/work/Aurora/aurora/inc/az_sys_def.h:27,
                 from /home/dhkang/work/Aurora/aurora/inc/az_def.h:189,
                 from /home/dhkang/work/Aurora/aurora/inc/az_core.h:24,
                 from /home/dhkang/work/Aurora/aurora/inc/aurora.h:24,
                 from /home/dhkang/work/Aurora/auros/src/azs_rstdio.c:22:
/home/dhkang/work/Aurora/aurora/inc/sys/linux/az_linux_dllib.h: In function ‘az_sys_dllib_findBfdAddr2Name’:
/home/dhkang/work/Aurora/aurora/inc/sys/linux/az_linux_dllib.h:162:14: warning: assignment discards ‘const’ qualifier from pointer target type [-Wdiscarded-qualifiers]
         name = symtab[i]->name;
              ^
In file included from /home/dhkang/work/Aurora/aurora/inc/az_core.h:32:0,
                 from /home/dhkang/work/Aurora/aurora/inc/aurora.h:24,
                 from /home/dhkang/work/Aurora/auros/src/azs_rstdio.c:22:
/home/dhkang/work/Aurora/aurora/inc/az_string.h: In function ‘az_hexStringDecode’:
/home/dhkang/work/Aurora/aurora/inc/az_string.h:186:19: warning: implicit declaration of function ‘az_hex2Byte’ [-Wimplicit-function-declaration]
     outBytes[i] = az_hex2Byte(&inHexStr[i*2]);
                   ^
In file included from /home/dhkang/work/Aurora/aurora/inc/az_core.h:33:0,
                 from /home/dhkang/work/Aurora/aurora/inc/aurora.h:24,
                 from /home/dhkang/work/Aurora/auros/src/azs_rstdio.c:22:
/home/dhkang/work/Aurora/aurora/inc/az_array.h: In function ‘az_array_add32’:
/home/dhkang/work/Aurora/aurora/inc/az_array.h:329:5: warning: implicit declaration of function ‘az_array_est_element32_at’ [-Wimplicit-function-declaration]
     az_array_est_element32_at(pArray, id, e);
     ^
In file included from /home/dhkang/work/Aurora/aurora/inc/mon/az_probe.h:28:0,
                 from /home/dhkang/work/Aurora/aurora/inc/aurora.h:28,
                 from /home/dhkang/work/Aurora/auros/src/azs_rstdio.c:22:
/home/dhkang/work/Aurora/aurora/inc/sys/az_inet.h: In function ‘az_inet_openLocalSocket’:
/home/dhkang/work/Aurora/aurora/inc/sys/az_inet.h:196:49: warning: passing argument 4 of ‘az_inet_mkLocalSocketAddr’ from incompatible pointer type [-Wincompatible-pointer-types]
     az_inet_mkLocalSocketAddr(name, NULL, NULL, addr);
                                                 ^
/home/dhkang/work/Aurora/aurora/inc/sys/az_inet.h:146:20: note: expected ‘az_sys_sockaddr_t * {aka struct sockaddr *}’ but argument is of type ‘struct sockaddr_un *’
 static inline void az_inet_mkLocalSocketAddr(char *name, char *key1, char *key2, 
                    ^
In file included from /home/dhkang/work/Aurora/aurora/inc/mon/az_trace.h:25:0,
                 from /home/dhkang/work/Aurora/auros/src/azs_rstdio.c:23:
/home/dhkang/work/Aurora/aurora/inc/mon/az_mcheck.h: At top level:
/home/dhkang/work/Aurora/aurora/inc/mon/az_mcheck.h:53:1: warning: no semicolon at end of struct or union
 } az_mchk_info_t;
 ^
In file included from /home/dhkang/work/Aurora/auros/src/azs_rstdio.c:23:0:
/home/dhkang/work/Aurora/aurora/inc/mon/az_trace.h:102:1: warning: no semicolon at end of struct or union
 } az_trace_info_t;
 ^
/home/dhkang/work/Aurora/auros/src/azs_rstdio.c: In function ‘azs_rstdio_proc_default’:
/home/dhkang/work/Aurora/auros/src/azs_rstdio.c:80:8: warning: unused variable ‘count’ [-Wunused-variable]
   long count = 0;
        ^
In file included from /home/dhkang/work/Aurora/aurora/inc/sys/linux/az_linux_def.h:255:0,
                 from /home/dhkang/work/Aurora/aurora/inc/az_sys_def.h:27,
                 from /home/dhkang/work/Aurora/aurora/inc/az_def.h:189,
                 from /home/dhkang/work/Aurora/aurora/inc/az_core.h:24,
                 from /home/dhkang/work/Aurora/aurora/inc/aurora.h:24,
                 from /home/dhkang/work/Aurora/auros/src/azs_rstdio.c:22:
/home/dhkang/work/Aurora/auros/src/azs_rstdio.c: At top level:
/home/dhkang/work/Aurora/aurora/inc/sys/linux/az_linux_dllib.h:140:54: warning: ‘az_sys_dllib_findBfdAddr2Name’ defined but not used [-Wunused-function]
 static char __attribute__((no_instrument_function)) *az_sys_dllib_findBfdAddr2Name(az_ref_t addr) 
                                                      ^
In file included from /home/dhkang/work/Aurora/aurora/inc/az_core.h:34:0,
                 from /home/dhkang/work/Aurora/aurora/inc/aurora.h:24,
                 from /home/dhkang/work/Aurora/auros/src/azs_rstdio.c:22:
/home/dhkang/work/Aurora/aurora/inc/az_ion.h:94:13: warning: ‘az_ion_invalidate’ defined but not used [-Wunused-function]
 static void az_ion_invalidate(az_ion_t *ion, int is_static)
             ^
In file included from /home/dhkang/work/Aurora/aurora/inc/sys/linux/az_linux_def.h:45:0,
                 from /home/dhkang/work/Aurora/aurora/inc/az_sys_def.h:27,
                 from /home/dhkang/work/Aurora/aurora/inc/az_def.h:189,
                 from /home/dhkang/work/Aurora/aurora/inc/az_core.h:24,
                 from /home/dhkang/work/Aurora/aurora/inc/aurora.h:24,
                 from /home/dhkang/work/Aurora/auros/src/azs_rstdio.c:22:
/home/dhkang/work/Aurora/auros/src/azs_rstdio.c: In function ‘az_sys_dllib_findBfdSymbol’:
/home/dhkang/work/Aurora/aurora/inc/sys/az_sys_printf.h:91:3: warning: ‘symtab’ may be used uninitialized in this function [-Wmaybe-uninitialized]
   printf(AZ_SYS_TIMESTAMP_FMT "[%s:%d] " fmt,tp->tm_hour, tp->tm_min, tp->tm_sec, (int)(_ts.tv_nsec/1000), __FUNCTION__, __LINE__, __VA_ARGS__); \
   ^
In file included from /home/dhkang/work/Aurora/aurora/inc/sys/linux/az_linux_def.h:255:0,
                 from /home/dhkang/work/Aurora/aurora/inc/az_sys_def.h:27,
                 from /home/dhkang/work/Aurora/aurora/inc/az_def.h:189,
                 from /home/dhkang/work/Aurora/aurora/inc/az_core.h:24,
                 from /home/dhkang/work/Aurora/aurora/inc/aurora.h:24,
                 from /home/dhkang/work/Aurora/auros/src/azs_rstdio.c:22:
/home/dhkang/work/Aurora/aurora/inc/sys/linux/az_linux_dllib.h:95:13: note: ‘symtab’ was declared here
   asymbol **symtab;
             ^
In file included from /home/dhkang/work/Aurora/aurora/inc/sys/linux/az_linux_def.h:45:0,
                 from /home/dhkang/work/Aurora/aurora/inc/az_sys_def.h:27,
                 from /home/dhkang/work/Aurora/aurora/inc/az_def.h:189,
                 from /home/dhkang/work/Aurora/aurora/inc/az_core.h:24,
                 from /home/dhkang/work/Aurora/aurora/inc/aurora.h:24,
                 from /home/dhkang/work/Aurora/auros/src/azs_rstdio.c:22:
/home/dhkang/work/Aurora/aurora/inc/sys/az_sys_printf.h:91:3: warning: ‘nsyms’ may be used uninitialized in this function [-Wmaybe-uninitialized]
   printf(AZ_SYS_TIMESTAMP_FMT "[%s:%d] " fmt,tp->tm_hour, tp->tm_min, tp->tm_sec, (int)(_ts.tv_nsec/1000), __FUNCTION__, __LINE__, __VA_ARGS__); \
   ^
In file included from /home/dhkang/work/Aurora/aurora/inc/sys/linux/az_linux_def.h:255:0,
                 from /home/dhkang/work/Aurora/aurora/inc/az_sys_def.h:27,
                 from /home/dhkang/work/Aurora/aurora/inc/az_def.h:189,
                 from /home/dhkang/work/Aurora/aurora/inc/az_core.h:24,
                 from /home/dhkang/work/Aurora/aurora/inc/aurora.h:24,
                 from /home/dhkang/work/Aurora/auros/src/azs_rstdio.c:22:
/home/dhkang/work/Aurora/aurora/inc/sys/linux/az_linux_dllib.h:96:20: note: ‘nsyms’ was declared here
   az_size_t nsize, nsyms, i;
                    ^
Finished building: /home/dhkang/work/Aurora/auros/src/azs_rstdio.c
 
Building target: auros
Invoking: GCC C++ Linker
g++ -L"/home/dhkang/work/Aurora/build/linux/ecs_build/x86_64/Debug/lib" -o "auros"  ./Sources/src/azs_main.o ./Sources/src/azs_rstdio.o   -lAurora -lasan -lbfd -ldl -lrt -lstdc++ -lm -lgcc -lpthread
Finished building target: auros
 
make --no-print-directory post-build
copy exeutable to output location
cp auros /home/dhkang/work/Aurora/build/linux/ecs_build/x86_64/Debug/bin/; cp auros /home/dhkang/work/Aurora/bin/linux/
 

11:25:40 Build Finished (took 732ms)

