01:09:56 **** Incremental Build of configuration Debug2 for project gauron ****
make all 
Building file: /home/dhkang/work/Aurora/auron/src/gtk/azm_gtk.c
Invoking: GCC C Compiler
gcc -Dlinux -D"BASE_FILENAME=\"azm_gtk.c\"" -DAZM_GUI=1 -I/usr/include/gtk-3.0 -I/usr/include/at-spi2-atk/2.0 -I/usr/include/at-spi-2.0 -I/usr/include/dbus-1.0 -I/usr/lib/x86_64-linux-gnu/dbus-1.0/include -I/usr/include/gio-unix-2.0/ -I/usr/include/mirclient -I/usr/include/mircore -I/usr/include/mircookie -I/usr/include/cairo -I/usr/include/pango-1.0 -I/usr/include/harfbuzz -I/usr/include/atk-1.0 -I/usr/include/pixman-1 -I/usr/include/freetype2 -I/usr/include/libpng12 -I/usr/include/gdk-pixbuf-2.0 -I/usr/include/glib-2.0 -I/usr/lib/x86_64-linux-gnu/glib-2.0/include -I"/home/dhkang/work/Aurora/aurora/inc" -I"/home/dhkang/work/Aurora/aurora/inc/sys" -I"/home/dhkang/work/Aurora/aurora/inc/sys/linux" -I"/home/dhkang/work/Aurora/auron/inc" -O0 -g3 -finstrument-functions -Wall -c -fmessage-length=0 -MMD -MP -MF"Sources/auron_src/gtk/azm_gtk.d" -MT"Sources/auron_src/gtk/azm_gtk.o" -o "Sources/auron_src/gtk/azm_gtk.o" "/home/dhkang/work/Aurora/auron/src/gtk/azm_gtk.c"
In file included from /home/dhkang/work/Aurora/aurora/inc/sys/linux/az_linux_def.h:69:0,
                 from /home/dhkang/work/Aurora/aurora/inc/az_sys_def.h:27,
                 from /home/dhkang/work/Aurora/aurora/inc/az_def.h:189,
                 from /home/dhkang/work/Aurora/aurora/inc/az_core.h:24,
                 from /home/dhkang/work/Aurora/aurora/inc/aurora.h:24,
                 from /home/dhkang/work/Aurora/auron/src/gtk/azm_gtk.c:24:
/home/dhkang/work/Aurora/aurora/inc/sys/linux/az_linux_fs.h: In function ‘az_sys_fs_copy’:
/home/dhkang/work/Aurora/aurora/inc/sys/linux/az_linux_fs.h:217:14: warning: implicit declaration of function ‘sendfile’ [-Wimplicit-function-declaration]
       wlen = sendfile(dst, src, &offset, 4096);
              ^
In file included from /home/dhkang/work/Aurora/aurora/inc/sys/linux/az_linux_def.h:127:0,
                 from /home/dhkang/work/Aurora/aurora/inc/az_sys_def.h:27,
                 from /home/dhkang/work/Aurora/aurora/inc/az_def.h:189,
                 from /home/dhkang/work/Aurora/aurora/inc/az_core.h:24,
                 from /home/dhkang/work/Aurora/aurora/inc/aurora.h:24,
                 from /home/dhkang/work/Aurora/auron/src/gtk/azm_gtk.c:24:
/home/dhkang/work/Aurora/aurora/inc/sys/linux/az_linux_event.h: In function ‘az_sys_iomux_add_ep’:
/home/dhkang/work/Aurora/aurora/inc/sys/linux/az_linux_event.h:377:10: warning: ‘return’ with a value, in function returning void
   return r;
          ^
/home/dhkang/work/Aurora/aurora/inc/sys/linux/az_linux_event.h: In function ‘az_sys_iomux_del_ep’:
/home/dhkang/work/Aurora/aurora/inc/sys/linux/az_linux_event.h:392:10: warning: ‘return’ with a value, in function returning void
   return r;
          ^
In file included from /home/dhkang/work/Aurora/aurora/inc/sys/linux/az_linux_def.h:255:0,
                 from /home/dhkang/work/Aurora/aurora/inc/az_sys_def.h:27,
                 from /home/dhkang/work/Aurora/aurora/inc/az_def.h:189,
                 from /home/dhkang/work/Aurora/aurora/inc/az_core.h:24,
                 from /home/dhkang/work/Aurora/aurora/inc/aurora.h:24,
                 from /home/dhkang/work/Aurora/auron/src/gtk/azm_gtk.c:24:
/home/dhkang/work/Aurora/aurora/inc/sys/linux/az_linux_dllib.h: In function ‘az_sys_dllib_findBfdAddr2Name’:
/home/dhkang/work/Aurora/aurora/inc/sys/linux/az_linux_dllib.h:162:14: warning: assignment discards ‘const’ qualifier from pointer target type [-Wdiscarded-qualifiers]
         name = symtab[i]->name;
              ^
In file included from /home/dhkang/work/Aurora/aurora/inc/az_core.h:32:0,
                 from /home/dhkang/work/Aurora/aurora/inc/aurora.h:24,
                 from /home/dhkang/work/Aurora/auron/src/gtk/azm_gtk.c:24:
/home/dhkang/work/Aurora/aurora/inc/az_string.h: In function ‘az_hexStringDecode’:
/home/dhkang/work/Aurora/aurora/inc/az_string.h:186:19: warning: implicit declaration of function ‘az_hex2Byte’ [-Wimplicit-function-declaration]
     outBytes[i] = az_hex2Byte(&inHexStr[i*2]);
                   ^
In file included from /home/dhkang/work/Aurora/aurora/inc/az_core.h:33:0,
                 from /home/dhkang/work/Aurora/aurora/inc/aurora.h:24,
                 from /home/dhkang/work/Aurora/auron/src/gtk/azm_gtk.c:24:
/home/dhkang/work/Aurora/aurora/inc/az_array.h: In function ‘az_array_add32’:
/home/dhkang/work/Aurora/aurora/inc/az_array.h:329:5: warning: implicit declaration of function ‘az_array_est_element32_at’ [-Wimplicit-function-declaration]
     az_array_est_element32_at(pArray, id, e);
     ^
In file included from /home/dhkang/work/Aurora/aurora/inc/mon/az_probe.h:28:0,
                 from /home/dhkang/work/Aurora/aurora/inc/sys/az_sys_probe.h:25,
                 from /home/dhkang/work/Aurora/aurora/inc/az_thread.h:36,
                 from /home/dhkang/work/Aurora/aurora/inc/az_core.h:43,
                 from /home/dhkang/work/Aurora/aurora/inc/aurora.h:24,
                 from /home/dhkang/work/Aurora/auron/src/gtk/azm_gtk.c:24:
/home/dhkang/work/Aurora/aurora/inc/sys/az_inet.h: In function ‘az_inet_openLocalSocket’:
/home/dhkang/work/Aurora/aurora/inc/sys/az_inet.h:194:49: warning: passing argument 4 of ‘az_inet_mkLocalSocketAddr’ from incompatible pointer type [-Wincompatible-pointer-types]
     az_inet_mkLocalSocketAddr(name, NULL, NULL, addr);
                                                 ^
/home/dhkang/work/Aurora/aurora/inc/sys/az_inet.h:144:20: note: expected ‘az_sys_sockaddr_t * {aka struct sockaddr *}’ but argument is of type ‘struct sockaddr_un *’
 static inline void az_inet_mkLocalSocketAddr(char *name, char *key1, char *key2, 
                    ^
/home/dhkang/work/Aurora/auron/src/gtk/azm_gtk.c: In function ‘find_child’:
/home/dhkang/work/Aurora/auron/src/gtk/azm_gtk.c:58:3: warning: ‘g_strcasecmp’ is deprecated [-Wdeprecated-declarations]
   if (g_strcasecmp(gtk_widget_get_name((GtkWidget *)parent), (gchar *)name) == 0) {
   ^
In file included from /usr/include/glib-2.0/glib.h:79:0,
                 from /usr/include/gtk-3.0/gdk/gdkconfig.h:13,
                 from /usr/include/gtk-3.0/gdk/gdk.h:30,
                 from /usr/include/gtk-3.0/gtk/gtk.h:30,
                 from /home/dhkang/work/Aurora/auron/src/gtk/azm_gtk.c:22:
/usr/include/glib-2.0/glib/gstrfuncs.h:200:23: note: declared here
 gint                  g_strcasecmp     (const gchar *s1,
                       ^
/home/dhkang/work/Aurora/auron/src/gtk/azm_gtk.c: At top level:
/home/dhkang/work/Aurora/auron/src/gtk/azm_gtk.c:130:13: warning: missing braces around initializer [-Wmissing-braces]
 } da_info = { 
             ^
/home/dhkang/work/Aurora/auron/src/gtk/azm_gtk.c:130:13: note: (near initialization for ‘da_info’)
/home/dhkang/work/Aurora/auron/src/gtk/azm_gtk.c: In function ‘time_handler’:
/home/dhkang/work/Aurora/auron/src/gtk/azm_gtk.c:352:25: warning: passing argument 1 of ‘gtk_widget_queue_draw’ from incompatible pointer type [-Wincompatible-pointer-types]
   gtk_widget_queue_draw(da_info.label);
                         ^
In file included from /usr/include/gtk-3.0/gtk/gtkapplication.h:27:0,
                 from /usr/include/gtk-3.0/gtk/gtkwindow.h:33,
                 from /usr/include/gtk-3.0/gtk/gtkdialog.h:33,
                 from /usr/include/gtk-3.0/gtk/gtkaboutdialog.h:30,
                 from /usr/include/gtk-3.0/gtk/gtk.h:31,
                 from /home/dhkang/work/Aurora/auron/src/gtk/azm_gtk.c:22:
/usr/include/gtk-3.0/gtk/gtkwidget.h:652:9: note: expected ‘GtkWidget * {aka struct _GtkWidget *}’ but argument is of type ‘GtkLabel * {aka struct _GtkLabel *}’
 void    gtk_widget_queue_draw   (GtkWidget        *widget);
         ^
/home/dhkang/work/Aurora/auron/src/gtk/azm_gtk.c: In function ‘azm_gtk_main’:
/home/dhkang/work/Aurora/auron/src/gtk/azm_gtk.c:397:23: warning: passing argument 1 of ‘gtk_widget_set_name’ from incompatible pointer type [-Wincompatible-pointer-types]
   gtk_widget_set_name(drawingArea, "drawingArea1");
                       ^
In file included from /usr/include/gtk-3.0/gtk/gtkapplication.h:27:0,
                 from /usr/include/gtk-3.0/gtk/gtkwindow.h:33,
                 from /usr/include/gtk-3.0/gtk/gtkdialog.h:33,
                 from /usr/include/gtk-3.0/gtk/gtkaboutdialog.h:30,
                 from /usr/include/gtk-3.0/gtk/gtk.h:31,
                 from /home/dhkang/work/Aurora/auron/src/gtk/azm_gtk.c:22:
/usr/include/gtk-3.0/gtk/gtkwidget.h:810:23: note: expected ‘GtkWidget * {aka struct _GtkWidget *}’ but argument is of type ‘GtkDrawingArea * {aka struct _GtkDrawingArea *}’
 void                  gtk_widget_set_name               (GtkWidget    *widget,
                       ^
/home/dhkang/work/Aurora/auron/src/gtk/azm_gtk.c:417:31: warning: passing argument 1 of ‘gtk_widget_set_size_request’ from incompatible pointer type [-Wincompatible-pointer-types]
   gtk_widget_set_size_request(drawingArea, da_info.width, da_info.height);
                               ^
In file included from /usr/include/gtk-3.0/gtk/gtkapplication.h:27:0,
                 from /usr/include/gtk-3.0/gtk/gtkwindow.h:33,
                 from /usr/include/gtk-3.0/gtk/gtkdialog.h:33,
                 from /usr/include/gtk-3.0/gtk/gtkaboutdialog.h:30,
                 from /usr/include/gtk-3.0/gtk/gtk.h:31,
                 from /home/dhkang/work/Aurora/auron/src/gtk/azm_gtk.c:22:
/usr/include/gtk-3.0/gtk/gtkwidget.h:950:12: note: expected ‘GtkWidget * {aka struct _GtkWidget *}’ but argument is of type ‘GtkDrawingArea * {aka struct _GtkDrawingArea *}’
 void       gtk_widget_set_size_request    (GtkWidget           *widget,
            ^
/home/dhkang/work/Aurora/auron/src/gtk/azm_gtk.c:377:13: warning: variable ‘entry’ set but not used [-Wunused-but-set-variable]
   GtkEntry *entry;
             ^
/home/dhkang/work/Aurora/auron/src/gtk/azm_gtk.c:376:14: warning: variable ‘button’ set but not used [-Wunused-but-set-variable]
   GtkButton *button;
              ^
/home/dhkang/work/Aurora/auron/src/gtk/azm_gtk.c: In function ‘on_entry1_changed’:
/home/dhkang/work/Aurora/auron/src/gtk/azm_gtk.c:471:19: warning: passing argument 2 of ‘az_set_srcno’ discards ‘const’ qualifier from pointer target type [-Wdiscarded-qualifiers]
   az_set_srcno(0, text);
                   ^
/home/dhkang/work/Aurora/auron/src/gtk/azm_gtk.c:442:13: note: expected ‘gchar * {aka char *}’ but argument is of type ‘const gchar * {aka const char *}’
 static void az_set_srcno(int index, gchar *text)
             ^
/home/dhkang/work/Aurora/auron/src/gtk/azm_gtk.c:473:32: warning: passing argument 1 of ‘gtk_toggle_button_set_active’ from incompatible pointer type [-Wincompatible-pointer-types]
   gtk_toggle_button_set_active(rb, 1);
                                ^
In file included from /usr/include/gtk-3.0/gtk/gtkcheckbutton.h:33:0,
                 from /usr/include/gtk-3.0/gtk/gtk.h:71,
                 from /home/dhkang/work/Aurora/auron/src/gtk/azm_gtk.c:22:
/usr/include/gtk-3.0/gtk/gtktogglebutton.h:86:12: note: expected ‘GtkToggleButton * {aka struct _GtkToggleButton *}’ but argument is of type ‘GtkRadioButton * {aka struct _GtkRadioButton *}’
 void       gtk_toggle_button_set_active        (GtkToggleButton *toggle_button,
            ^
In file included from /home/dhkang/work/Aurora/aurora/inc/aurora.h:26:0,
                 from /home/dhkang/work/Aurora/auron/src/gtk/azm_gtk.c:24:
/home/dhkang/work/Aurora/auron/src/gtk/azm_gtk.c:474:65: warning: passing argument 1 of ‘gtk_toggle_button_get_active’ from incompatible pointer type [-Wincompatible-pointer-types]
   az_printf("rb%d active %d\n", 0, gtk_toggle_button_get_active(rb));
                                                                 ^
/home/dhkang/work/Aurora/aurora/inc/az_printf.h:73:99: note: in definition of macro ‘az_printf’
     az_log_printf(0, 0, AZ_LOG_FLAGS_TIME|AZ_LOG_FLAGS_PROC, AZ_FILENAME, __FUNCTION__, __LINE__, __VA_ARGS__);\
                                                                                                   ^
In file included from /usr/include/gtk-3.0/gtk/gtkcheckbutton.h:33:0,
                 from /usr/include/gtk-3.0/gtk/gtk.h:71,
                 from /home/dhkang/work/Aurora/auron/src/gtk/azm_gtk.c:22:
/usr/include/gtk-3.0/gtk/gtktogglebutton.h:89:12: note: expected ‘GtkToggleButton * {aka struct _GtkToggleButton *}’ but argument is of type ‘GtkRadioButton * {aka struct _GtkRadioButton *}’
 gboolean   gtk_toggle_button_get_active        (GtkToggleButton *toggle_button);
            ^
In file included from /home/dhkang/work/Aurora/aurora/inc/sys/linux/az_linux_def.h:45:0,
                 from /home/dhkang/work/Aurora/aurora/inc/az_sys_def.h:27,
                 from /home/dhkang/work/Aurora/aurora/inc/az_def.h:189,
                 from /home/dhkang/work/Aurora/aurora/inc/az_core.h:24,
                 from /home/dhkang/work/Aurora/aurora/inc/aurora.h:24,
                 from /home/dhkang/work/Aurora/auron/src/gtk/azm_gtk.c:24:
/home/dhkang/work/Aurora/auron/src/gtk/azm_gtk.c:474:65: warning: passing argument 1 of ‘gtk_toggle_button_get_active’ from incompatible pointer type [-Wincompatible-pointer-types]
   az_printf("rb%d active %d\n", 0, gtk_toggle_button_get_active(rb));
                                                                 ^
/home/dhkang/work/Aurora/aurora/inc/sys/az_sys_printf.h:64:119: note: in definition of macro ‘az_sys_printf’
   printf(AZ_SYS_TIMESTAMP_FMT " [%s] " fmt,tp->tm_hour, tp->tm_min, tp->tm_sec, (int)(_ts.tv_nsec/1000), AZ_FILENAME, __VA_ARGS__);\
                                                                                                                       ^
/home/dhkang/work/Aurora/auron/src/gtk/azm_gtk.c:474:3: note: in expansion of macro ‘az_printf’
   az_printf("rb%d active %d\n", 0, gtk_toggle_button_get_active(rb));
   ^
In file included from /usr/include/gtk-3.0/gtk/gtkcheckbutton.h:33:0,
                 from /usr/include/gtk-3.0/gtk/gtk.h:71,
                 from /home/dhkang/work/Aurora/auron/src/gtk/azm_gtk.c:22:
/usr/include/gtk-3.0/gtk/gtktogglebutton.h:89:12: note: expected ‘GtkToggleButton * {aka struct _GtkToggleButton *}’ but argument is of type ‘GtkRadioButton * {aka struct _GtkRadioButton *}’
 gboolean   gtk_toggle_button_get_active        (GtkToggleButton *toggle_button);
            ^
In file included from /home/dhkang/work/Aurora/aurora/inc/sys/linux/az_linux_def.h:45:0,
                 from /home/dhkang/work/Aurora/aurora/inc/az_sys_def.h:27,
                 from /home/dhkang/work/Aurora/aurora/inc/az_def.h:189,
                 from /home/dhkang/work/Aurora/aurora/inc/az_core.h:24,
                 from /home/dhkang/work/Aurora/aurora/inc/aurora.h:24,
                 from /home/dhkang/work/Aurora/auron/src/gtk/azm_gtk.c:24:
/home/dhkang/work/Aurora/auron/src/gtk/azm_gtk.c:474:65: warning: passing argument 1 of ‘gtk_toggle_button_get_active’ from incompatible pointer type [-Wincompatible-pointer-types]
   az_printf("rb%d active %d\n", 0, gtk_toggle_button_get_active(rb));
                                                                 ^
/home/dhkang/work/Aurora/aurora/inc/sys/az_sys_printf.h:66:97: note: in definition of macro ‘az_sys_printf’
   printf(AZ_SYS_TIMESTAMP_FMT fmt,tp->tm_hour, tp->tm_min, tp->tm_sec, (int)(_ts.tv_nsec/1000), __VA_ARGS__);\
                                                                                                 ^
/home/dhkang/work/Aurora/auron/src/gtk/azm_gtk.c:474:3: note: in expansion of macro ‘az_printf’
   az_printf("rb%d active %d\n", 0, gtk_toggle_button_get_active(rb));
   ^
In file included from /usr/include/gtk-3.0/gtk/gtkcheckbutton.h:33:0,
                 from /usr/include/gtk-3.0/gtk/gtk.h:71,
                 from /home/dhkang/work/Aurora/auron/src/gtk/azm_gtk.c:22:
/usr/include/gtk-3.0/gtk/gtktogglebutton.h:89:12: note: expected ‘GtkToggleButton * {aka struct _GtkToggleButton *}’ but argument is of type ‘GtkRadioButton * {aka struct _GtkRadioButton *}’
 gboolean   gtk_toggle_button_get_active        (GtkToggleButton *toggle_button);
            ^
/home/dhkang/work/Aurora/auron/src/gtk/azm_gtk.c: In function ‘on_entry2_changed’:
/home/dhkang/work/Aurora/auron/src/gtk/azm_gtk.c:479:19: warning: passing argument 2 of ‘az_set_srcno’ discards ‘const’ qualifier from pointer target type [-Wdiscarded-qualifiers]
   az_set_srcno(1, text);
                   ^
/home/dhkang/work/Aurora/auron/src/gtk/azm_gtk.c:442:13: note: expected ‘gchar * {aka char *}’ but argument is of type ‘const gchar * {aka const char *}’
 static void az_set_srcno(int index, gchar *text)
             ^
/home/dhkang/work/Aurora/auron/src/gtk/azm_gtk.c:481:32: warning: passing argument 1 of ‘gtk_toggle_button_set_active’ from incompatible pointer type [-Wincompatible-pointer-types]
   gtk_toggle_button_set_active(rb, 1);
                                ^
In file included from /usr/include/gtk-3.0/gtk/gtkcheckbutton.h:33:0,
                 from /usr/include/gtk-3.0/gtk/gtk.h:71,
                 from /home/dhkang/work/Aurora/auron/src/gtk/azm_gtk.c:22:
/usr/include/gtk-3.0/gtk/gtktogglebutton.h:86:12: note: expected ‘GtkToggleButton * {aka struct _GtkToggleButton *}’ but argument is of type ‘GtkRadioButton * {aka struct _GtkRadioButton *}’
 void       gtk_toggle_button_set_active        (GtkToggleButton *toggle_button,
            ^
In file included from /home/dhkang/work/Aurora/aurora/inc/aurora.h:26:0,
                 from /home/dhkang/work/Aurora/auron/src/gtk/azm_gtk.c:24:
/home/dhkang/work/Aurora/auron/src/gtk/azm_gtk.c:482:65: warning: passing argument 1 of ‘gtk_toggle_button_get_active’ from incompatible pointer type [-Wincompatible-pointer-types]
   az_printf("rb%d active %d\n", 1, gtk_toggle_button_get_active(rb));
                                                                 ^
/home/dhkang/work/Aurora/aurora/inc/az_printf.h:73:99: note: in definition of macro ‘az_printf’
     az_log_printf(0, 0, AZ_LOG_FLAGS_TIME|AZ_LOG_FLAGS_PROC, AZ_FILENAME, __FUNCTION__, __LINE__, __VA_ARGS__);\
                                                                                                   ^
In file included from /usr/include/gtk-3.0/gtk/gtkcheckbutton.h:33:0,
                 from /usr/include/gtk-3.0/gtk/gtk.h:71,
                 from /home/dhkang/work/Aurora/auron/src/gtk/azm_gtk.c:22:
/usr/include/gtk-3.0/gtk/gtktogglebutton.h:89:12: note: expected ‘GtkToggleButton * {aka struct _GtkToggleButton *}’ but argument is of type ‘GtkRadioButton * {aka struct _GtkRadioButton *}’
 gboolean   gtk_toggle_button_get_active        (GtkToggleButton *toggle_button);
            ^
In file included from /home/dhkang/work/Aurora/aurora/inc/sys/linux/az_linux_def.h:45:0,
                 from /home/dhkang/work/Aurora/aurora/inc/az_sys_def.h:27,
                 from /home/dhkang/work/Aurora/aurora/inc/az_def.h:189,
                 from /home/dhkang/work/Aurora/aurora/inc/az_core.h:24,
                 from /home/dhkang/work/Aurora/aurora/inc/aurora.h:24,
                 from /home/dhkang/work/Aurora/auron/src/gtk/azm_gtk.c:24:
/home/dhkang/work/Aurora/auron/src/gtk/azm_gtk.c:482:65: warning: passing argument 1 of ‘gtk_toggle_button_get_active’ from incompatible pointer type [-Wincompatible-pointer-types]
   az_printf("rb%d active %d\n", 1, gtk_toggle_button_get_active(rb));
                                                                 ^
/home/dhkang/work/Aurora/aurora/inc/sys/az_sys_printf.h:64:119: note: in definition of macro ‘az_sys_printf’
   printf(AZ_SYS_TIMESTAMP_FMT " [%s] " fmt,tp->tm_hour, tp->tm_min, tp->tm_sec, (int)(_ts.tv_nsec/1000), AZ_FILENAME, __VA_ARGS__);\
                                                                                                                       ^
/home/dhkang/work/Aurora/auron/src/gtk/azm_gtk.c:482:3: note: in expansion of macro ‘az_printf’
   az_printf("rb%d active %d\n", 1, gtk_toggle_button_get_active(rb));
   ^
In file included from /usr/include/gtk-3.0/gtk/gtkcheckbutton.h:33:0,
                 from /usr/include/gtk-3.0/gtk/gtk.h:71,
                 from /home/dhkang/work/Aurora/auron/src/gtk/azm_gtk.c:22:
/usr/include/gtk-3.0/gtk/gtktogglebutton.h:89:12: note: expected ‘GtkToggleButton * {aka struct _GtkToggleButton *}’ but argument is of type ‘GtkRadioButton * {aka struct _GtkRadioButton *}’
 gboolean   gtk_toggle_button_get_active        (GtkToggleButton *toggle_button);
            ^
In file included from /home/dhkang/work/Aurora/aurora/inc/sys/linux/az_linux_def.h:45:0,
                 from /home/dhkang/work/Aurora/aurora/inc/az_sys_def.h:27,
                 from /home/dhkang/work/Aurora/aurora/inc/az_def.h:189,
                 from /home/dhkang/work/Aurora/aurora/inc/az_core.h:24,
                 from /home/dhkang/work/Aurora/aurora/inc/aurora.h:24,
                 from /home/dhkang/work/Aurora/auron/src/gtk/azm_gtk.c:24:
/home/dhkang/work/Aurora/auron/src/gtk/azm_gtk.c:482:65: warning: passing argument 1 of ‘gtk_toggle_button_get_active’ from incompatible pointer type [-Wincompatible-pointer-types]
   az_printf("rb%d active %d\n", 1, gtk_toggle_button_get_active(rb));
                                                                 ^
/home/dhkang/work/Aurora/aurora/inc/sys/az_sys_printf.h:66:97: note: in definition of macro ‘az_sys_printf’
   printf(AZ_SYS_TIMESTAMP_FMT fmt,tp->tm_hour, tp->tm_min, tp->tm_sec, (int)(_ts.tv_nsec/1000), __VA_ARGS__);\
                                                                                                 ^
/home/dhkang/work/Aurora/auron/src/gtk/azm_gtk.c:482:3: note: in expansion of macro ‘az_printf’
   az_printf("rb%d active %d\n", 1, gtk_toggle_button_get_active(rb));
   ^
In file included from /usr/include/gtk-3.0/gtk/gtkcheckbutton.h:33:0,
                 from /usr/include/gtk-3.0/gtk/gtk.h:71,
                 from /home/dhkang/work/Aurora/auron/src/gtk/azm_gtk.c:22:
/usr/include/gtk-3.0/gtk/gtktogglebutton.h:89:12: note: expected ‘GtkToggleButton * {aka struct _GtkToggleButton *}’ but argument is of type ‘GtkRadioButton * {aka struct _GtkRadioButton *}’
 gboolean   gtk_toggle_button_get_active        (GtkToggleButton *toggle_button);
            ^
/home/dhkang/work/Aurora/auron/src/gtk/azm_gtk.c: In function ‘on_entry3_changed’:
/home/dhkang/work/Aurora/auron/src/gtk/azm_gtk.c:487:19: warning: passing argument 2 of ‘az_set_srcno’ discards ‘const’ qualifier from pointer target type [-Wdiscarded-qualifiers]
   az_set_srcno(2, text);
                   ^
/home/dhkang/work/Aurora/auron/src/gtk/azm_gtk.c:442:13: note: expected ‘gchar * {aka char *}’ but argument is of type ‘const gchar * {aka const char *}’
 static void az_set_srcno(int index, gchar *text)
             ^
/home/dhkang/work/Aurora/auron/src/gtk/azm_gtk.c:489:32: warning: passing argument 1 of ‘gtk_toggle_button_set_active’ from incompatible pointer type [-Wincompatible-pointer-types]
   gtk_toggle_button_set_active(rb, 1);
                                ^
In file included from /usr/include/gtk-3.0/gtk/gtkcheckbutton.h:33:0,
                 from /usr/include/gtk-3.0/gtk/gtk.h:71,
                 from /home/dhkang/work/Aurora/auron/src/gtk/azm_gtk.c:22:
/usr/include/gtk-3.0/gtk/gtktogglebutton.h:86:12: note: expected ‘GtkToggleButton * {aka struct _GtkToggleButton *}’ but argument is of type ‘GtkRadioButton * {aka struct _GtkRadioButton *}’
 void       gtk_toggle_button_set_active        (GtkToggleButton *toggle_button,
            ^
In file included from /home/dhkang/work/Aurora/aurora/inc/aurora.h:26:0,
                 from /home/dhkang/work/Aurora/auron/src/gtk/azm_gtk.c:24:
/home/dhkang/work/Aurora/auron/src/gtk/azm_gtk.c:490:65: warning: passing argument 1 of ‘gtk_toggle_button_get_active’ from incompatible pointer type [-Wincompatible-pointer-types]
   az_printf("rb%d active %d\n", 2, gtk_toggle_button_get_active(rb));
                                                                 ^
/home/dhkang/work/Aurora/aurora/inc/az_printf.h:73:99: note: in definition of macro ‘az_printf’
     az_log_printf(0, 0, AZ_LOG_FLAGS_TIME|AZ_LOG_FLAGS_PROC, AZ_FILENAME, __FUNCTION__, __LINE__, __VA_ARGS__);\
                                                                                                   ^
In file included from /usr/include/gtk-3.0/gtk/gtkcheckbutton.h:33:0,
                 from /usr/include/gtk-3.0/gtk/gtk.h:71,
                 from /home/dhkang/work/Aurora/auron/src/gtk/azm_gtk.c:22:
/usr/include/gtk-3.0/gtk/gtktogglebutton.h:89:12: note: expected ‘GtkToggleButton * {aka struct _GtkToggleButton *}’ but argument is of type ‘GtkRadioButton * {aka struct _GtkRadioButton *}’
 gboolean   gtk_toggle_button_get_active        (GtkToggleButton *toggle_button);
            ^
In file included from /home/dhkang/work/Aurora/aurora/inc/sys/linux/az_linux_def.h:45:0,
                 from /home/dhkang/work/Aurora/aurora/inc/az_sys_def.h:27,
                 from /home/dhkang/work/Aurora/aurora/inc/az_def.h:189,
                 from /home/dhkang/work/Aurora/aurora/inc/az_core.h:24,
                 from /home/dhkang/work/Aurora/aurora/inc/aurora.h:24,
                 from /home/dhkang/work/Aurora/auron/src/gtk/azm_gtk.c:24:
/home/dhkang/work/Aurora/auron/src/gtk/azm_gtk.c:490:65: warning: passing argument 1 of ‘gtk_toggle_button_get_active’ from incompatible pointer type [-Wincompatible-pointer-types]
   az_printf("rb%d active %d\n", 2, gtk_toggle_button_get_active(rb));
                                                                 ^
/home/dhkang/work/Aurora/aurora/inc/sys/az_sys_printf.h:64:119: note: in definition of macro ‘az_sys_printf’
   printf(AZ_SYS_TIMESTAMP_FMT " [%s] " fmt,tp->tm_hour, tp->tm_min, tp->tm_sec, (int)(_ts.tv_nsec/1000), AZ_FILENAME, __VA_ARGS__);\
                                                                                                                       ^
/home/dhkang/work/Aurora/auron/src/gtk/azm_gtk.c:490:3: note: in expansion of macro ‘az_printf’
   az_printf("rb%d active %d\n", 2, gtk_toggle_button_get_active(rb));
   ^
In file included from /usr/include/gtk-3.0/gtk/gtkcheckbutton.h:33:0,
                 from /usr/include/gtk-3.0/gtk/gtk.h:71,
                 from /home/dhkang/work/Aurora/auron/src/gtk/azm_gtk.c:22:
/usr/include/gtk-3.0/gtk/gtktogglebutton.h:89:12: note: expected ‘GtkToggleButton * {aka struct _GtkToggleButton *}’ but argument is of type ‘GtkRadioButton * {aka struct _GtkRadioButton *}’
 gboolean   gtk_toggle_button_get_active        (GtkToggleButton *toggle_button);
            ^
In file included from /home/dhkang/work/Aurora/aurora/inc/sys/linux/az_linux_def.h:45:0,
                 from /home/dhkang/work/Aurora/aurora/inc/az_sys_def.h:27,
                 from /home/dhkang/work/Aurora/aurora/inc/az_def.h:189,
                 from /home/dhkang/work/Aurora/aurora/inc/az_core.h:24,
                 from /home/dhkang/work/Aurora/aurora/inc/aurora.h:24,
                 from /home/dhkang/work/Aurora/auron/src/gtk/azm_gtk.c:24:
/home/dhkang/work/Aurora/auron/src/gtk/azm_gtk.c:490:65: warning: passing argument 1 of ‘gtk_toggle_button_get_active’ from incompatible pointer type [-Wincompatible-pointer-types]
   az_printf("rb%d active %d\n", 2, gtk_toggle_button_get_active(rb));
                                                                 ^
/home/dhkang/work/Aurora/aurora/inc/sys/az_sys_printf.h:66:97: note: in definition of macro ‘az_sys_printf’
   printf(AZ_SYS_TIMESTAMP_FMT fmt,tp->tm_hour, tp->tm_min, tp->tm_sec, (int)(_ts.tv_nsec/1000), __VA_ARGS__);\
                                                                                                 ^
/home/dhkang/work/Aurora/auron/src/gtk/azm_gtk.c:490:3: note: in expansion of macro ‘az_printf’
   az_printf("rb%d active %d\n", 2, gtk_toggle_button_get_active(rb));
   ^
In file included from /usr/include/gtk-3.0/gtk/gtkcheckbutton.h:33:0,
                 from /usr/include/gtk-3.0/gtk/gtk.h:71,
                 from /home/dhkang/work/Aurora/auron/src/gtk/azm_gtk.c:22:
/usr/include/gtk-3.0/gtk/gtktogglebutton.h:89:12: note: expected ‘GtkToggleButton * {aka struct _GtkToggleButton *}’ but argument is of type ‘GtkRadioButton * {aka struct _GtkRadioButton *}’
 gboolean   gtk_toggle_button_get_active        (GtkToggleButton *toggle_button);
            ^
/home/dhkang/work/Aurora/auron/src/gtk/azm_gtk.c: In function ‘on_entry4_changed’:
/home/dhkang/work/Aurora/auron/src/gtk/azm_gtk.c:495:19: warning: passing argument 2 of ‘az_set_srcno’ discards ‘const’ qualifier from pointer target type [-Wdiscarded-qualifiers]
   az_set_srcno(3, text);
                   ^
/home/dhkang/work/Aurora/auron/src/gtk/azm_gtk.c:442:13: note: expected ‘gchar * {aka char *}’ but argument is of type ‘const gchar * {aka const char *}’
 static void az_set_srcno(int index, gchar *text)
             ^
/home/dhkang/work/Aurora/auron/src/gtk/azm_gtk.c:497:32: warning: passing argument 1 of ‘gtk_toggle_button_set_active’ from incompatible pointer type [-Wincompatible-pointer-types]
   gtk_toggle_button_set_active(rb, 1);
                                ^
In file included from /usr/include/gtk-3.0/gtk/gtkcheckbutton.h:33:0,
                 from /usr/include/gtk-3.0/gtk/gtk.h:71,
                 from /home/dhkang/work/Aurora/auron/src/gtk/azm_gtk.c:22:
/usr/include/gtk-3.0/gtk/gtktogglebutton.h:86:12: note: expected ‘GtkToggleButton * {aka struct _GtkToggleButton *}’ but argument is of type ‘GtkRadioButton * {aka struct _GtkRadioButton *}’
 void       gtk_toggle_button_set_active        (GtkToggleButton *toggle_button,
            ^
In file included from /home/dhkang/work/Aurora/aurora/inc/aurora.h:26:0,
                 from /home/dhkang/work/Aurora/auron/src/gtk/azm_gtk.c:24:
/home/dhkang/work/Aurora/auron/src/gtk/azm_gtk.c:498:65: warning: passing argument 1 of ‘gtk_toggle_button_get_active’ from incompatible pointer type [-Wincompatible-pointer-types]
   az_printf("rb%d active %d\n", 3, gtk_toggle_button_get_active(rb));
                                                                 ^
/home/dhkang/work/Aurora/aurora/inc/az_printf.h:73:99: note: in definition of macro ‘az_printf’
     az_log_printf(0, 0, AZ_LOG_FLAGS_TIME|AZ_LOG_FLAGS_PROC, AZ_FILENAME, __FUNCTION__, __LINE__, __VA_ARGS__);\
                                                                                                   ^
In file included from /usr/include/gtk-3.0/gtk/gtkcheckbutton.h:33:0,
                 from /usr/include/gtk-3.0/gtk/gtk.h:71,
                 from /home/dhkang/work/Aurora/auron/src/gtk/azm_gtk.c:22:
/usr/include/gtk-3.0/gtk/gtktogglebutton.h:89:12: note: expected ‘GtkToggleButton * {aka struct _GtkToggleButton *}’ but argument is of type ‘GtkRadioButton * {aka struct _GtkRadioButton *}’
 gboolean   gtk_toggle_button_get_active        (GtkToggleButton *toggle_button);
            ^
In file included from /home/dhkang/work/Aurora/aurora/inc/sys/linux/az_linux_def.h:45:0,
                 from /home/dhkang/work/Aurora/aurora/inc/az_sys_def.h:27,
                 from /home/dhkang/work/Aurora/aurora/inc/az_def.h:189,
                 from /home/dhkang/work/Aurora/aurora/inc/az_core.h:24,
                 from /home/dhkang/work/Aurora/aurora/inc/aurora.h:24,
                 from /home/dhkang/work/Aurora/auron/src/gtk/azm_gtk.c:24:
/home/dhkang/work/Aurora/auron/src/gtk/azm_gtk.c:498:65: warning: passing argument 1 of ‘gtk_toggle_button_get_active’ from incompatible pointer type [-Wincompatible-pointer-types]
   az_printf("rb%d active %d\n", 3, gtk_toggle_button_get_active(rb));
                                                                 ^
/home/dhkang/work/Aurora/aurora/inc/sys/az_sys_printf.h:64:119: note: in definition of macro ‘az_sys_printf’
   printf(AZ_SYS_TIMESTAMP_FMT " [%s] " fmt,tp->tm_hour, tp->tm_min, tp->tm_sec, (int)(_ts.tv_nsec/1000), AZ_FILENAME, __VA_ARGS__);\
                                                                                                                       ^
/home/dhkang/work/Aurora/auron/src/gtk/azm_gtk.c:498:3: note: in expansion of macro ‘az_printf’
   az_printf("rb%d active %d\n", 3, gtk_toggle_button_get_active(rb));
   ^
In file included from /usr/include/gtk-3.0/gtk/gtkcheckbutton.h:33:0,
                 from /usr/include/gtk-3.0/gtk/gtk.h:71,
                 from /home/dhkang/work/Aurora/auron/src/gtk/azm_gtk.c:22:
/usr/include/gtk-3.0/gtk/gtktogglebutton.h:89:12: note: expected ‘GtkToggleButton * {aka struct _GtkToggleButton *}’ but argument is of type ‘GtkRadioButton * {aka struct _GtkRadioButton *}’
 gboolean   gtk_toggle_button_get_active        (GtkToggleButton *toggle_button);
            ^
In file included from /home/dhkang/work/Aurora/aurora/inc/sys/linux/az_linux_def.h:45:0,
                 from /home/dhkang/work/Aurora/aurora/inc/az_sys_def.h:27,
                 from /home/dhkang/work/Aurora/aurora/inc/az_def.h:189,
                 from /home/dhkang/work/Aurora/aurora/inc/az_core.h:24,
                 from /home/dhkang/work/Aurora/aurora/inc/aurora.h:24,
                 from /home/dhkang/work/Aurora/auron/src/gtk/azm_gtk.c:24:
/home/dhkang/work/Aurora/auron/src/gtk/azm_gtk.c:498:65: warning: passing argument 1 of ‘gtk_toggle_button_get_active’ from incompatible pointer type [-Wincompatible-pointer-types]
   az_printf("rb%d active %d\n", 3, gtk_toggle_button_get_active(rb));
                                                                 ^
/home/dhkang/work/Aurora/aurora/inc/sys/az_sys_printf.h:66:97: note: in definition of macro ‘az_sys_printf’
   printf(AZ_SYS_TIMESTAMP_FMT fmt,tp->tm_hour, tp->tm_min, tp->tm_sec, (int)(_ts.tv_nsec/1000), __VA_ARGS__);\
                                                                                                 ^
/home/dhkang/work/Aurora/auron/src/gtk/azm_gtk.c:498:3: note: in expansion of macro ‘az_printf’
   az_printf("rb%d active %d\n", 3, gtk_toggle_button_get_active(rb));
   ^
In file included from /usr/include/gtk-3.0/gtk/gtkcheckbutton.h:33:0,
                 from /usr/include/gtk-3.0/gtk/gtk.h:71,
                 from /home/dhkang/work/Aurora/auron/src/gtk/azm_gtk.c:22:
/usr/include/gtk-3.0/gtk/gtktogglebutton.h:89:12: note: expected ‘GtkToggleButton * {aka struct _GtkToggleButton *}’ but argument is of type ‘GtkRadioButton * {aka struct _GtkRadioButton *}’
 gboolean   gtk_toggle_button_get_active        (GtkToggleButton *toggle_button);
            ^
/home/dhkang/work/Aurora/auron/src/gtk/azm_gtk.c: In function ‘draw_grid’:
/home/dhkang/work/Aurora/auron/src/gtk/azm_gtk.c:592:17: warning: unused variable ‘e’ [-Wunused-variable]
   az_point_t s, e;
                 ^
/home/dhkang/work/Aurora/auron/src/gtk/azm_gtk.c:592:14: warning: unused variable ‘s’ [-Wunused-variable]
   az_point_t s, e;
              ^
In file included from /home/dhkang/work/Aurora/aurora/inc/sys/linux/az_linux_def.h:255:0,
                 from /home/dhkang/work/Aurora/aurora/inc/az_sys_def.h:27,
                 from /home/dhkang/work/Aurora/aurora/inc/az_def.h:189,
                 from /home/dhkang/work/Aurora/aurora/inc/az_core.h:24,
                 from /home/dhkang/work/Aurora/aurora/inc/aurora.h:24,
                 from /home/dhkang/work/Aurora/auron/src/gtk/azm_gtk.c:24:
/home/dhkang/work/Aurora/auron/src/gtk/azm_gtk.c: At top level:
/home/dhkang/work/Aurora/aurora/inc/sys/linux/az_linux_dllib.h:140:54: warning: ‘az_sys_dllib_findBfdAddr2Name’ defined but not used [-Wunused-function]
 static char __attribute__((no_instrument_function)) *az_sys_dllib_findBfdAddr2Name(az_ref_t addr) 
                                                      ^
/home/dhkang/work/Aurora/auron/src/gtk/azm_gtk.c:516:17: warning: ‘draw_clock’ defined but not used [-Wunused-function]
 static gboolean draw_clock(GtkWidget *widget,
                 ^
/home/dhkang/work/Aurora/auron/src/gtk/azm_gtk.c: In function ‘on_drawingarea1_draw’:
/home/dhkang/work/Aurora/auron/src/gtk/azm_gtk.c:677:1: warning: control reaches end of non-void function [-Wreturn-type]
 }
 ^
In file included from /home/dhkang/work/Aurora/aurora/inc/sys/linux/az_linux_def.h:45:0,
                 from /home/dhkang/work/Aurora/aurora/inc/az_sys_def.h:27,
                 from /home/dhkang/work/Aurora/aurora/inc/az_def.h:189,
                 from /home/dhkang/work/Aurora/aurora/inc/az_core.h:24,
                 from /home/dhkang/work/Aurora/aurora/inc/aurora.h:24,
                 from /home/dhkang/work/Aurora/auron/src/gtk/azm_gtk.c:24:
/home/dhkang/work/Aurora/auron/src/gtk/azm_gtk.c: In function ‘az_sys_dllib_findBfdSymbol’:
/home/dhkang/work/Aurora/aurora/inc/sys/az_sys_printf.h:91:3: warning: ‘symtab’ may be used uninitialized in this function [-Wmaybe-uninitialized]
   printf(AZ_SYS_TIMESTAMP_FMT "[%s:%d] " fmt,tp->tm_hour, tp->tm_min, tp->tm_sec, (int)(_ts.tv_nsec/1000), __FUNCTION__, __LINE__, __VA_ARGS__); \
   ^
In file included from /home/dhkang/work/Aurora/aurora/inc/sys/linux/az_linux_def.h:255:0,
                 from /home/dhkang/work/Aurora/aurora/inc/az_sys_def.h:27,
                 from /home/dhkang/work/Aurora/aurora/inc/az_def.h:189,
                 from /home/dhkang/work/Aurora/aurora/inc/az_core.h:24,
                 from /home/dhkang/work/Aurora/aurora/inc/aurora.h:24,
                 from /home/dhkang/work/Aurora/auron/src/gtk/azm_gtk.c:24:
/home/dhkang/work/Aurora/aurora/inc/sys/linux/az_linux_dllib.h:95:13: note: ‘symtab’ was declared here
   asymbol **symtab;
             ^
In file included from /home/dhkang/work/Aurora/aurora/inc/sys/linux/az_linux_def.h:45:0,
                 from /home/dhkang/work/Aurora/aurora/inc/az_sys_def.h:27,
                 from /home/dhkang/work/Aurora/aurora/inc/az_def.h:189,
                 from /home/dhkang/work/Aurora/aurora/inc/az_core.h:24,
                 from /home/dhkang/work/Aurora/aurora/inc/aurora.h:24,
                 from /home/dhkang/work/Aurora/auron/src/gtk/azm_gtk.c:24:
/home/dhkang/work/Aurora/aurora/inc/sys/az_sys_printf.h:91:3: warning: ‘nsyms’ may be used uninitialized in this function [-Wmaybe-uninitialized]
   printf(AZ_SYS_TIMESTAMP_FMT "[%s:%d] " fmt,tp->tm_hour, tp->tm_min, tp->tm_sec, (int)(_ts.tv_nsec/1000), __FUNCTION__, __LINE__, __VA_ARGS__); \
   ^
In file included from /home/dhkang/work/Aurora/aurora/inc/sys/linux/az_linux_def.h:255:0,
                 from /home/dhkang/work/Aurora/aurora/inc/az_sys_def.h:27,
                 from /home/dhkang/work/Aurora/aurora/inc/az_def.h:189,
                 from /home/dhkang/work/Aurora/aurora/inc/az_core.h:24,
                 from /home/dhkang/work/Aurora/aurora/inc/aurora.h:24,
                 from /home/dhkang/work/Aurora/auron/src/gtk/azm_gtk.c:24:
/home/dhkang/work/Aurora/aurora/inc/sys/linux/az_linux_dllib.h:96:20: note: ‘nsyms’ was declared here
   az_size_t nsize, nsyms, i;
                    ^
Finished building: /home/dhkang/work/Aurora/auron/src/gtk/azm_gtk.c
 
Building target: gauron
Invoking: GCC C++ Linker
g++ -L"/home/dhkang/work/Aurora/build/linux/ecs_build/x86_64/Debug2/lib" -Wl,--export-dynamic -o "gauron"  ./Sources/auron_src/gtk/azm_gtk.o ./Sources/auron_src/gtk/azm_gtk_sample.o  ./Sources/auron_src/addr2line.o ./Sources/auron_src/azm_main.o ./Sources/auron_src/azm_mcheck.o ./Sources/auron_src/azm_probe.o ./Sources/auron_src/azm_rsh.o ./Sources/auron_src/azm_rstdio.o ./Sources/auron_src/azm_trace.o   -lAurora -lasan -lgmodule-2.0 -lgtk-3 -lgdk-3 -lpangocairo-1.0 -lpango-1.0 -latk-1.0 -lcairo-gobject -lcairo -lgdk_pixbuf-2.0 -lgio-2.0 -lgobject-2.0 -lglib-2.0 -lbfd -ldl -lrt -lstdc++ -lm -lgcc -lpthread
Finished building target: gauron
 
make --no-print-directory post-build
copy exeutable to output location
cp gauron /home/dhkang/work/Aurora/build/linux/ecs_build/x86_64/Debug2/bin/; cp gauron /home/dhkang/work/Aurora/bin/linux/
 

01:09:57 Build Finished (took 1s.166ms)

