d:\work\aurora\windows_workspace\aurora\aurora\x64\debug\aurora.pch
d:\work\aurora\windows_workspace\aurora\aurora\x64\debug\aurora.pdb
d:\work\aurora\windows_workspace\aurora\aurora\x64\debug\aurora.idb
d:\work\aurora\windows_workspace\aurora\aurora\x64\debug\stdafx.obj
d:\work\aurora\windows_workspace\aurora\aurora\x64\debug\az_array_tostr.obj
d:\work\aurora\windows_workspace\aurora\aurora\x64\debug\az_buffer_tostr.obj
d:\work\aurora\windows_workspace\aurora\aurora\x64\debug\az_core.obj
d:\work\aurora\windows_workspace\aurora\aurora\x64\debug\az_fifo_tostr.obj
d:\work\aurora\windows_workspace\aurora\aurora\x64\debug\az_ion.obj
d:\work\aurora\windows_workspace\aurora\aurora\x64\debug\az_ion_tostr.obj
d:\work\aurora\windows_workspace\aurora\aurora\x64\debug\az_link_tostr.obj
d:\work\aurora\windows_workspace\aurora\aurora\x64\debug\az_var.obj
d:\work\aurora\windows_workspace\aurora\aurora\x64\debug\az_sys_init.obj
d:\work\aurora\windows_workspace\aurora\aurora\x64\debug\az_sys_xu.obj
d:\work\aurora\windows_workspace\aurora\aurora\x64\debug\az_mutex.obj
d:\work\aurora\windows_workspace\aurora\aurora\x64\debug\az_sem.obj
d:\work\aurora\windows_workspace\aurora\aurora\x64\debug\az_xu.obj
d:\work\aurora\windows_workspace\aurora\aurora\x64\debug\az_timer.obj
d:\work\aurora\aurora\lib\windows\aurora.lib
d:\work\aurora\windows_workspace\aurora\x64\debug\aurora.pdb
d:\work\aurora\windows_workspace\aurora\aurora\x64\debug\aurora.tlog\cl.command.1.tlog
d:\work\aurora\windows_workspace\aurora\aurora\x64\debug\aurora.tlog\cl.read.1.tlog
d:\work\aurora\windows_workspace\aurora\aurora\x64\debug\aurora.tlog\cl.write.1.tlog
d:\work\aurora\windows_workspace\aurora\aurora\x64\debug\aurora.tlog\lib-link.read.1.tlog
d:\work\aurora\windows_workspace\aurora\aurora\x64\debug\aurora.tlog\lib-link.write.1.tlog
d:\work\aurora\windows_workspace\aurora\aurora\x64\debug\aurora.tlog\lib.command.1.tlog
