  az_sys_xu.c
d:\work\aurora\aurora\inc\sys\windows\az_windows_mutex.h(65): warning C4133: 'function': incompatible types - from 'const char *' to 'LPCWSTR'
d:\work\aurora\aurora\inc\sys\windows\az_windows_sem.h(65): warning C4013: 'az_assert' undefined; assuming extern returning int
d:\work\aurora\aurora\inc\sys\windows\az_windows_sem.h(70): warning C4133: 'function': incompatible types - from 'const char *' to 'LPCWSTR'
d:\work\aurora\aurora\inc\sys\windows\az_windows_sem.h(72): warning C4133: 'function': incompatible types - from 'const char *' to 'LPCWSTR'
d:\work\aurora\aurora\inc\sys\windows\az_windows_sem.h(196): warning C4244: '=': conversion from 'az_uint64_t' to 'DWORD', possible loss of data
d:\work\aurora\aurora\inc\sys\windows\az_windows_event.h(173): warning C4244: '=': conversion from 'az_int64_t' to 'DWORD', possible loss of data
d:\work\aurora\aurora\inc\sys\windows\az_windows_def.h(260): warning C4244: '=': conversion from 'double' to 'long', possible loss of data
d:\work\aurora\aurora\inc\az_sys_def.h(86): warning C4091: 'typedef ': ignored on left of 'az_sys_shm_arg_t' when no variable is declared
d:\work\aurora\aurora\src\sys\windows\az_sys_xu.c(41): warning C4047: 'initializing': 'az_sys_xu_t' differs in levels of indirection from 'az_sys_xu_t *'
d:\work\aurora\aurora\src\sys\windows\az_sys_xu.c(76): warning C4090: '=': different 'const' qualifiers
d:\work\aurora\aurora\src\sys\windows\az_sys_xu.c(244): warning C4553: '==': operator has no effect; did you intend '='?
d:\work\aurora\aurora\src\sys\windows\az_sys_xu.c(247): warning C4553: '==': operator has no effect; did you intend '='?
d:\work\aurora\aurora\src\sys\windows\az_sys_xu.c(250): warning C4553: '==': operator has no effect; did you intend '='?
d:\work\aurora\aurora\src\sys\windows\az_sys_xu.c(288): warning C4047: '==': 'void *' differs in levels of indirection from 'DWORD_PTR'
d:\work\aurora\aurora\src\sys\windows\az_sys_xu.c(433): warning C4311: 'type cast': pointer truncation from 'void *' to 'DWORD'
d:\work\aurora\aurora\src\sys\windows\az_sys_xu.c(468): warning C4101: 'result': unreferenced local variable
d:\work\aurora\aurora\src\sys\windows\az_sys_xu.c(468): warning C4101: 'tmo_ms': unreferenced local variable
  az_sys_init.c
d:\work\aurora\aurora\inc\sys\windows\az_windows_mutex.h(65): warning C4133: 'function': incompatible types - from 'const char *' to 'LPCWSTR'
d:\work\aurora\aurora\inc\sys\windows\az_windows_sem.h(65): warning C4013: 'az_assert' undefined; assuming extern returning int
d:\work\aurora\aurora\inc\sys\windows\az_windows_sem.h(70): warning C4133: 'function': incompatible types - from 'const char *' to 'LPCWSTR'
d:\work\aurora\aurora\inc\sys\windows\az_windows_sem.h(72): warning C4133: 'function': incompatible types - from 'const char *' to 'LPCWSTR'
d:\work\aurora\aurora\inc\sys\windows\az_windows_sem.h(196): warning C4244: '=': conversion from 'az_uint64_t' to 'DWORD', possible loss of data
d:\work\aurora\aurora\inc\sys\windows\az_windows_event.h(173): warning C4244: '=': conversion from 'az_int64_t' to 'DWORD', possible loss of data
d:\work\aurora\aurora\inc\sys\windows\az_windows_def.h(260): warning C4244: '=': conversion from 'double' to 'long', possible loss of data
d:\work\aurora\aurora\inc\az_sys_def.h(86): warning C4091: 'typedef ': ignored on left of 'az_sys_shm_arg_t' when no variable is declared
  az_xu.c
d:\work\aurora\aurora\inc\sys\windows\az_windows_mutex.h(65): warning C4133: 'function': incompatible types - from 'const char *' to 'LPCWSTR'
d:\work\aurora\aurora\inc\sys\windows\az_windows_sem.h(65): warning C4013: 'az_assert' undefined; assuming extern returning int
d:\work\aurora\aurora\inc\sys\windows\az_windows_sem.h(70): warning C4133: 'function': incompatible types - from 'const char *' to 'LPCWSTR'
d:\work\aurora\aurora\inc\sys\windows\az_windows_sem.h(72): warning C4133: 'function': incompatible types - from 'const char *' to 'LPCWSTR'
d:\work\aurora\aurora\inc\sys\windows\az_windows_sem.h(196): warning C4244: '=': conversion from 'az_uint64_t' to 'DWORD', possible loss of data
d:\work\aurora\aurora\inc\sys\windows\az_windows_event.h(173): warning C4244: '=': conversion from 'az_int64_t' to 'DWORD', possible loss of data
d:\work\aurora\aurora\inc\sys\windows\az_windows_def.h(260): warning C4244: '=': conversion from 'double' to 'long', possible loss of data
d:\work\aurora\aurora\inc\az_sys_def.h(86): warning C4091: 'typedef ': ignored on left of 'az_sys_shm_arg_t' when no variable is declared
d:\work\aurora\aurora\src\sys\az_xu.c(54): warning C4013: 'az_ion_register' undefined; assuming extern returning int
d:\work\aurora\aurora\src\sys\az_xu.c(64): warning C4013: 'az_ion_deregister' undefined; assuming extern returning int
d:\work\aurora\aurora\src\sys\az_xu.c(172): warning C4047: 'function': 'az_xu_core_mask_t' differs in levels of indirection from 'az_xu_core_mask_t *'
d:\work\aurora\aurora\src\sys\az_xu.c(172): warning C4024: 'az_sys_xu_setAffinity': different types for formal and actual parameter 2
d:\work\aurora\aurora\src\sys\az_xu.c(269): warning C4098: 'az_xu_exit': 'void' function returning a value
  az_timer.c
d:\work\aurora\aurora\inc\sys\windows\az_windows_mutex.h(65): warning C4133: 'function': incompatible types - from 'const char *' to 'LPCWSTR'
d:\work\aurora\aurora\inc\sys\windows\az_windows_sem.h(65): warning C4013: 'az_assert' undefined; assuming extern returning int
d:\work\aurora\aurora\inc\sys\windows\az_windows_sem.h(70): warning C4133: 'function': incompatible types - from 'const char *' to 'LPCWSTR'
d:\work\aurora\aurora\inc\sys\windows\az_windows_sem.h(72): warning C4133: 'function': incompatible types - from 'const char *' to 'LPCWSTR'
d:\work\aurora\aurora\inc\sys\windows\az_windows_sem.h(196): warning C4244: '=': conversion from 'az_uint64_t' to 'DWORD', possible loss of data
d:\work\aurora\aurora\inc\sys\windows\az_windows_event.h(173): warning C4244: '=': conversion from 'az_int64_t' to 'DWORD', possible loss of data
d:\work\aurora\aurora\inc\sys\windows\az_windows_def.h(260): warning C4244: '=': conversion from 'double' to 'long', possible loss of data
d:\work\aurora\aurora\inc\az_sys_def.h(86): warning C4091: 'typedef ': ignored on left of 'az_sys_shm_arg_t' when no variable is declared
d:\work\aurora\aurora\src\sys\az_timer.c(57): warning C4013: 'az_ion_register' undefined; assuming extern returning int
d:\work\aurora\aurora\src\sys\az_timer.c(65): warning C4013: 'az_ion_deregister' undefined; assuming extern returning int
  az_sem.c
d:\work\aurora\aurora\inc\sys\windows\az_windows_mutex.h(65): warning C4133: 'function': incompatible types - from 'const char *' to 'LPCWSTR'
d:\work\aurora\aurora\inc\sys\windows\az_windows_sem.h(65): warning C4013: 'az_assert' undefined; assuming extern returning int
d:\work\aurora\aurora\inc\sys\windows\az_windows_sem.h(70): warning C4133: 'function': incompatible types - from 'const char *' to 'LPCWSTR'
d:\work\aurora\aurora\inc\sys\windows\az_windows_sem.h(72): warning C4133: 'function': incompatible types - from 'const char *' to 'LPCWSTR'
d:\work\aurora\aurora\inc\sys\windows\az_windows_sem.h(196): warning C4244: '=': conversion from 'az_uint64_t' to 'DWORD', possible loss of data
d:\work\aurora\aurora\inc\sys\windows\az_windows_event.h(173): warning C4244: '=': conversion from 'az_int64_t' to 'DWORD', possible loss of data
d:\work\aurora\aurora\inc\sys\windows\az_windows_def.h(260): warning C4244: '=': conversion from 'double' to 'long', possible loss of data
d:\work\aurora\aurora\inc\az_sys_def.h(86): warning C4091: 'typedef ': ignored on left of 'az_sys_shm_arg_t' when no variable is declared
d:\work\aurora\aurora\src\sys\az_sem.c(64): warning C4013: 'az_ion_register' undefined; assuming extern returning int
d:\work\aurora\aurora\src\sys\az_sem.c(73): warning C4013: 'az_ion_deregister' undefined; assuming extern returning int
d:\work\aurora\aurora\src\sys\az_sem.c(97): warning C4013: 'az_sys_sem_destroy' undefined; assuming extern returning int
  az_mutex.c
d:\work\aurora\aurora\inc\sys\windows\az_windows_mutex.h(65): warning C4133: 'function': incompatible types - from 'const char *' to 'LPCWSTR'
d:\work\aurora\aurora\inc\sys\windows\az_windows_sem.h(65): warning C4013: 'az_assert' undefined; assuming extern returning int
d:\work\aurora\aurora\inc\sys\windows\az_windows_sem.h(70): warning C4133: 'function': incompatible types - from 'const char *' to 'LPCWSTR'
d:\work\aurora\aurora\inc\sys\windows\az_windows_sem.h(72): warning C4133: 'function': incompatible types - from 'const char *' to 'LPCWSTR'
d:\work\aurora\aurora\inc\sys\windows\az_windows_sem.h(196): warning C4244: '=': conversion from 'az_uint64_t' to 'DWORD', possible loss of data
d:\work\aurora\aurora\inc\sys\windows\az_windows_event.h(173): warning C4244: '=': conversion from 'az_int64_t' to 'DWORD', possible loss of data
d:\work\aurora\aurora\inc\sys\windows\az_windows_def.h(260): warning C4244: '=': conversion from 'double' to 'long', possible loss of data
d:\work\aurora\aurora\inc\az_sys_def.h(86): warning C4091: 'typedef ': ignored on left of 'az_sys_shm_arg_t' when no variable is declared
d:\work\aurora\aurora\src\sys\az_mutex.c(64): warning C4013: 'az_ion_register' undefined; assuming extern returning int
d:\work\aurora\aurora\src\sys\az_mutex.c(72): warning C4013: 'az_ion_deregister' undefined; assuming extern returning int
  az_var.c
d:\work\aurora\aurora\inc\sys\windows\az_windows_mutex.h(65): warning C4133: 'function': incompatible types - from 'const char *' to 'LPCWSTR'
d:\work\aurora\aurora\inc\sys\windows\az_windows_sem.h(65): warning C4013: 'az_assert' undefined; assuming extern returning int
d:\work\aurora\aurora\inc\sys\windows\az_windows_sem.h(70): warning C4133: 'function': incompatible types - from 'const char *' to 'LPCWSTR'
d:\work\aurora\aurora\inc\sys\windows\az_windows_sem.h(72): warning C4133: 'function': incompatible types - from 'const char *' to 'LPCWSTR'
d:\work\aurora\aurora\inc\sys\windows\az_windows_sem.h(196): warning C4244: '=': conversion from 'az_uint64_t' to 'DWORD', possible loss of data
d:\work\aurora\aurora\inc\sys\windows\az_windows_event.h(173): warning C4244: '=': conversion from 'az_int64_t' to 'DWORD', possible loss of data
d:\work\aurora\aurora\inc\sys\windows\az_windows_def.h(260): warning C4244: '=': conversion from 'double' to 'long', possible loss of data
d:\work\aurora\aurora\inc\az_sys_def.h(86): warning C4091: 'typedef ': ignored on left of 'az_sys_shm_arg_t' when no variable is declared
d:\work\aurora\aurora\src\core\az_var.c(66): warning C4477: 'snprintf' : format string '%d' requires an argument of type 'int', but variadic argument 1 has type 'az_size_t'
  d:\work\aurora\aurora\src\core\az_var.c(66): note: consider using '%lld' in the format string
  d:\work\aurora\aurora\src\core\az_var.c(66): note: consider using '%Id' in the format string
  d:\work\aurora\aurora\src\core\az_var.c(66): note: consider using '%I64d' in the format string
d:\work\aurora\aurora\src\core\az_var.c(72): warning C4477: 'snprintf' : format string '%ld' requires an argument of type 'long', but variadic argument 1 has type 'az_int64_t'
  d:\work\aurora\aurora\src\core\az_var.c(72): note: consider using '%lld' in the format string
  d:\work\aurora\aurora\src\core\az_var.c(72): note: consider using '%Id' in the format string
  d:\work\aurora\aurora\src\core\az_var.c(72): note: consider using '%I64d' in the format string
d:\work\aurora\aurora\src\core\az_var.c(76): warning C4477: 'snprintf' : format string '%lu' requires an argument of type 'unsigned long', but variadic argument 1 has type 'az_uint64_t'
  d:\work\aurora\aurora\src\core\az_var.c(76): note: consider using '%llu' in the format string
  d:\work\aurora\aurora\src\core\az_var.c(76): note: consider using '%Iu' in the format string
  d:\work\aurora\aurora\src\core\az_var.c(76): note: consider using '%I64u' in the format string
d:\work\aurora\aurora\src\core\az_var.c(80): warning C4477: 'snprintf' : format string '%lx' requires an argument of type 'unsigned long', but variadic argument 1 has type 'az_uint64_t'
  d:\work\aurora\aurora\src\core\az_var.c(80): note: consider using '%llx' in the format string
  d:\work\aurora\aurora\src\core\az_var.c(80): note: consider using '%Ix' in the format string
  d:\work\aurora\aurora\src\core\az_var.c(80): note: consider using '%I64x' in the format string
d:\work\aurora\aurora\src\core\az_var.c(84): warning C4477: 'snprintf' : format string '%ld' requires an argument of type 'long', but variadic argument 1 has type 'az_size_t'
  d:\work\aurora\aurora\src\core\az_var.c(84): note: consider using '%lld' in the format string
  d:\work\aurora\aurora\src\core\az_var.c(84): note: consider using '%Id' in the format string
  d:\work\aurora\aurora\src\core\az_var.c(84): note: consider using '%I64d' in the format string
d:\work\aurora\aurora\src\core\az_var.c(85): warning C4477: 'snprintf' : format string '%lu' requires an argument of type 'unsigned long', but variadic argument 1 has type 'az_usize_t'
  d:\work\aurora\aurora\src\core\az_var.c(85): note: consider using '%llu' in the format string
  d:\work\aurora\aurora\src\core\az_var.c(85): note: consider using '%Iu' in the format string
  d:\work\aurora\aurora\src\core\az_var.c(85): note: consider using '%I64u' in the format string
d:\work\aurora\aurora\src\core\az_var.c(86): warning C4477: 'snprintf' : format string '%ld' requires an argument of type 'long', but variadic argument 1 has type 'az_pos_t'
  d:\work\aurora\aurora\src\core\az_var.c(86): note: consider using '%lld' in the format string
  d:\work\aurora\aurora\src\core\az_var.c(86): note: consider using '%Id' in the format string
  d:\work\aurora\aurora\src\core\az_var.c(86): note: consider using '%I64d' in the format string
d:\work\aurora\aurora\src\core\az_var.c(87): warning C4477: 'snprintf' : format string '%lu' requires an argument of type 'unsigned long', but variadic argument 1 has type 'az_upos_t'
  d:\work\aurora\aurora\src\core\az_var.c(87): note: consider using '%llu' in the format string
  d:\work\aurora\aurora\src\core\az_var.c(87): note: consider using '%Iu' in the format string
  d:\work\aurora\aurora\src\core\az_var.c(87): note: consider using '%I64u' in the format string
d:\work\aurora\aurora\src\core\az_var.c(98): warning C4477: 'snprintf' : format string '%ld' requires an argument of type 'long', but variadic argument 1 has type 'az_uint64_t'
  d:\work\aurora\aurora\src\core\az_var.c(98): note: consider using '%lld' in the format string
  d:\work\aurora\aurora\src\core\az_var.c(98): note: consider using '%Id' in the format string
  d:\work\aurora\aurora\src\core\az_var.c(98): note: consider using '%I64d' in the format string
  az_link_toStr.c
d:\work\aurora\aurora\inc\sys\windows\az_windows_mutex.h(65): warning C4133: 'function': incompatible types - from 'const char *' to 'LPCWSTR'
d:\work\aurora\aurora\inc\sys\windows\az_windows_sem.h(65): warning C4013: 'az_assert' undefined; assuming extern returning int
d:\work\aurora\aurora\inc\sys\windows\az_windows_sem.h(70): warning C4133: 'function': incompatible types - from 'const char *' to 'LPCWSTR'
d:\work\aurora\aurora\inc\sys\windows\az_windows_sem.h(72): warning C4133: 'function': incompatible types - from 'const char *' to 'LPCWSTR'
d:\work\aurora\aurora\inc\sys\windows\az_windows_sem.h(196): warning C4244: '=': conversion from 'az_uint64_t' to 'DWORD', possible loss of data
d:\work\aurora\aurora\inc\sys\windows\az_windows_event.h(173): warning C4244: '=': conversion from 'az_int64_t' to 'DWORD', possible loss of data
d:\work\aurora\aurora\inc\sys\windows\az_windows_def.h(260): warning C4244: '=': conversion from 'double' to 'long', possible loss of data
d:\work\aurora\aurora\inc\az_sys_def.h(86): warning C4091: 'typedef ': ignored on left of 'az_sys_shm_arg_t' when no variable is declared
d:\work\aurora\aurora\inc\az_link.h(146): warning C4133: 'function': incompatible types - from 'az_link_list_t *' to 'az_link_t *'
  az_ion_toStr.c
d:\work\aurora\aurora\inc\sys\windows\az_windows_mutex.h(65): warning C4133: 'function': incompatible types - from 'const char *' to 'LPCWSTR'
d:\work\aurora\aurora\inc\sys\windows\az_windows_sem.h(65): warning C4013: 'az_assert' undefined; assuming extern returning int
d:\work\aurora\aurora\inc\sys\windows\az_windows_sem.h(70): warning C4133: 'function': incompatible types - from 'const char *' to 'LPCWSTR'
d:\work\aurora\aurora\inc\sys\windows\az_windows_sem.h(72): warning C4133: 'function': incompatible types - from 'const char *' to 'LPCWSTR'
d:\work\aurora\aurora\inc\sys\windows\az_windows_sem.h(196): warning C4244: '=': conversion from 'az_uint64_t' to 'DWORD', possible loss of data
d:\work\aurora\aurora\inc\sys\windows\az_windows_event.h(173): warning C4244: '=': conversion from 'az_int64_t' to 'DWORD', possible loss of data
d:\work\aurora\aurora\inc\sys\windows\az_windows_def.h(260): warning C4244: '=': conversion from 'double' to 'long', possible loss of data
d:\work\aurora\aurora\inc\az_sys_def.h(86): warning C4091: 'typedef ': ignored on left of 'az_sys_shm_arg_t' when no variable is declared
d:\work\aurora\aurora\inc\az_link.h(146): warning C4133: 'function': incompatible types - from 'az_link_list_t *' to 'az_link_t *'
d:\work\aurora\aurora\inc\az_array.h(90): warning C4477: 'printf' : format string '%d' requires an argument of type 'int', but variadic argument 2 has type 'az_array_id_t'
  d:\work\aurora\aurora\inc\az_array.h(90): note: consider using '%lld' in the format string
  d:\work\aurora\aurora\inc\az_array.h(90): note: consider using '%Id' in the format string
  d:\work\aurora\aurora\inc\az_array.h(90): note: consider using '%I64d' in the format string
  az_ion.c
d:\work\aurora\aurora\inc\sys\windows\az_windows_mutex.h(65): warning C4133: 'function': incompatible types - from 'const char *' to 'LPCWSTR'
d:\work\aurora\aurora\inc\sys\windows\az_windows_sem.h(65): warning C4013: 'az_assert' undefined; assuming extern returning int
d:\work\aurora\aurora\inc\sys\windows\az_windows_sem.h(70): warning C4133: 'function': incompatible types - from 'const char *' to 'LPCWSTR'
d:\work\aurora\aurora\inc\sys\windows\az_windows_sem.h(72): warning C4133: 'function': incompatible types - from 'const char *' to 'LPCWSTR'
d:\work\aurora\aurora\inc\sys\windows\az_windows_sem.h(196): warning C4244: '=': conversion from 'az_uint64_t' to 'DWORD', possible loss of data
d:\work\aurora\aurora\inc\sys\windows\az_windows_event.h(173): warning C4244: '=': conversion from 'az_int64_t' to 'DWORD', possible loss of data
d:\work\aurora\aurora\inc\sys\windows\az_windows_def.h(260): warning C4244: '=': conversion from 'double' to 'long', possible loss of data
d:\work\aurora\aurora\inc\az_sys_def.h(86): warning C4091: 'typedef ': ignored on left of 'az_sys_shm_arg_t' when no variable is declared
d:\work\aurora\aurora\inc\az_link.h(146): warning C4133: 'function': incompatible types - from 'az_link_list_t *' to 'az_link_t *'
d:\work\aurora\aurora\inc\az_array.h(90): warning C4477: 'printf' : format string '%d' requires an argument of type 'int', but variadic argument 2 has type 'az_array_id_t'
  d:\work\aurora\aurora\inc\az_array.h(90): note: consider using '%lld' in the format string
  d:\work\aurora\aurora\inc\az_array.h(90): note: consider using '%Id' in the format string
  d:\work\aurora\aurora\inc\az_array.h(90): note: consider using '%I64d' in the format string
  az_fifo_toStr.c
d:\work\aurora\aurora\inc\sys\windows\az_windows_mutex.h(65): warning C4133: 'function': incompatible types - from 'const char *' to 'LPCWSTR'
d:\work\aurora\aurora\inc\sys\windows\az_windows_sem.h(65): warning C4013: 'az_assert' undefined; assuming extern returning int
d:\work\aurora\aurora\inc\sys\windows\az_windows_sem.h(70): warning C4133: 'function': incompatible types - from 'const char *' to 'LPCWSTR'
d:\work\aurora\aurora\inc\sys\windows\az_windows_sem.h(72): warning C4133: 'function': incompatible types - from 'const char *' to 'LPCWSTR'
d:\work\aurora\aurora\inc\sys\windows\az_windows_sem.h(196): warning C4244: '=': conversion from 'az_uint64_t' to 'DWORD', possible loss of data
d:\work\aurora\aurora\inc\sys\windows\az_windows_event.h(173): warning C4244: '=': conversion from 'az_int64_t' to 'DWORD', possible loss of data
d:\work\aurora\aurora\inc\sys\windows\az_windows_def.h(260): warning C4244: '=': conversion from 'double' to 'long', possible loss of data
d:\work\aurora\aurora\inc\az_sys_def.h(86): warning C4091: 'typedef ': ignored on left of 'az_sys_shm_arg_t' when no variable is declared
  az_core.c
d:\work\aurora\aurora\inc\sys\windows\az_windows_mutex.h(65): warning C4133: 'function': incompatible types - from 'const char *' to 'LPCWSTR'
d:\work\aurora\aurora\inc\sys\windows\az_windows_sem.h(65): warning C4013: 'az_assert' undefined; assuming extern returning int
d:\work\aurora\aurora\inc\sys\windows\az_windows_sem.h(70): warning C4133: 'function': incompatible types - from 'const char *' to 'LPCWSTR'
d:\work\aurora\aurora\inc\sys\windows\az_windows_sem.h(72): warning C4133: 'function': incompatible types - from 'const char *' to 'LPCWSTR'
d:\work\aurora\aurora\inc\sys\windows\az_windows_sem.h(196): warning C4244: '=': conversion from 'az_uint64_t' to 'DWORD', possible loss of data
d:\work\aurora\aurora\inc\sys\windows\az_windows_event.h(173): warning C4244: '=': conversion from 'az_int64_t' to 'DWORD', possible loss of data
d:\work\aurora\aurora\inc\sys\windows\az_windows_def.h(260): warning C4244: '=': conversion from 'double' to 'long', possible loss of data
d:\work\aurora\aurora\inc\az_sys_def.h(86): warning C4091: 'typedef ': ignored on left of 'az_sys_shm_arg_t' when no variable is declared
d:\work\aurora\aurora\inc\az_link.h(146): warning C4133: 'function': incompatible types - from 'az_link_list_t *' to 'az_link_t *'
d:\work\aurora\aurora\inc\az_array.h(90): warning C4477: 'printf' : format string '%d' requires an argument of type 'int', but variadic argument 2 has type 'az_array_id_t'
  d:\work\aurora\aurora\inc\az_array.h(90): note: consider using '%lld' in the format string
  d:\work\aurora\aurora\inc\az_array.h(90): note: consider using '%Id' in the format string
  d:\work\aurora\aurora\inc\az_array.h(90): note: consider using '%I64d' in the format string
d:\work\aurora\aurora\inc\sys\az_fs.h(104): warning C4090: '=': different 'const' qualifiers
d:\work\aurora\aurora\inc\sys\az_fs.h(105): warning C4013: 'strtok_r' undefined; assuming extern returning int
d:\work\aurora\aurora\inc\sys\az_fs.h(105): warning C4047: '=': 'char *' differs in levels of indirection from 'int'
d:\work\aurora\aurora\inc\sys\az_fs.h(108): warning C4047: '=': 'char *' differs in levels of indirection from 'int'
d:\work\aurora\aurora\inc\sys\az_fs.h(122): warning C4090: '=': different 'const' qualifiers
d:\work\aurora\aurora\inc\sys\az_fs.h(127): warning C4090: 'initializing': different 'const' qualifiers
d:\work\aurora\aurora\inc\sys\az_fs.h(144): warning C4090: '=': different 'const' qualifiers
d:\work\aurora\aurora\inc\sys\az_fs.h(163): warning C4090: '=': different 'const' qualifiers
d:\work\aurora\aurora\inc\sys\az_fs.h(182): warning C4090: '=': different 'const' qualifiers
d:\work\aurora\aurora\inc\az_log.h(57): warning C4477: 'sprintf' : format string '%06d' requires an argument of type 'int', but variadic argument 1 has type 'time_t'
  d:\work\aurora\aurora\inc\az_log.h(57): note: consider using '%lld' in the format string
  d:\work\aurora\aurora\inc\az_log.h(57): note: consider using '%Id' in the format string
  d:\work\aurora\aurora\inc\az_log.h(57): note: consider using '%I64d' in the format string
d:\work\aurora\aurora\inc\az_log.h(62): warning C4013: 'az_sys_localtime' undefined; assuming extern returning int
d:\work\aurora\aurora\inc\az_log.h(62): warning C4047: 'initializing': 'az_sys_datetime_t *' differs in levels of indirection from 'int'
  az_buffer_toStr.c
d:\work\aurora\aurora\inc\sys\windows\az_windows_mutex.h(65): warning C4133: 'function': incompatible types - from 'const char *' to 'LPCWSTR'
d:\work\aurora\aurora\inc\sys\windows\az_windows_sem.h(65): warning C4013: 'az_assert' undefined; assuming extern returning int
d:\work\aurora\aurora\inc\sys\windows\az_windows_sem.h(70): warning C4133: 'function': incompatible types - from 'const char *' to 'LPCWSTR'
d:\work\aurora\aurora\inc\sys\windows\az_windows_sem.h(72): warning C4133: 'function': incompatible types - from 'const char *' to 'LPCWSTR'
d:\work\aurora\aurora\inc\sys\windows\az_windows_sem.h(196): warning C4244: '=': conversion from 'az_uint64_t' to 'DWORD', possible loss of data
d:\work\aurora\aurora\inc\sys\windows\az_windows_event.h(173): warning C4244: '=': conversion from 'az_int64_t' to 'DWORD', possible loss of data
d:\work\aurora\aurora\inc\sys\windows\az_windows_def.h(260): warning C4244: '=': conversion from 'double' to 'long', possible loss of data
d:\work\aurora\aurora\inc\az_sys_def.h(86): warning C4091: 'typedef ': ignored on left of 'az_sys_shm_arg_t' when no variable is declared
  az_array_toStr.c
d:\work\aurora\aurora\inc\sys\windows\az_windows_mutex.h(65): warning C4133: 'function': incompatible types - from 'const char *' to 'LPCWSTR'
d:\work\aurora\aurora\inc\sys\windows\az_windows_sem.h(65): warning C4013: 'az_assert' undefined; assuming extern returning int
d:\work\aurora\aurora\inc\sys\windows\az_windows_sem.h(70): warning C4133: 'function': incompatible types - from 'const char *' to 'LPCWSTR'
d:\work\aurora\aurora\inc\sys\windows\az_windows_sem.h(72): warning C4133: 'function': incompatible types - from 'const char *' to 'LPCWSTR'
d:\work\aurora\aurora\inc\sys\windows\az_windows_sem.h(196): warning C4244: '=': conversion from 'az_uint64_t' to 'DWORD', possible loss of data
d:\work\aurora\aurora\inc\sys\windows\az_windows_event.h(173): warning C4244: '=': conversion from 'az_int64_t' to 'DWORD', possible loss of data
d:\work\aurora\aurora\inc\sys\windows\az_windows_def.h(260): warning C4244: '=': conversion from 'double' to 'long', possible loss of data
d:\work\aurora\aurora\inc\az_sys_def.h(86): warning C4091: 'typedef ': ignored on left of 'az_sys_shm_arg_t' when no variable is declared
d:\work\aurora\aurora\inc\az_link.h(146): warning C4133: 'function': incompatible types - from 'az_link_list_t *' to 'az_link_t *'
d:\work\aurora\aurora\inc\az_array.h(90): warning C4477: 'printf' : format string '%d' requires an argument of type 'int', but variadic argument 2 has type 'az_array_id_t'
  d:\work\aurora\aurora\inc\az_array.h(90): note: consider using '%lld' in the format string
  d:\work\aurora\aurora\inc\az_array.h(90): note: consider using '%Id' in the format string
  d:\work\aurora\aurora\inc\az_array.h(90): note: consider using '%I64d' in the format string
  Generating Code...
C:\Program Files (x86)\MSBuild\Microsoft.Cpp\v4.0\V140\Microsoft.CppBuild.targets(1357,5): warning MSB8012: TargetPath(D:\work\Aurora\windows_workspace\Aurora\x64\Debug\Aurora.lib) does not match the Library's OutputFile property value (D:\work\Aurora\aurora\lib\windows\Aurora.lib). This may cause your project to build incorrectly. To correct this, please make sure that $(OutDir), $(TargetName) and $(TargetExt) property values match the value specified in %(Lib.OutputFile).
  Aurora.vcxproj -> D:\work\Aurora\windows_workspace\Aurora\x64\Debug\Aurora.lib
