<23:22:15.647020>  [main]  [az_cli_svr.c:az_cli_svr_start:130] <0:SUCCESS> cli server: cliSvr start
<23:22:15.656214>  [cliSvr]  tcp server on (null):53000 open ok
<23:10:23.283918>  [tracesvr]  [az_thread.c:az_thread_exit:674] id:4 ref count 4
<23:10:23.338078>  [main]  [az_thread.c:az_thread_exit:674] id:6 ref count 6
ion_register_io:96] <-1018:INVALID> id:14 type:9 ion:0x60400000df68/1
<22:44:17.321868>  [tracesvr]  [az_thread.c:az_thread_exit:674] id:3 ref count 3
<22:44:17.369298>  [main]  [az_thread.c:az_thread_exit:674] id:4 ref count 4
<00:54:31.311826>  [main]  [az_frw.c:az_frw_main:242] <-1008:TIMEOUT> xu recvevent
<00:55:08.738567>  [main]  [az_frw.c:az_frw_main:242] <-1008:TIMEOUT> xu recvevent
<00:55:46.038850>  [main]  [az_frw.c:az_frw_main:242] <-1008:TIMEOUT> xu recvevent
<00:56:23.315968>  [main]  [az_frw.c:az_frw_main:242] <-1008:TIMEOUT> xu recvevent
<00:57:00.577919>  [main]  [az_frw.c:az_frw_main:242] <-1008:TIMEOUT> xu recvevent
<00:57:37.800838>  [main]  [az_frw.c:az_frw_main:242] <-1008:TIMEOUT> xu recvevent
<00:58:15.035630>  [main]  [az_frw.c:az_frw_main:242] <-1008:TIMEOUT> xu recvevent
<00:58:52.249024>  [main]  [az_frw.c:az_frw_main:242] <-1008:TIMEOUT> xu recvevent
<00:59:29.522290>  [main]  [az_frw.c:az_frw_main:242] <-1008:TIMEOUT> xu recvevent
<01:00:06.727082>  [main]  [az_frw.c:az_frw_main:242] <-1008:TIMEOUT> xu recvevent
<01:00:43.958765>  [main]  [az_frw.c:az_frw_main:242] <-1008:TIMEOUT> xu recvevent
<01:01:21.234587>  [main]  [az_frw.c:az_frw_main:242] <-1008:TIMEOUT> xu recvevent
<01:01:58.441671>  [main]  [az_frw.c:az_frw_main:242] <-1008:TIMEOUT> xu recvevent
  send free rpt 2
<12:18:02.942434>  [tcRunner]  iter1: timeout 0 tdiff=1000207572
<12:18:02.942801>  [tcRunner]  [az_thread.c:az_thread_exit:674] id:19 ref count 19
<12:18:02.942825>  [main]  test case::az_tc_timer_start stopped
<12:18:02.943272>  [main]  test case::eventTest onoff=0 found on test project::unitTest
<12:18:02.943347>  [main]  test case::msgqTest onoff=0 found on test project::unitTest
<12:18:02.943377>  [main]  test case::ringTest onoff=0 found on test project::unitTest
<12:18:02.943399>  [main]  test case::az_pt_pthread_mutex onoff=0 found on test project::unitTest
<12:18:02.943421>  [main]  test case::az_pt_sys_lw_lock onoff=0 found on test project::unitTest
<12:18:02.943441>  [main]  test case::az_pt_az_log_printf onoff=0 found on test project::unitTest
<12:18:02.951241>  [traceDefault]  send malloc rpt 3
<12:18:02.951365>  [traceDefault]  send free rpt 44
