  stdafx.cpp
  az_test_xu.c
d:\work\aurora\aurora\inc\sys\windows\az_windows_mutex.h(65): warning C4133: 'function': incompatible types - from 'const char *' to 'LPCWSTR'
d:\work\aurora\aurora\inc\sys\windows\az_windows_sem.h(65): warning C4013: 'az_assert' undefined; assuming extern returning int
d:\work\aurora\aurora\inc\sys\windows\az_windows_sem.h(70): warning C4133: 'function': incompatible types - from 'const char *' to 'LPCWSTR'
d:\work\aurora\aurora\inc\sys\windows\az_windows_sem.h(72): warning C4133: 'function': incompatible types - from 'const char *' to 'LPCWSTR'
d:\work\aurora\aurora\inc\sys\windows\az_windows_sem.h(196): warning C4244: '=': conversion from 'az_uint64_t' to 'DWORD', possible loss of data
d:\work\aurora\aurora\inc\sys\windows\az_windows_event.h(173): warning C4244: '=': conversion from 'az_int64_t' to 'DWORD', possible loss of data
d:\work\aurora\aurora\inc\sys\windows\az_windows_def.h(260): warning C4244: '=': conversion from 'double' to 'long', possible loss of data
d:\work\aurora\aurora\inc\az_sys_def.h(86): warning C4091: 'typedef ': ignored on left of 'az_sys_shm_arg_t' when no variable is declared
d:\work\aurora\aurora\inc\az_link.h(146): warning C4133: 'function': incompatible types - from 'az_link_list_t *' to 'az_link_t *'
d:\work\aurora\aurora\inc\az_array.h(90): warning C4477: 'printf' : format string '%d' requires an argument of type 'int', but variadic argument 2 has type 'az_array_id_t'
  d:\work\aurora\aurora\inc\az_array.h(90): note: consider using '%lld' in the format string
  d:\work\aurora\aurora\inc\az_array.h(90): note: consider using '%Id' in the format string
  d:\work\aurora\aurora\inc\az_array.h(90): note: consider using '%I64d' in the format string
d:\work\aurora\aurora\inc\sys\az_fs.h(104): warning C4090: '=': different 'const' qualifiers
d:\work\aurora\aurora\inc\sys\az_fs.h(105): warning C4013: 'strtok_r' undefined; assuming extern returning int
d:\work\aurora\aurora\inc\sys\az_fs.h(105): warning C4047: '=': 'char *' differs in levels of indirection from 'int'
d:\work\aurora\aurora\inc\sys\az_fs.h(108): warning C4047: '=': 'char *' differs in levels of indirection from 'int'
d:\work\aurora\aurora\inc\sys\az_fs.h(122): warning C4090: '=': different 'const' qualifiers
d:\work\aurora\aurora\inc\sys\az_fs.h(127): warning C4090: 'initializing': different 'const' qualifiers
d:\work\aurora\aurora\inc\sys\az_fs.h(144): warning C4090: '=': different 'const' qualifiers
d:\work\aurora\aurora\inc\sys\az_fs.h(163): warning C4090: '=': different 'const' qualifiers
d:\work\aurora\aurora\inc\sys\az_fs.h(182): warning C4090: '=': different 'const' qualifiers
d:\work\aurora\aurora\inc\az_log.h(57): warning C4477: 'sprintf' : format string '%06d' requires an argument of type 'int', but variadic argument 1 has type 'time_t'
  d:\work\aurora\aurora\inc\az_log.h(57): note: consider using '%lld' in the format string
  d:\work\aurora\aurora\inc\az_log.h(57): note: consider using '%Id' in the format string
  d:\work\aurora\aurora\inc\az_log.h(57): note: consider using '%I64d' in the format string
d:\work\aurora\aurora\inc\az_log.h(62): warning C4013: 'az_sys_localtime' undefined; assuming extern returning int
d:\work\aurora\aurora\inc\az_log.h(62): warning C4047: 'initializing': 'az_sys_datetime_t *' differs in levels of indirection from 'int'
  az_test_main.c
d:\work\aurora\aurora\inc\sys\windows\az_windows_mutex.h(65): warning C4133: 'function': incompatible types - from 'const char *' to 'LPCWSTR'
d:\work\aurora\aurora\inc\sys\windows\az_windows_sem.h(65): warning C4013: 'az_assert' undefined; assuming extern returning int
d:\work\aurora\aurora\inc\sys\windows\az_windows_sem.h(70): warning C4133: 'function': incompatible types - from 'const char *' to 'LPCWSTR'
d:\work\aurora\aurora\inc\sys\windows\az_windows_sem.h(72): warning C4133: 'function': incompatible types - from 'const char *' to 'LPCWSTR'
d:\work\aurora\aurora\inc\sys\windows\az_windows_sem.h(196): warning C4244: '=': conversion from 'az_uint64_t' to 'DWORD', possible loss of data
d:\work\aurora\aurora\inc\sys\windows\az_windows_event.h(173): warning C4244: '=': conversion from 'az_int64_t' to 'DWORD', possible loss of data
d:\work\aurora\aurora\inc\sys\windows\az_windows_def.h(260): warning C4244: '=': conversion from 'double' to 'long', possible loss of data
d:\work\aurora\aurora\inc\az_sys_def.h(86): warning C4091: 'typedef ': ignored on left of 'az_sys_shm_arg_t' when no variable is declared
d:\work\aurora\aurora\inc\az_link.h(146): warning C4133: 'function': incompatible types - from 'az_link_list_t *' to 'az_link_t *'
d:\work\aurora\aurora\inc\az_array.h(90): warning C4477: 'printf' : format string '%d' requires an argument of type 'int', but variadic argument 2 has type 'az_array_id_t'
  d:\work\aurora\aurora\inc\az_array.h(90): note: consider using '%lld' in the format string
  d:\work\aurora\aurora\inc\az_array.h(90): note: consider using '%Id' in the format string
  d:\work\aurora\aurora\inc\az_array.h(90): note: consider using '%I64d' in the format string
d:\work\aurora\aurora\inc\sys\az_fs.h(104): warning C4090: '=': different 'const' qualifiers
d:\work\aurora\aurora\inc\sys\az_fs.h(105): warning C4013: 'strtok_r' undefined; assuming extern returning int
d:\work\aurora\aurora\inc\sys\az_fs.h(105): warning C4047: '=': 'char *' differs in levels of indirection from 'int'
d:\work\aurora\aurora\inc\sys\az_fs.h(108): warning C4047: '=': 'char *' differs in levels of indirection from 'int'
d:\work\aurora\aurora\inc\sys\az_fs.h(122): warning C4090: '=': different 'const' qualifiers
d:\work\aurora\aurora\inc\sys\az_fs.h(127): warning C4090: 'initializing': different 'const' qualifiers
d:\work\aurora\aurora\inc\sys\az_fs.h(144): warning C4090: '=': different 'const' qualifiers
d:\work\aurora\aurora\inc\sys\az_fs.h(163): warning C4090: '=': different 'const' qualifiers
d:\work\aurora\aurora\inc\sys\az_fs.h(182): warning C4090: '=': different 'const' qualifiers
d:\work\aurora\aurora\inc\az_log.h(57): warning C4477: 'sprintf' : format string '%06d' requires an argument of type 'int', but variadic argument 1 has type 'time_t'
  d:\work\aurora\aurora\inc\az_log.h(57): note: consider using '%lld' in the format string
  d:\work\aurora\aurora\inc\az_log.h(57): note: consider using '%Id' in the format string
  d:\work\aurora\aurora\inc\az_log.h(57): note: consider using '%I64d' in the format string
d:\work\aurora\aurora\inc\az_log.h(62): warning C4013: 'az_sys_localtime' undefined; assuming extern returning int
d:\work\aurora\aurora\inc\az_log.h(62): warning C4047: 'initializing': 'az_sys_datetime_t *' differs in levels of indirection from 'int'
d:\work\aurora\aurora\src\test\az_test_main.c(66): warning C4307: '*': integral constant overflow
d:\work\aurora\aurora\src\test\az_test_main.c(57): warning C4101: 'name': unreferenced local variable
d:\work\aurora\aurora\src\test\az_test_main.c(56): warning C4101: 'r': unreferenced local variable
  Generating Code...
d:\work\aurora\aurora\src\test\az_test_xu.c(95): warning C4716: 'az_xu_entry3': must return a value
  Aurora_IT.cpp
C:\Program Files (x86)\MSBuild\Microsoft.Cpp\v4.0\V140\Microsoft.CppBuild.targets(1189,5): warning MSB8012: TargetPath(D:\work\Aurora\windows_workspace\Aurora\x64\Debug\Aurora_IT.exe) does not match the Linker's OutputFile property value (D:\work\Aurora\aurora\build\windows\Aurora_IT.exe). This may cause your project to build incorrectly. To correct this, please make sure that $(OutDir), $(TargetName) and $(TargetExt) property values match the value specified in %(Link.OutputFile).
  Aurora_IT.vcxproj -> D:\work\Aurora\windows_workspace\Aurora\x64\Debug\Aurora_IT.exe
  Aurora_IT.vcxproj -> D:\work\Aurora\windows_workspace\Aurora\x64\Debug\Aurora_IT.pdb (Full PDB)
