d:\work\aurora\build\windows\vs_ws\aurora\x64\debug\aurora.pdb
d:\work\aurora\build\windows\vs_ws\aurora\x64\debug\aurora.idb
d:\work\aurora\build\windows\vs_ws\aurora\x64\debug\az_log.obj
d:\work\aurora\build\windows\vs_ws\aurora\x64\debug\az_msgq.obj
d:\work\aurora\build\windows\vs_ws\aurora\x64\debug\az_var.obj
d:\work\aurora\build\windows\vs_ws\aurora\x64\debug\az_xml.obj
d:\work\aurora\build\windows\vs_ws\aurora\x64\debug\az_diag_typesize.obj
d:\work\aurora\build\windows\vs_ws\aurora\x64\debug\az_iou_api.obj
d:\work\aurora\build\windows\vs_ws\aurora\x64\debug\az_iou_msgq.obj
d:\work\aurora\build\windows\vs_ws\aurora\x64\debug\az_iou_util.obj
d:\work\aurora\build\windows\vs_ws\aurora\x64\debug\az_tcpserver.obj
d:\work\aurora\build\windows\vs_ws\aurora\x64\debug\az_inet.obj
d:\work\aurora\build\windows\vs_ws\aurora\x64\debug\az_mutex.obj
d:\work\aurora\build\windows\vs_ws\aurora\x64\debug\az_sem.obj
d:\work\aurora\build\windows\vs_ws\aurora\x64\debug\az_timer.obj
d:\work\aurora\build\windows\vs_ws\aurora\x64\debug\az_xu.obj
d:\work\aurora\build\windows\vs_ws\aurora\x64\debug\az_sys_init.obj
d:\work\aurora\build\windows\vs_ws\aurora\x64\debug\az_sys_timer.obj
d:\work\aurora\build\windows\vs_ws\aurora\x64\debug\az_sys_xu.obj
d:\work\aurora\build\windows\vs_ws\aurora\x64\debug\az_test_main.obj
d:\work\aurora\build\windows\vs_ws\aurora\x64\debug\az_test_xu.obj
d:\work\aurora\build\windows\vs_ws\aurora\x64\debug\az_cli.obj
d:\work\aurora\build\windows\vs_ws\aurora\x64\debug\az_cli_cmd.obj
d:\work\aurora\build\windows\vs_ws\aurora\x64\debug\az_cli_glue.obj
d:\work\aurora\build\windows\vs_ws\aurora\x64\debug\az_cli_svr.obj
d:\work\aurora\build\windows\vs_ws\aurora\x64\debug\az_array_tostr.obj
d:\work\aurora\build\windows\vs_ws\aurora\x64\debug\az_buffer_tostr.obj
d:\work\aurora\build\windows\vs_ws\aurora\x64\debug\az_core.obj
d:\work\aurora\build\windows\vs_ws\aurora\x64\debug\az_event.obj
d:\work\aurora\build\windows\vs_ws\aurora\x64\debug\az_event_bus.obj
d:\work\aurora\build\windows\vs_ws\aurora\x64\debug\az_fifo_tostr.obj
d:\work\aurora\build\windows\vs_ws\aurora\x64\debug\az_ion.obj
d:\work\aurora\build\windows\vs_ws\aurora\x64\debug\az_ion_tostr.obj
d:\work\aurora\build\windows\vs_ws\aurora\x64\debug\az_link_tostr.obj
d:\work\aurora\build\windows\vs_ws\aurora\x64\debug\aurora.tlog\cl.command.1.tlog
d:\work\aurora\build\windows\vs_ws\aurora\x64\debug\aurora.tlog\cl.read.1.tlog
d:\work\aurora\build\windows\vs_ws\aurora\x64\debug\aurora.tlog\cl.write.1.tlog
